11:17:13.896 [main                     ] DEBUG Logger               - Configured Logger
11:17:13.915 [main                     ] DEBUG GameApplication      - Logging settings
Title: Mi Primer Juego FXGL
Version: 0.1
Width: 1200
Height: 700
Fullscreen: false
Intro: false
Profiling: false
Single step:false
App Mode: DEVELOPER
Menu Key: ESCAPE
Stage Style: DECORATED
Scene Factory: class com.almasb.fxgl.app.scene.SceneFactory

11:17:14.197 [JavaFX Application Thread] DEBUG FXGLApplication      - Initializing FXGL
11:17:14.200 [JavaFX Application Thread] INFO  Engine               - FXGL-17.3 (30.03.2023 11.49) on WINDOWS (J:21.0.5 FX:21)
11:17:14.201 [JavaFX Application Thread] DEBUG Engine               - JRE Vendor Name: Oracle Corporation
11:17:14.201 [JavaFX Application Thread] DEBUG Engine               - Running on OS: Windows 11 version 10.0
11:17:14.201 [JavaFX Application Thread] DEBUG Engine               - Architecture: amd64
11:17:14.201 [JavaFX Application Thread] INFO  Engine               - Source code and latest versions at: https://github.com/AlmasB/FXGL
11:17:14.201 [JavaFX Application Thread] INFO  Engine               -       Ask questions and discuss at: https://github.com/AlmasB/FXGL/discussions
11:17:14.201 [JavaFX Application Thread] INFO  Engine               -              Join the FXGL chat at: https://gitter.im/AlmasB/FXGL
11:17:14.255 [JavaFX Application Thread] DEBUG PrimaryStageWindow   - Creating a JavaFX scene
11:17:14.286 [JavaFX Application Thread] DEBUG PrimaryStageWindow   - Target settings size: 1200.0 x 700.0
11:17:14.287 [JavaFX Application Thread] DEBUG PrimaryStageWindow   - Scaled scene size:    1200.0 x 700.0
11:17:14.287 [JavaFX Application Thread] DEBUG PrimaryStageWindow   - Scaled ratio: (1.0, 1.0)
11:17:14.288 [JavaFX Application Thread] DEBUG PrimaryStageWindow   - Set initial scene to FXGLStartupScene
11:17:14.290 [JavaFX Application Thread] DEBUG PrimaryStageWindow   - Opening main window
11:17:14.340 [JavaFX Application Thread] DEBUG PrimaryStageWindow   - Window border size: (14.4000244140625, 37.5999755859375)
11:17:14.341 [JavaFX Application Thread] DEBUG PrimaryStageWindow   - Scaled size: 1200.0 x 700.0
11:17:14.341 [JavaFX Application Thread] DEBUG PrimaryStageWindow   - Scaled ratio: (1.0, 1.0)
11:17:14.341 [JavaFX Application Thread] DEBUG PrimaryStageWindow   - Scene size: 1200.0 x 700.0
11:17:14.341 [JavaFX Application Thread] DEBUG PrimaryStageWindow   - Stage size: 1214.4000244140625 x 737.5999755859375
11:17:14.346 [FXGL Background Thread 1 ] DEBUG Engine               - Initializing environment variables
11:17:14.380 [FXGL Background Thread 1 ] DEBUG FXGLAssetLoaderServi - User app class for loading assets: class com.restaurant.simulator.app.HelloApplication
11:17:14.382 [FXGL Background Thread 1 ] DEBUG GameApplicationServi - Applying CSS: fxgl_dark.css
11:17:14.382 [FXGL Background Thread 1 ] DEBUG FXGLAssetLoaderServi - Loading from file system: jar:file:///C:/Users/Michel/.m2/repository/com/github/almasb/fxgl/17.3/fxgl-17.3.jar!/fxglassets/ui/css/fxgl_dark.css
11:17:14.418 [FXGL Background Thread 1 ] DEBUG GameApplicationServi - Initializing application scenes
11:17:14.455 [FXGL Background Thread 1 ] DEBUG GameWorld            - Game world initialized
11:17:14.505 [FXGL Background Thread 1 ] DEBUG PhysicsWorld         - Physics world initialized: appHeight=700, physics.ppm=50.0
11:17:14.505 [FXGL Background Thread 1 ] DEBUG PhysicsWorld         - Using strategy: BRUTE_FORCE
11:17:14.509 [FXGL Background Thread 1 ] DEBUG GameScene            - Game scene initialized: 1200x700
11:17:14.515 [FXGL Background Thread 1 ] DEBUG FXGL.DefaultMenu     - createMenuBodyGameMenu()
11:17:14.522 [FXGL Background Thread 1 ] DEBUG FXGL.DefaultMenu     - createOptionsMenu()
11:17:14.529 [FXGL Background Thread 1 ] DEBUG FXGLAssetLoaderServi - Loading from file system: jar:file:///C:/Users/Michel/.m2/repository/com/github/almasb/fxgl/17.3/fxgl-17.3.jar!/fxglassets/textures/particles/smoke.png
11:17:14.596 [FXGL Background Thread 1 ] DEBUG FXGLAssetLoaderServi - Loading from file system: jar:file:///C:/Users/Michel/.m2/repository/com/github/almasb/fxgl/17.3/fxgl-17.3.jar!/fxglassets/textures/particles/trace_horizontal.png
11:17:14.614 [FXGL Background Thread 1 ] DEBUG GameApplicationServi - Application scenes initialized
11:17:14.625 [FXGL Background Thread 1 ] DEBUG SystemBundleService  - Loading FXGL system data
11:17:14.628 [FXGL Background Thread 1 ] DEBUG FileSystemAccess     - Reading from: C:\Users\Michel\IdeaProjects\restaurant\system\fxgl.bundle
11:17:14.633 [FXGL Background Thread 1 ] DEBUG SystemBundleService  - Bundle FXGL: {}
11:17:14.634 [FXGL Background Thread 1 ] DEBUG UpdaterService       - Checking for updates
11:17:14.637 [FXGL Background Thread 4 ] DEBUG FXGLApplication      - Loading fonts
11:17:14.637 [FXGL Background Thread 1 ] DEBUG FXGLApplication      - Loading default localization
11:17:14.638 [FXGL Background Thread 4 ] DEBUG FXGLAssetLoaderServi - Loading from file system: jar:file:///C:/Users/Michel/.m2/repository/com/github/almasb/fxgl/17.3/fxgl-17.3.jar!/fxglassets/ui/fonts/VarelaRound-Regular.ttf
11:17:14.638 [FXGL Background Thread 1 ] DEBUG FXGLAssetLoaderServi - Loading from file system: jar:file:///C:/Users/Michel/.m2/repository/com/github/almasb/fxgl/17.3/fxgl-17.3.jar!/fxglassets/languages/english.lang
11:17:14.665 [FXGL Background Thread 4 ] DEBUG FXGLAssetLoaderServi - Loading from file system: jar:file:///C:/Users/Michel/.m2/repository/com/github/almasb/fxgl/17.3/fxgl-17.3.jar!/fxglassets/ui/fonts/Abel-Regular.ttf
11:17:14.668 [FXGL Background Thread 4 ] DEBUG FXGLAssetLoaderServi - Loading from file system: jar:file:///C:/Users/Michel/.m2/repository/com/github/almasb/fxgl/17.3/fxgl-17.3.jar!/fxglassets/ui/fonts/TerminalLandMono-Regular.otf
11:17:14.668 [FXGL Background Thread 1 ] INFO  FXGLApplication      - FXGL initialization took: 0.322 sec
11:17:14.669 [JavaFX Application Thread] DEBUG FXGLAssetLoaderServi - Loading from file system: jar:file:///C:/Users/Michel/.m2/repository/com/github/almasb/fxgl/17.3/fxgl-17.3.jar!/fxglassets/textures/fxgl_icon.png
11:17:14.671 [FXGL Background Thread 4 ] DEBUG FXGLAssetLoaderServi - Loading from file system: jar:file:///C:/Users/Michel/.m2/repository/com/github/almasb/fxgl/17.3/fxgl-17.3.jar!/fxglassets/ui/fonts/Courier-Prime.ttf
11:17:14.681 [JavaFX Application Thread] DEBUG FXGLAssetLoaderServi - Loading from file system: jar:file:///C:/Users/Michel/.m2/repository/com/github/almasb/fxgl/17.3/fxgl-17.3.jar!/fxglassets/textures/fxgl_default_cursor.png
11:17:14.690 [JavaFX Application Thread] DEBUG Input                - Registered new binding: Screenshot - CTRL+8
11:17:14.690 [JavaFX Application Thread] DEBUG Input                - Registered new binding: System info dump - CTRL+9
11:17:14.691 [JavaFX Application Thread] DEBUG Input                - Registered new binding: Restart - CTRL+R
11:17:14.691 [JavaFX Application Thread] DEBUG Input                - Registered new binding: Toggle Debug Camera - CTRL+7
11:17:14.695 [JavaFX Application Thread] DEBUG LoopRunner           - Starting loop
11:17:14.695 [JavaFX Application Thread] DEBUG LoopRunner           - Initializing JavaFX AnimationTimerLoop
11:17:14.698 [JavaFX Application Thread] DEBUG GameApplicationServi - Starting new game
11:17:14.698 [JavaFX Application Thread] DEBUG Input                - Clearing active input actions
11:17:14.708 [JavaFX Application Thread] DEBUG GameApplicationServi - Removing overlay from FXGLStartupScene and adding to FXGLLoadingScene
11:17:14.709 [JavaFX Application Thread] DEBUG PrimaryStageWindow   - FXGLStartupScene -> FXGLLoadingScene
11:17:14.709 [JavaFX Application Thread] DEBUG GameApplicationServi - Clearing previous game
11:17:14.709 [JavaFX Application Thread] DEBUG GameScene            - Clearing game scene
11:17:14.709 [JavaFX Application Thread] DEBUG GameWorld            - Clearing game world
11:17:14.709 [JavaFX Application Thread] DEBUG PhysicsWorld         - Clearing physics world
11:17:14.711 [FXGL Background Thread 4 ] DEBUG FXGLApplication      - Initializing game
11:17:14.711 [JavaFX Application Thread] DEBUG FXGLApplication      - Registering font factories with UI factory
11:17:14.734 [FXGL Background Thread 4 ] INFO  FXGLApplication      - Game initialization took: 0.023 sec
11:17:14.756 [JavaFX Application Thread] DEBUG Input                - Clearing active input actions
11:17:14.760 [JavaFX Application Thread] DEBUG GameApplicationServi - Removing overlay from FXGLLoadingScene and adding to GameScene
11:17:14.760 [JavaFX Application Thread] DEBUG PrimaryStageWindow   - FXGLLoadingScene -> GameScene
11:17:15.053 [FXGL Background Thread 2 ] INFO  UpdaterService       - Your current version:  17.3
11:17:15.053 [FXGL Background Thread 2 ] INFO  UpdaterService       - Latest stable version: 21.1
11:17:16.703 [JavaFX Application Thread] DEBUG FXGLApplication      - Exiting FXGL
11:17:16.703 [JavaFX Application Thread] DEBUG LoopRunner           - Stopping loop
11:17:16.703 [JavaFX Application Thread] DEBUG SystemBundleService  - Saving FXGL system data
11:17:16.705 [JavaFX Application Thread] DEBUG FileSystemAccess     - Writing to: C:\Users\Michel\IdeaProjects\restaurant\system\fxgl.bundle
11:17:16.707 [JavaFX Application Thread] DEBUG Async                - Shutting down background threads
11:17:16.707 [JavaFX Application Thread] DEBUG PrimaryStageWindow   - Closing main window
11:17:16.719 [JavaFX Application Thread] DEBUG Logger               - Closing Logger
