00:50:00.618 [main                     ] DEBUG Logger               - Configured Logger
00:50:00.643 [main                     ] DEBUG GameApplication      - Logging settings
Title: Restaurant Simulation
Version: 1.0
Width: 800
Height: 600
Fullscreen: false
Intro: false
Profiling: false
Single step:false
App Mode: DEVELOPER
Menu Key: ESCAPE
Stage Style: DECORATED
Scene Factory: class com.almasb.fxgl.app.scene.SceneFactory

00:50:01.069 [JavaFX Application Thread] DEBUG FXGLApplication      - Initializing FXGL
00:50:01.073 [JavaFX Application Thread] INFO  Engine               - FXGL-17.3 (30.03.2023 11.49) on WINDOWS (J:21.0.5 FX:21)
00:50:01.073 [JavaFX Application Thread] DEBUG Engine               - JRE Vendor Name: Oracle Corporation
00:50:01.073 [JavaFX Application Thread] DEBUG Engine               - Running on OS: Windows 11 version 10.0
00:50:01.073 [JavaFX Application Thread] DEBUG Engine               - Architecture: amd64
00:50:01.073 [JavaFX Application Thread] INFO  Engine               - Source code and latest versions at: https://github.com/AlmasB/FXGL
00:50:01.073 [JavaFX Application Thread] INFO  Engine               -       Ask questions and discuss at: https://github.com/AlmasB/FXGL/discussions
00:50:01.074 [JavaFX Application Thread] INFO  Engine               -              Join the FXGL chat at: https://gitter.im/AlmasB/FXGL
00:50:01.173 [JavaFX Application Thread] DEBUG PrimaryStageWindow   - Creating a JavaFX scene
00:50:01.214 [JavaFX Application Thread] DEBUG PrimaryStageWindow   - Target settings size: 800.0 x 600.0
00:50:01.214 [JavaFX Application Thread] DEBUG PrimaryStageWindow   - Scaled scene size:    800.0 x 600.0
00:50:01.214 [JavaFX Application Thread] DEBUG PrimaryStageWindow   - Scaled ratio: (1.0, 1.0)
00:50:01.216 [JavaFX Application Thread] DEBUG PrimaryStageWindow   - Set initial scene to FXGLStartupScene
00:50:01.219 [JavaFX Application Thread] DEBUG PrimaryStageWindow   - Opening main window
00:50:01.302 [JavaFX Application Thread] DEBUG PrimaryStageWindow   - Window border size: (14.4000244140625, 37.5999755859375)
00:50:01.303 [JavaFX Application Thread] DEBUG PrimaryStageWindow   - Scaled size: 800.0 x 600.0
00:50:01.303 [JavaFX Application Thread] DEBUG PrimaryStageWindow   - Scaled ratio: (1.0, 1.0)
00:50:01.303 [JavaFX Application Thread] DEBUG PrimaryStageWindow   - Scene size: 800.0 x 600.0
00:50:01.303 [JavaFX Application Thread] DEBUG PrimaryStageWindow   - Stage size: 814.4000244140625 x 637.5999755859375
00:50:01.309 [FXGL Background Thread 1 ] DEBUG Engine               - Initializing environment variables
00:50:01.353 [FXGL Background Thread 1 ] DEBUG FXGLAssetLoaderServi - User app class for loading assets: class com.restaurant.simulator.app.MainApp
00:50:01.353 [FXGL Background Thread 1 ] DEBUG GameApplicationServi - Applying CSS: fxgl_dark.css
00:50:01.354 [FXGL Background Thread 1 ] DEBUG FXGLAssetLoaderServi - Loading from file system: jar:file:/C:/Users/Michel/.m2/repository/com/github/almasb/fxgl/17.3/fxgl-17.3.jar!/fxglassets/ui/css/fxgl_dark.css
00:50:01.388 [FXGL Background Thread 1 ] DEBUG GameApplicationServi - Initializing application scenes
00:50:01.442 [FXGL Background Thread 1 ] DEBUG GameWorld            - Game world initialized
00:50:01.506 [FXGL Background Thread 1 ] DEBUG PhysicsWorld         - Physics world initialized: appHeight=600, physics.ppm=50.0
00:50:01.506 [FXGL Background Thread 1 ] DEBUG PhysicsWorld         - Using strategy: BRUTE_FORCE
00:50:01.510 [FXGL Background Thread 1 ] DEBUG GameScene            - Game scene initialized: 800x600
00:50:01.523 [FXGL Background Thread 1 ] DEBUG FXGL.DefaultMenu     - createMenuBodyGameMenu()
00:50:01.536 [FXGL Background Thread 1 ] DEBUG FXGL.DefaultMenu     - createOptionsMenu()
00:50:01.546 [FXGL Background Thread 1 ] DEBUG FXGLAssetLoaderServi - Loading from file system: jar:file:/C:/Users/Michel/.m2/repository/com/github/almasb/fxgl/17.3/fxgl-17.3.jar!/fxglassets/textures/particles/smoke.png
00:50:01.661 [FXGL Background Thread 1 ] DEBUG FXGLAssetLoaderServi - Loading from file system: jar:file:/C:/Users/Michel/.m2/repository/com/github/almasb/fxgl/17.3/fxgl-17.3.jar!/fxglassets/textures/particles/trace_horizontal.png
00:50:01.690 [FXGL Background Thread 1 ] DEBUG GameApplicationServi - Application scenes initialized
00:50:01.705 [FXGL Background Thread 1 ] DEBUG SystemBundleService  - Loading FXGL system data
00:50:01.708 [FXGL Background Thread 1 ] DEBUG FileSystemAccess     - Reading from: C:\Users\Michel\Documents\GitHub\restaurant\system\fxgl.bundle
00:50:01.717 [FXGL Background Thread 1 ] DEBUG SystemBundleService  - Bundle FXGL: {}
00:50:01.717 [FXGL Background Thread 1 ] DEBUG UpdaterService       - Checking for updates
00:50:01.721 [FXGL Background Thread 4 ] DEBUG FXGLApplication      - Loading fonts
00:50:01.722 [FXGL Background Thread 4 ] DEBUG FXGLAssetLoaderServi - Loading from file system: jar:file:/C:/Users/Michel/.m2/repository/com/github/almasb/fxgl/17.3/fxgl-17.3.jar!/fxglassets/ui/fonts/VarelaRound-Regular.ttf
00:50:01.722 [FXGL Background Thread 1 ] DEBUG FXGLApplication      - Loading default localization
00:50:01.723 [FXGL Background Thread 1 ] DEBUG FXGLAssetLoaderServi - Loading from file system: jar:file:/C:/Users/Michel/.m2/repository/com/github/almasb/fxgl/17.3/fxgl-17.3.jar!/fxglassets/languages/english.lang
00:50:01.761 [FXGL Background Thread 4 ] DEBUG FXGLAssetLoaderServi - Loading from file system: jar:file:/C:/Users/Michel/.m2/repository/com/github/almasb/fxgl/17.3/fxgl-17.3.jar!/fxglassets/ui/fonts/Abel-Regular.ttf
00:50:01.766 [FXGL Background Thread 4 ] DEBUG FXGLAssetLoaderServi - Loading from file system: jar:file:/C:/Users/Michel/.m2/repository/com/github/almasb/fxgl/17.3/fxgl-17.3.jar!/fxglassets/ui/fonts/TerminalLandMono-Regular.otf
00:50:01.769 [FXGL Background Thread 4 ] DEBUG FXGLAssetLoaderServi - Loading from file system: jar:file:/C:/Users/Michel/.m2/repository/com/github/almasb/fxgl/17.3/fxgl-17.3.jar!/fxglassets/ui/fonts/Courier-Prime.ttf
00:50:01.770 [FXGL Background Thread 1 ] INFO  FXGLApplication      - FXGL initialization took: 0.461 sec
00:50:01.771 [JavaFX Application Thread] DEBUG FXGLAssetLoaderServi - Loading from file system: jar:file:/C:/Users/Michel/.m2/repository/com/github/almasb/fxgl/17.3/fxgl-17.3.jar!/fxglassets/textures/fxgl_icon.png
00:50:01.790 [JavaFX Application Thread] DEBUG FXGLAssetLoaderServi - Loading from file system: jar:file:/C:/Users/Michel/.m2/repository/com/github/almasb/fxgl/17.3/fxgl-17.3.jar!/fxglassets/textures/fxgl_default_cursor.png
00:50:01.813 [JavaFX Application Thread] DEBUG Input                - Registered new binding: Screenshot - CTRL+8
00:50:01.815 [JavaFX Application Thread] DEBUG Input                - Registered new binding: System info dump - CTRL+9
00:50:01.816 [JavaFX Application Thread] DEBUG Input                - Registered new binding: Restart - CTRL+R
00:50:01.817 [JavaFX Application Thread] DEBUG Input                - Registered new binding: Toggle Debug Camera - CTRL+7
00:50:01.822 [JavaFX Application Thread] DEBUG LoopRunner           - Starting loop
00:50:01.822 [JavaFX Application Thread] DEBUG LoopRunner           - Initializing JavaFX AnimationTimerLoop
00:50:01.825 [JavaFX Application Thread] DEBUG GameApplicationServi - Starting new game
00:50:01.825 [JavaFX Application Thread] DEBUG Input                - Clearing active input actions
00:50:01.841 [JavaFX Application Thread] DEBUG GameApplicationServi - Removing overlay from FXGLStartupScene and adding to FXGLLoadingScene
00:50:01.841 [JavaFX Application Thread] DEBUG PrimaryStageWindow   - FXGLStartupScene -> FXGLLoadingScene
00:50:01.841 [JavaFX Application Thread] DEBUG GameApplicationServi - Clearing previous game
00:50:01.841 [JavaFX Application Thread] DEBUG GameScene            - Clearing game scene
00:50:01.841 [JavaFX Application Thread] DEBUG GameWorld            - Clearing game world
00:50:01.841 [JavaFX Application Thread] DEBUG PhysicsWorld         - Clearing physics world
00:50:01.844 [FXGL Background Thread 4 ] DEBUG FXGLApplication      - Initializing game
00:50:01.844 [JavaFX Application Thread] DEBUG FXGLApplication      - Registering font factories with UI factory
00:50:01.847 [FXGL Background Thread 4 ] DEBUG FXGLAssetLoaderServi - Loading from file system: file:/C:/Users/Michel/Documents/GitHub/restaurant/target/classes/assets/textures/fondo.png
00:50:01.861 [FXGL Background Thread 4 ] DEBUG FXGLAssetLoaderServi - Loading from file system: file:/C:/Users/Michel/Documents/GitHub/restaurant/target/classes/assets/textures/interior.png
00:50:01.943 [FXGL Background Thread 4 ] DEBUG FXGLAssetLoaderServi - Loading from file system: file:/C:/Users/Michel/Documents/GitHub/restaurant/target/classes/assets/textures/mapache.png
00:50:01.949 [FXGL Background Thread 4 ] DEBUG FXGLAssetLoaderServi - Loading from file system: file:/C:/Users/Michel/Documents/GitHub/restaurant/target/classes/assets/textures/pan.png
00:50:01.953 [FXGL Background Thread 4 ] DEBUG FXGLAssetLoaderServi - Loading from file system: file:/C:/Users/Michel/Documents/GitHub/restaurant/target/classes/assets/textures/burger.png
00:50:01.972 [FXGL Background Thread 4 ] INFO  FXGLApplication      - Game initialization took: 0.127 sec
00:50:01.988 [JavaFX Application Thread] DEBUG Input                - Clearing active input actions
00:50:02.000 [JavaFX Application Thread] DEBUG GameApplicationServi - Removing overlay from FXGLLoadingScene and adding to GameScene
00:50:02.000 [JavaFX Application Thread] DEBUG PrimaryStageWindow   - FXGLLoadingScene -> GameScene
00:50:02.325 [FXGL Background Thread 2 ] INFO  UpdaterService       - Your current version:  17.3
00:50:02.325 [FXGL Background Thread 2 ] INFO  UpdaterService       - Latest stable version: 21.1
00:50:02.980 [JavaFX Application Thread] DEBUG LoopRunner           - Stopping loop
00:50:02.983 [JavaFX Application Thread] FATAL FXGLApplication      - Uncaught Exception:
java.lang.NullPointerException: Cannot invoke "com.almasb.fxgl.core.Updatable.onUpdate(double)" because "it" is null
	at com.almasb.fxgl.scene.Scene.update(Scene.kt:113)
	at com.almasb.fxgl.app.MainWindow$update$1.invoke(MainWindow.kt:115)
	at com.almasb.fxgl.app.MainWindow$update$1.invoke(MainWindow.kt:115)
	at com.almasb.fxgl.core.fsm.StateMachine.runOnActiveStates(StateMachine.kt:69)
	at com.almasb.fxgl.app.MainWindow.update(MainWindow.kt:115)
	at com.almasb.fxgl.app.FXGLApplication$GameApplicationService.onUpdate(FXGLApplication.kt:426)
	at com.almasb.fxgl.app.Engine.loop(Engine.kt:134)
	at com.almasb.fxgl.app.Engine.access$loop(Engine.kt:24)
	at com.almasb.fxgl.app.Engine$loop$1.invoke(Engine.kt:28)
	at com.almasb.fxgl.app.Engine$loop$1.invoke(Engine.kt:28)
	at com.almasb.fxgl.app.LoopRunner.frame(LoopRunner.kt:103)
	at com.almasb.fxgl.app.LoopRunner.access$frame(LoopRunner.kt:23)
	at com.almasb.fxgl.app.LoopRunner$impl$2$1.onTick(LoopRunner.kt:57)
	at com.almasb.fxgl.app.AnimationTimerLoop$timer$1.handle(LoopRunner.kt:137)
	at javafx.animation.AnimationTimer$AnimationTimerReceiver.lambda$handle$0(AnimationTimer.java:58)
	at java.base/java.security.AccessController.doPrivileged(AccessController.java:400)
	at javafx.animation.AnimationTimer$AnimationTimerReceiver.handle(AnimationTimer.java:57)
	at com.sun.scenario.animation.AbstractPrimaryTimer.timePulseImpl(AbstractPrimaryTimer.java:356)
	at com.sun.scenario.animation.AbstractPrimaryTimer$MainLoop.run(AbstractPrimaryTimer.java:266)
	at com.sun.javafx.tk.quantum.QuantumToolkit.pulse(QuantumToolkit.java:588)
	at com.sun.javafx.tk.quantum.QuantumToolkit.pulse(QuantumToolkit.java:572)
	at com.sun.javafx.tk.quantum.QuantumToolkit.pulseFromQueue(QuantumToolkit.java:565)
	at com.sun.javafx.tk.quantum.QuantumToolkit.lambda$runToolkit$11(QuantumToolkit.java:352)
	at com.sun.glass.ui.InvokeLaterDispatcher$Future.run(InvokeLaterDispatcher.java:95)
	at com.sun.glass.ui.win.WinApplication._runLoop(Native Method)
	at com.sun.glass.ui.win.WinApplication.lambda$runLoop$3(WinApplication.java:185)
	at java.base/java.lang.Thread.run(Thread.java:1583)

00:50:02.984 [JavaFX Application Thread] FATAL FXGLApplication      - Application will now exit
00:50:03.013 [JavaFX Application Thread] DEBUG PrimaryStageWindow   - Push state: ErrorSubScene
00:50:03.013 [JavaFX Application Thread] DEBUG Input                - Clearing active input actions
00:50:03.022 [JavaFX Application Thread] DEBUG GameApplicationServi - Removing overlay from GameScene and adding to ErrorSubScene
00:50:03.022 [JavaFX Application Thread] DEBUG PrimaryStageWindow   - GameScene -> ErrorSubScene
00:50:04.722 [FXGL Background Thread 3 ] DEBUG Engine               - Logging environment variables
00:50:04.722 [FXGL Background Thread 3 ] DEBUG Engine               - achievements: []
00:50:04.723 [FXGL Background Thread 3 ] DEBUG Engine               - actualHeight: 600.0
00:50:04.723 [FXGL Background Thread 3 ] DEBUG Engine               - actualHeightProperty: ReadOnlyDoubleProperty [value: 600.0]
00:50:04.723 [FXGL Background Thread 3 ] DEBUG Engine               - actualWidth: 800.0
00:50:04.723 [FXGL Background Thread 3 ] DEBUG Engine               - actualWidthProperty: ReadOnlyDoubleProperty [value: 800.0]
00:50:04.723 [FXGL Background Thread 3 ] DEBUG Engine               - appIcon: fxgl_icon.png
00:50:04.723 [FXGL Background Thread 3 ] DEBUG Engine               - applicationMode: DEVELOPER
00:50:04.723 [FXGL Background Thread 3 ] DEBUG Engine               - cSSList: [fxgl_dark.css]
00:50:04.723 [FXGL Background Thread 3 ] DEBUG Engine               - collisionDetectionStrategy: BRUTE_FORCE
00:50:04.723 [FXGL Background Thread 3 ] DEBUG Engine               - configClass: Optional.empty
00:50:04.723 [FXGL Background Thread 3 ] DEBUG Engine               - credits: []
00:50:04.723 [FXGL Background Thread 3 ] DEBUG Engine               - defaultCursor: CursorInfo(imageName=fxgl_default_cursor.png, hotspotX=7.0, hotspotY=6.0)
00:50:04.724 [FXGL Background Thread 3 ] DEBUG Engine               - devBBoxColorProperty: ObjectProperty [value: 0xff0000ff]
00:50:04.724 [FXGL Background Thread 3 ] DEBUG Engine               - devEnableDebugCameraProperty: BooleanProperty [value: false]
00:50:04.724 [FXGL Background Thread 3 ] DEBUG Engine               - devSensorColorProperty: ObjectProperty [value: 0xffff00ff]
00:50:04.724 [FXGL Background Thread 3 ] DEBUG Engine               - devShowBBoxProperty: BooleanProperty [value: false]
00:50:04.724 [FXGL Background Thread 3 ] DEBUG Engine               - devShowPositionProperty: BooleanProperty [value: false]
00:50:04.724 [FXGL Background Thread 3 ] DEBUG Engine               - enabledMenuItems: []
00:50:04.724 [FXGL Background Thread 3 ] DEBUG Engine               - engineServices: [class com.almasb.fxgl.app.services.FXGLAssetLoaderService, class com.almasb.fxgl.app.FXGLApplication$GameApplicationService, class com.almasb.fxgl.app.services.FXGLDialogService, class com.almasb.fxgl.app.services.IOTaskExecutorService, class com.almasb.fxgl.io.FileSystemService, class com.almasb.fxgl.localization.LocalizationService, class com.almasb.fxgl.app.services.SystemBundleService, class com.almasb.fxgl.profile.SaveLoadService, class com.almasb.fxgl.ui.FXGLUIFactoryServiceProvider, class com.almasb.fxgl.ui.FXGLDialogFactoryServiceProvider, class com.almasb.fxgl.audio.AudioPlayer, class com.almasb.fxgl.notification.impl.NotificationServiceProvider, class com.almasb.fxgl.achievement.AchievementService, class com.almasb.fxgl.cutscene.CutsceneService, class com.almasb.fxgl.minigames.MiniGameService, class com.almasb.fxgl.net.NetService, class com.almasb.fxgl.app.services.UpdaterService, class com.almasb.fxgl.dev.DevService]
00:50:04.724 [FXGL Background Thread 3 ] DEBUG Engine               - fontGame: Abel-Regular.ttf
00:50:04.724 [FXGL Background Thread 3 ] DEBUG Engine               - fontMono: TerminalLandMono-Regular.otf
00:50:04.724 [FXGL Background Thread 3 ] DEBUG Engine               - fontSizeScaleUI: 1.0
00:50:04.724 [FXGL Background Thread 3 ] DEBUG Engine               - fontText: Courier-Prime.ttf
00:50:04.724 [FXGL Background Thread 3 ] DEBUG Engine               - fontUI: VarelaRound-Regular.ttf
00:50:04.724 [FXGL Background Thread 3 ] DEBUG Engine               - fullScreen: BooleanProperty [value: false]
00:50:04.724 [FXGL Background Thread 3 ] DEBUG Engine               - gameDifficulty: MEDIUM
00:50:04.724 [FXGL Background Thread 3 ] DEBUG Engine               - gameDifficultyProperty: ObjectProperty [value: MEDIUM]
00:50:04.724 [FXGL Background Thread 3 ] DEBUG Engine               - globalMusicVolume: 0.5
00:50:04.724 [FXGL Background Thread 3 ] DEBUG Engine               - globalMusicVolumeProperty: DoubleProperty [value: 0.5]
00:50:04.724 [FXGL Background Thread 3 ] DEBUG Engine               - globalSoundVolume: 0.5
00:50:04.724 [FXGL Background Thread 3 ] DEBUG Engine               - globalSoundVolumeProperty: DoubleProperty [value: 0.5]
00:50:04.724 [FXGL Background Thread 3 ] DEBUG Engine               - height: 600
00:50:04.724 [FXGL Background Thread 3 ] DEBUG Engine               - is3D: false
00:50:04.724 [FXGL Background Thread 3 ] DEBUG Engine               - isAndroid: false
00:50:04.725 [FXGL Background Thread 3 ] DEBUG Engine               - isBrowser: false
00:50:04.725 [FXGL Background Thread 3 ] DEBUG Engine               - isClickFeedbackEnabled: false
00:50:04.725 [FXGL Background Thread 3 ] DEBUG Engine               - isCloseConfirmation: false
00:50:04.725 [FXGL Background Thread 3 ] DEBUG Engine               - isDesktop: true
00:50:04.725 [FXGL Background Thread 3 ] DEBUG Engine               - isDeveloperMenuEnabled: false
00:50:04.725 [FXGL Background Thread 3 ] DEBUG Engine               - isEmbedded: false
00:50:04.725 [FXGL Background Thread 3 ] DEBUG Engine               - isEntityPreloadEnabled: true
00:50:04.725 [FXGL Background Thread 3 ] DEBUG Engine               - isExperimentalTiledLargeMap: false
00:50:04.725 [FXGL Background Thread 3 ] DEBUG Engine               - isFileSystemWriteAllowed: true
00:50:04.725 [FXGL Background Thread 3 ] DEBUG Engine               - isFullScreenAllowed: false
00:50:04.725 [FXGL Background Thread 3 ] DEBUG Engine               - isFullScreenFromStart: false
00:50:04.725 [FXGL Background Thread 3 ] DEBUG Engine               - isGameMenuEnabled: true
00:50:04.725 [FXGL Background Thread 3 ] DEBUG Engine               - isIOS: false
00:50:04.725 [FXGL Background Thread 3 ] DEBUG Engine               - isIntroEnabled: false
00:50:04.725 [FXGL Background Thread 3 ] DEBUG Engine               - isLinux: false
00:50:04.725 [FXGL Background Thread 3 ] DEBUG Engine               - isMac: false
00:50:04.725 [FXGL Background Thread 3 ] DEBUG Engine               - isMainMenuEnabled: false
00:50:04.725 [FXGL Background Thread 3 ] DEBUG Engine               - isManualResizeEnabled: false
00:50:04.725 [FXGL Background Thread 3 ] DEBUG Engine               - isMobile: false
00:50:04.725 [FXGL Background Thread 3 ] DEBUG Engine               - isNative: false
00:50:04.725 [FXGL Background Thread 3 ] DEBUG Engine               - isPauseMusicWhenMinimized: true
00:50:04.725 [FXGL Background Thread 3 ] DEBUG Engine               - isPreserveResizeRatio: false
00:50:04.725 [FXGL Background Thread 3 ] DEBUG Engine               - isProfilingEnabled: false
00:50:04.725 [FXGL Background Thread 3 ] DEBUG Engine               - isScaleAffectedOnResize: true
00:50:04.725 [FXGL Background Thread 3 ] DEBUG Engine               - isSingleStep: false
00:50:04.725 [FXGL Background Thread 3 ] DEBUG Engine               - isUserProfileEnabled: false
00:50:04.725 [FXGL Background Thread 3 ] DEBUG Engine               - isWindows: true
00:50:04.725 [FXGL Background Thread 3 ] DEBUG Engine               - language: ObjectProperty [value: ENGLISH]
00:50:04.726 [FXGL Background Thread 3 ] DEBUG Engine               - menuKey: ESCAPE
00:50:04.726 [FXGL Background Thread 3 ] DEBUG Engine               - mouseSensitivity: 0.2
00:50:04.726 [FXGL Background Thread 3 ] DEBUG Engine               - notificationViewClass: class com.almasb.fxgl.notification.view.XboxNotificationView
00:50:04.726 [FXGL Background Thread 3 ] DEBUG Engine               - pixelsPerMeter: 50.0
00:50:04.726 [FXGL Background Thread 3 ] DEBUG Engine               - platform: WINDOWS
00:50:04.726 [FXGL Background Thread 3 ] DEBUG Engine               - prefHeightProperty: ReadOnlyDoubleProperty [value: 600.0]
00:50:04.726 [FXGL Background Thread 3 ] DEBUG Engine               - prefWidthProperty: ReadOnlyDoubleProperty [value: 800.0]
00:50:04.726 [FXGL Background Thread 3 ] DEBUG Engine               - profileDir: profiles/
00:50:04.726 [FXGL Background Thread 3 ] DEBUG Engine               - profileName: StringProperty [value: DEFAULT]
00:50:04.726 [FXGL Background Thread 3 ] DEBUG Engine               - randomSeed: -1
00:50:04.726 [FXGL Background Thread 3 ] DEBUG Engine               - runtimeInfo: RuntimeInfo(platform=WINDOWS, version=17.3, build=30.03.2023 11.49)
00:50:04.726 [FXGL Background Thread 3 ] DEBUG Engine               - saveFileExt: sav
00:50:04.726 [FXGL Background Thread 3 ] DEBUG Engine               - scaledHeightProp$fxgl: DoubleProperty [bound, value: 600.0]
00:50:04.726 [FXGL Background Thread 3 ] DEBUG Engine               - scaledWidthProp$fxgl: DoubleProperty [bound, value: 800.0]
00:50:04.726 [FXGL Background Thread 3 ] DEBUG Engine               - sceneFactory: com.almasb.fxgl.app.scene.SceneFactory@22a8f808
00:50:04.726 [FXGL Background Thread 3 ] DEBUG Engine               - secondsIn24h: 60
00:50:04.726 [FXGL Background Thread 3 ] DEBUG Engine               - soundMenuBack: menu/back.wav
00:50:04.726 [FXGL Background Thread 3 ] DEBUG Engine               - soundMenuPress: menu/press.wav
00:50:04.726 [FXGL Background Thread 3 ] DEBUG Engine               - soundMenuSelect: menu/select.wav
00:50:04.726 [FXGL Background Thread 3 ] DEBUG Engine               - soundNotification: core/notification.wav
00:50:04.726 [FXGL Background Thread 3 ] DEBUG Engine               - stageStyle: DECORATED
00:50:04.726 [FXGL Background Thread 3 ] DEBUG Engine               - supportedLanguages: [ENGLISH, FRENCH, GERMAN, HUNGARIAN, RUSSIAN]
00:50:04.726 [FXGL Background Thread 3 ] DEBUG Engine               - ticksPerSecond: -1
00:50:04.726 [FXGL Background Thread 3 ] DEBUG Engine               - title: Restaurant Simulation
00:50:04.726 [FXGL Background Thread 3 ] DEBUG Engine               - urlGithub: https://github.com/AlmasB/FXGL
00:50:04.726 [FXGL Background Thread 3 ] DEBUG Engine               - urlLeaderboard: http://fxgl-top.herokuapp.com/
00:50:04.726 [FXGL Background Thread 3 ] DEBUG Engine               - urlPOM: https://raw.githubusercontent.com/AlmasB/FXGL/release/README.md
00:50:04.727 [FXGL Background Thread 3 ] DEBUG Engine               - userAppClass: class com.restaurant.simulator.app.MainApp
00:50:04.727 [FXGL Background Thread 3 ] DEBUG Engine               - version: 1.0
00:50:04.727 [FXGL Background Thread 3 ] DEBUG Engine               - versionCheckDays: 7
00:50:04.727 [FXGL Background Thread 3 ] DEBUG Engine               - width: 800
00:50:04.727 [FXGL Background Thread 3 ] DEBUG Engine               - Logging services
00:50:04.727 [FXGL Background Thread 3 ] DEBUG Engine               - class com.almasb.fxgl.app.services.FXGLAssetLoaderService
00:50:04.727 [FXGL Background Thread 3 ] DEBUG Engine               - class com.almasb.fxgl.app.FXGLApplication$GameApplicationService
00:50:04.727 [FXGL Background Thread 3 ] DEBUG Engine               - class com.almasb.fxgl.app.services.FXGLDialogService
00:50:04.727 [FXGL Background Thread 3 ] DEBUG Engine               - class com.almasb.fxgl.app.services.IOTaskExecutorService
00:50:04.727 [FXGL Background Thread 3 ] DEBUG Engine               - class com.almasb.fxgl.io.FileSystemService
00:50:04.727 [FXGL Background Thread 3 ] DEBUG Engine               - class com.almasb.fxgl.localization.LocalizationService
00:50:04.727 [FXGL Background Thread 3 ] DEBUG Engine               - class com.almasb.fxgl.app.services.SystemBundleService
00:50:04.727 [FXGL Background Thread 3 ] DEBUG Engine               - class com.almasb.fxgl.profile.SaveLoadService
00:50:04.727 [FXGL Background Thread 3 ] DEBUG Engine               - class com.almasb.fxgl.ui.FXGLUIFactoryServiceProvider
00:50:04.727 [FXGL Background Thread 3 ] DEBUG Engine               - class com.almasb.fxgl.ui.FXGLDialogFactoryServiceProvider
00:50:04.727 [FXGL Background Thread 3 ] DEBUG Engine               - class com.almasb.fxgl.audio.AudioPlayer
00:50:04.727 [FXGL Background Thread 3 ] DEBUG Engine               - class com.almasb.fxgl.notification.impl.NotificationServiceProvider
00:50:04.727 [FXGL Background Thread 3 ] DEBUG Engine               - class com.almasb.fxgl.achievement.AchievementService
00:50:04.727 [FXGL Background Thread 3 ] DEBUG Engine               - class com.almasb.fxgl.cutscene.CutsceneService
00:50:04.727 [FXGL Background Thread 3 ] DEBUG Engine               - class com.almasb.fxgl.minigames.MiniGameService
00:50:04.727 [FXGL Background Thread 3 ] DEBUG Engine               - class com.almasb.fxgl.net.NetService
00:50:04.727 [FXGL Background Thread 3 ] DEBUG Engine               - class com.almasb.fxgl.app.services.UpdaterService
00:50:04.727 [FXGL Background Thread 3 ] DEBUG Engine               - class com.almasb.fxgl.dev.DevService
00:50:06.992 [JavaFX Application Thread] DEBUG FXGLApplication      - Exiting FXGL
00:50:06.992 [JavaFX Application Thread] DEBUG Async                - Shutting down background threads
00:50:06.992 [JavaFX Application Thread] DEBUG PrimaryStageWindow   - Closing main window
00:50:07.021 [JavaFX Application Thread] DEBUG Logger               - Closing Logger
