02:15:01.084 [main                     ] DEBUG Logger               - Configured Logger
02:15:01.105 [main                     ] DEBUG GameApplication      - Logging settings
Title: Restaurant Simulation
Version: 1.0
Width: 800
Height: 600
Fullscreen: false
Intro: false
Profiling: false
Single step:false
App Mode: DEVELOPER
Menu Key: ESCAPE
Stage Style: DECORATED
Scene Factory: class com.almasb.fxgl.app.scene.SceneFactory

02:15:01.433 [JavaFX Application Thread] DEBUG FXGLApplication      - Initializing FXGL
02:15:01.435 [JavaFX Application Thread] INFO  Engine               - FXGL-17.3 (30.03.2023 11.49) on WINDOWS (J:21.0.5 FX:21)
02:15:01.435 [JavaFX Application Thread] DEBUG Engine               - JRE Vendor Name: Oracle Corporation
02:15:01.436 [JavaFX Application Thread] DEBUG Engine               - Running on OS: Windows 11 version 10.0
02:15:01.436 [JavaFX Application Thread] DEBUG Engine               - Architecture: amd64
02:15:01.436 [JavaFX Application Thread] INFO  Engine               - Source code and latest versions at: https://github.com/AlmasB/FXGL
02:15:01.436 [JavaFX Application Thread] INFO  Engine               -       Ask questions and discuss at: https://github.com/AlmasB/FXGL/discussions
02:15:01.436 [JavaFX Application Thread] INFO  Engine               -              Join the FXGL chat at: https://gitter.im/AlmasB/FXGL
02:15:01.511 [JavaFX Application Thread] DEBUG PrimaryStageWindow   - Creating a JavaFX scene
02:15:01.544 [JavaFX Application Thread] DEBUG PrimaryStageWindow   - Target settings size: 800.0 x 600.0
02:15:01.544 [JavaFX Application Thread] DEBUG PrimaryStageWindow   - Scaled scene size:    800.0 x 600.0
02:15:01.544 [JavaFX Application Thread] DEBUG PrimaryStageWindow   - Scaled ratio: (1.0, 1.0)
02:15:01.545 [JavaFX Application Thread] DEBUG PrimaryStageWindow   - Set initial scene to FXGLStartupScene
02:15:01.547 [JavaFX Application Thread] DEBUG PrimaryStageWindow   - Opening main window
02:15:01.605 [JavaFX Application Thread] DEBUG PrimaryStageWindow   - Window border size: (14.4000244140625, 37.5999755859375)
02:15:01.605 [JavaFX Application Thread] DEBUG PrimaryStageWindow   - Scaled size: 800.0 x 600.0
02:15:01.605 [JavaFX Application Thread] DEBUG PrimaryStageWindow   - Scaled ratio: (1.0, 1.0)
02:15:01.605 [JavaFX Application Thread] DEBUG PrimaryStageWindow   - Scene size: 800.0 x 600.0
02:15:01.606 [JavaFX Application Thread] DEBUG PrimaryStageWindow   - Stage size: 814.4000244140625 x 637.5999755859375
02:15:01.610 [FXGL Background Thread 1 ] DEBUG Engine               - Initializing environment variables
02:15:01.648 [FXGL Background Thread 1 ] DEBUG FXGLAssetLoaderServi - User app class for loading assets: class com.restaurant.simulator.app.MainApp
02:15:01.649 [FXGL Background Thread 1 ] DEBUG GameApplicationServi - Applying CSS: fxgl_dark.css
02:15:01.649 [FXGL Background Thread 1 ] DEBUG FXGLAssetLoaderServi - Loading from file system: jar:file:/C:/Users/Michel/.m2/repository/com/github/almasb/fxgl/17.3/fxgl-17.3.jar!/fxglassets/ui/css/fxgl_dark.css
02:15:01.677 [FXGL Background Thread 1 ] DEBUG GameApplicationServi - Initializing application scenes
02:15:01.716 [FXGL Background Thread 1 ] DEBUG GameWorld            - Game world initialized
02:15:01.765 [FXGL Background Thread 1 ] DEBUG PhysicsWorld         - Physics world initialized: appHeight=600, physics.ppm=50.0
02:15:01.765 [FXGL Background Thread 1 ] DEBUG PhysicsWorld         - Using strategy: BRUTE_FORCE
02:15:01.768 [FXGL Background Thread 1 ] DEBUG GameScene            - Game scene initialized: 800x600
02:15:01.779 [FXGL Background Thread 1 ] DEBUG FXGL.DefaultMenu     - createMenuBodyGameMenu()
02:15:01.790 [FXGL Background Thread 1 ] DEBUG FXGL.DefaultMenu     - createOptionsMenu()
02:15:01.797 [FXGL Background Thread 1 ] DEBUG FXGLAssetLoaderServi - Loading from file system: jar:file:/C:/Users/Michel/.m2/repository/com/github/almasb/fxgl/17.3/fxgl-17.3.jar!/fxglassets/textures/particles/smoke.png
02:15:01.873 [FXGL Background Thread 1 ] DEBUG FXGLAssetLoaderServi - Loading from file system: jar:file:/C:/Users/Michel/.m2/repository/com/github/almasb/fxgl/17.3/fxgl-17.3.jar!/fxglassets/textures/particles/trace_horizontal.png
02:15:01.891 [FXGL Background Thread 1 ] DEBUG GameApplicationServi - Application scenes initialized
02:15:01.901 [FXGL Background Thread 1 ] DEBUG SystemBundleService  - Loading FXGL system data
02:15:01.905 [FXGL Background Thread 1 ] DEBUG FileSystemAccess     - Reading from: C:\Users\Michel\Documents\GitHub\restaurant\system\fxgl.bundle
02:15:01.911 [FXGL Background Thread 1 ] DEBUG SystemBundleService  - Bundle FXGL: {}
02:15:01.911 [FXGL Background Thread 1 ] DEBUG UpdaterService       - Checking for updates
02:15:01.915 [FXGL Background Thread 4 ] DEBUG FXGLApplication      - Loading fonts
02:15:01.915 [FXGL Background Thread 4 ] DEBUG FXGLAssetLoaderServi - Loading from file system: jar:file:/C:/Users/Michel/.m2/repository/com/github/almasb/fxgl/17.3/fxgl-17.3.jar!/fxglassets/ui/fonts/VarelaRound-Regular.ttf
02:15:01.915 [FXGL Background Thread 1 ] DEBUG FXGLApplication      - Loading default localization
02:15:01.916 [FXGL Background Thread 1 ] DEBUG FXGLAssetLoaderServi - Loading from file system: jar:file:/C:/Users/Michel/.m2/repository/com/github/almasb/fxgl/17.3/fxgl-17.3.jar!/fxglassets/languages/english.lang
02:15:01.944 [FXGL Background Thread 4 ] DEBUG FXGLAssetLoaderServi - Loading from file system: jar:file:/C:/Users/Michel/.m2/repository/com/github/almasb/fxgl/17.3/fxgl-17.3.jar!/fxglassets/ui/fonts/Abel-Regular.ttf
02:15:01.946 [FXGL Background Thread 1 ] INFO  FXGLApplication      - FXGL initialization took: 0.335 sec
02:15:01.946 [FXGL Background Thread 4 ] DEBUG FXGLAssetLoaderServi - Loading from file system: jar:file:/C:/Users/Michel/.m2/repository/com/github/almasb/fxgl/17.3/fxgl-17.3.jar!/fxglassets/ui/fonts/TerminalLandMono-Regular.otf
02:15:01.947 [JavaFX Application Thread] DEBUG FXGLAssetLoaderServi - Loading from file system: jar:file:/C:/Users/Michel/.m2/repository/com/github/almasb/fxgl/17.3/fxgl-17.3.jar!/fxglassets/textures/fxgl_icon.png
02:15:01.949 [FXGL Background Thread 4 ] DEBUG FXGLAssetLoaderServi - Loading from file system: jar:file:/C:/Users/Michel/.m2/repository/com/github/almasb/fxgl/17.3/fxgl-17.3.jar!/fxglassets/ui/fonts/Courier-Prime.ttf
02:15:01.962 [JavaFX Application Thread] DEBUG FXGLAssetLoaderServi - Loading from file system: jar:file:/C:/Users/Michel/.m2/repository/com/github/almasb/fxgl/17.3/fxgl-17.3.jar!/fxglassets/textures/fxgl_default_cursor.png
02:15:01.976 [JavaFX Application Thread] DEBUG Input                - Registered new binding: Screenshot - CTRL+8
02:15:01.977 [JavaFX Application Thread] DEBUG Input                - Registered new binding: System info dump - CTRL+9
02:15:01.978 [JavaFX Application Thread] DEBUG Input                - Registered new binding: Restart - CTRL+R
02:15:01.979 [JavaFX Application Thread] DEBUG Input                - Registered new binding: Toggle Debug Camera - CTRL+7
02:15:01.984 [JavaFX Application Thread] DEBUG LoopRunner           - Starting loop
02:15:01.984 [JavaFX Application Thread] DEBUG LoopRunner           - Initializing JavaFX AnimationTimerLoop
02:15:01.986 [JavaFX Application Thread] DEBUG GameApplicationServi - Starting new game
02:15:01.986 [JavaFX Application Thread] DEBUG Input                - Clearing active input actions
02:15:01.998 [JavaFX Application Thread] DEBUG GameApplicationServi - Removing overlay from FXGLStartupScene and adding to FXGLLoadingScene
02:15:01.998 [JavaFX Application Thread] DEBUG PrimaryStageWindow   - FXGLStartupScene -> FXGLLoadingScene
02:15:01.998 [JavaFX Application Thread] DEBUG GameApplicationServi - Clearing previous game
02:15:01.998 [JavaFX Application Thread] DEBUG GameScene            - Clearing game scene
02:15:01.998 [JavaFX Application Thread] DEBUG GameWorld            - Clearing game world
02:15:01.998 [JavaFX Application Thread] DEBUG PhysicsWorld         - Clearing physics world
02:15:02.000 [JavaFX Application Thread] DEBUG FXGLApplication      - Registering font factories with UI factory
02:15:02.000 [FXGL Background Thread 4 ] DEBUG FXGLApplication      - Initializing game
02:15:02.005 [FXGL Background Thread 4 ] DEBUG FXGLAssetLoaderServi - Loading from file system: file:/C:/Users/Michel/Documents/GitHub/restaurant/target/classes/assets/textures/interior.png
02:15:02.060 [FXGL Background Thread 4 ] WARN  FXGLAssetLoaderServi - Asset "/assets/textures/chef.png" was not found!
02:15:02.060 [FXGL Background Thread 4 ] WARN  FXGLAssetLoaderServi - Failed to load IMAGE
02:15:02.105 [FXGL Background Thread 4 ] WARN  FXGLAssetLoaderServi - Asset "/assets/textures/waiter.png" was not found!
02:15:02.105 [FXGL Background Thread 4 ] WARN  FXGLAssetLoaderServi - Failed to load IMAGE
02:15:02.107 [FXGL Background Thread 4 ] DEBUG FXGLAssetLoaderServi - Loading from file system: file:/C:/Users/Michel/Documents/GitHub/restaurant/target/classes/assets/textures/burger.png
02:15:02.119 [FXGL Background Thread 4 ] INFO  FXGLApplication      - Game initialization took: 0.118 sec
02:15:02.125 [JavaFX Application Thread] DEBUG Input                - Clearing active input actions
02:15:02.132 [JavaFX Application Thread] DEBUG GameApplicationServi - Removing overlay from FXGLLoadingScene and adding to GameScene
02:15:02.132 [JavaFX Application Thread] DEBUG PrimaryStageWindow   - FXGLLoadingScene -> GameScene
02:15:02.376 [FXGL Background Thread 2 ] INFO  UpdaterService       - Your current version:  17.3
02:15:02.377 [FXGL Background Thread 2 ] INFO  UpdaterService       - Latest stable version: 21.1
02:15:04.686 [JavaFX Application Thread] DEBUG FXGLApplication      - Exiting FXGL
02:15:04.686 [JavaFX Application Thread] DEBUG LoopRunner           - Stopping loop
02:15:04.686 [JavaFX Application Thread] DEBUG SystemBundleService  - Saving FXGL system data
02:15:04.688 [JavaFX Application Thread] DEBUG FileSystemAccess     - Writing to: C:\Users\Michel\Documents\GitHub\restaurant\system\fxgl.bundle
02:15:04.693 [JavaFX Application Thread] DEBUG Async                - Shutting down background threads
02:15:04.693 [JavaFX Application Thread] DEBUG PrimaryStageWindow   - Closing main window
02:15:04.702 [JavaFX Application Thread] DEBUG Logger               - Closing Logger
