14:55:47.394 [main                     ] DEBUG Logger               - Configured Logger
14:55:47.436 [main                     ] DEBUG GameApplication      - Logging settings
Title: Restaurant Simulation
Version: 1.0
Width: 800
Height: 600
Fullscreen: false
Intro: false
Profiling: false
Single step:false
App Mode: DEVELOPER
Menu Key: ESCAPE
Stage Style: DECORATED
Scene Factory: class com.almasb.fxgl.app.scene.SceneFactory

14:55:48.020 [JavaFX Application Thread] DEBUG FXGLApplication      - Initializing FXGL
14:55:48.024 [JavaFX Application Thread] INFO  Engine               - FXGL-17.3 (30.03.2023 11.49) on WINDOWS (J:21.0.5 FX:21)
14:55:48.024 [JavaFX Application Thread] DEBUG Engine               - JRE Vendor Name: Oracle Corporation
14:55:48.024 [JavaFX Application Thread] DEBUG Engine               - Running on OS: Windows 11 version 10.0
14:55:48.025 [JavaFX Application Thread] DEBUG Engine               - Architecture: amd64
14:55:48.025 [JavaFX Application Thread] INFO  Engine               - Source code and latest versions at: https://github.com/AlmasB/FXGL
14:55:48.025 [JavaFX Application Thread] INFO  Engine               -       Ask questions and discuss at: https://github.com/AlmasB/FXGL/discussions
14:55:48.025 [JavaFX Application Thread] INFO  Engine               -              Join the FXGL chat at: https://gitter.im/AlmasB/FXGL
14:55:48.151 [JavaFX Application Thread] DEBUG PrimaryStageWindow   - Creating a JavaFX scene
14:55:48.211 [JavaFX Application Thread] DEBUG PrimaryStageWindow   - Target settings size: 800.0 x 600.0
14:55:48.211 [JavaFX Application Thread] DEBUG PrimaryStageWindow   - Scaled scene size:    800.0 x 600.0
14:55:48.211 [JavaFX Application Thread] DEBUG PrimaryStageWindow   - Scaled ratio: (1.0, 1.0)
14:55:48.213 [JavaFX Application Thread] DEBUG PrimaryStageWindow   - Set initial scene to FXGLStartupScene
14:55:48.216 [JavaFX Application Thread] DEBUG PrimaryStageWindow   - Opening main window
14:55:48.320 [JavaFX Application Thread] DEBUG PrimaryStageWindow   - Window border size: (14.4000244140625, 37.5999755859375)
14:55:48.321 [JavaFX Application Thread] DEBUG PrimaryStageWindow   - Scaled size: 800.0 x 600.0
14:55:48.321 [JavaFX Application Thread] DEBUG PrimaryStageWindow   - Scaled ratio: (1.0, 1.0)
14:55:48.321 [JavaFX Application Thread] DEBUG PrimaryStageWindow   - Scene size: 800.0 x 600.0
14:55:48.321 [JavaFX Application Thread] DEBUG PrimaryStageWindow   - Stage size: 814.4000244140625 x 637.5999755859375
14:55:48.331 [FXGL Background Thread 1 ] DEBUG Engine               - Initializing environment variables
14:55:48.405 [FXGL Background Thread 1 ] DEBUG FXGLAssetLoaderServi - User app class for loading assets: class com.restaurant.simulator.app.MainApp
14:55:48.405 [FXGL Background Thread 1 ] DEBUG GameApplicationServi - Applying CSS: fxgl_dark.css
14:55:48.406 [FXGL Background Thread 1 ] DEBUG FXGLAssetLoaderServi - Loading from file system: jar:file:/C:/Users/Michel/.m2/repository/com/github/almasb/fxgl/17.3/fxgl-17.3.jar!/fxglassets/ui/css/fxgl_dark.css
14:55:48.471 [FXGL Background Thread 1 ] DEBUG GameApplicationServi - Initializing application scenes
14:55:48.549 [FXGL Background Thread 1 ] DEBUG GameWorld            - Game world initialized
14:55:48.642 [FXGL Background Thread 1 ] DEBUG PhysicsWorld         - Physics world initialized: appHeight=600, physics.ppm=50.0
14:55:48.643 [FXGL Background Thread 1 ] DEBUG PhysicsWorld         - Using strategy: BRUTE_FORCE
14:55:48.648 [FXGL Background Thread 1 ] DEBUG GameScene            - Game scene initialized: 800x600
14:55:48.667 [FXGL Background Thread 1 ] DEBUG FXGL.DefaultMenu     - createMenuBodyGameMenu()
14:55:48.685 [FXGL Background Thread 1 ] DEBUG FXGL.DefaultMenu     - createOptionsMenu()
14:55:48.697 [FXGL Background Thread 1 ] DEBUG FXGLAssetLoaderServi - Loading from file system: jar:file:/C:/Users/Michel/.m2/repository/com/github/almasb/fxgl/17.3/fxgl-17.3.jar!/fxglassets/textures/particles/smoke.png
14:55:48.834 [FXGL Background Thread 1 ] DEBUG FXGLAssetLoaderServi - Loading from file system: jar:file:/C:/Users/Michel/.m2/repository/com/github/almasb/fxgl/17.3/fxgl-17.3.jar!/fxglassets/textures/particles/trace_horizontal.png
14:55:48.866 [FXGL Background Thread 1 ] DEBUG GameApplicationServi - Application scenes initialized
14:55:48.887 [FXGL Background Thread 1 ] DEBUG SystemBundleService  - Loading FXGL system data
14:55:48.905 [FXGL Background Thread 1 ] DEBUG FileSystemAccess     - Reading from: C:\Users\Michel\Documents\GitHub\restaurant\system\fxgl.bundle
14:55:48.919 [FXGL Background Thread 1 ] DEBUG SystemBundleService  - Bundle FXGL: {}
14:55:48.919 [FXGL Background Thread 1 ] DEBUG UpdaterService       - Checking for updates
14:55:48.924 [FXGL Background Thread 4 ] DEBUG FXGLApplication      - Loading fonts
14:55:48.925 [FXGL Background Thread 4 ] DEBUG FXGLAssetLoaderServi - Loading from file system: jar:file:/C:/Users/Michel/.m2/repository/com/github/almasb/fxgl/17.3/fxgl-17.3.jar!/fxglassets/ui/fonts/VarelaRound-Regular.ttf
14:55:48.925 [FXGL Background Thread 1 ] DEBUG FXGLApplication      - Loading default localization
14:55:48.926 [FXGL Background Thread 1 ] DEBUG FXGLAssetLoaderServi - Loading from file system: jar:file:/C:/Users/Michel/.m2/repository/com/github/almasb/fxgl/17.3/fxgl-17.3.jar!/fxglassets/languages/english.lang
14:55:48.986 [FXGL Background Thread 4 ] DEBUG FXGLAssetLoaderServi - Loading from file system: jar:file:/C:/Users/Michel/.m2/repository/com/github/almasb/fxgl/17.3/fxgl-17.3.jar!/fxglassets/ui/fonts/Abel-Regular.ttf
14:55:48.991 [FXGL Background Thread 1 ] INFO  FXGLApplication      - FXGL initialization took: 0.659 sec
14:55:48.991 [FXGL Background Thread 4 ] DEBUG FXGLAssetLoaderServi - Loading from file system: jar:file:/C:/Users/Michel/.m2/repository/com/github/almasb/fxgl/17.3/fxgl-17.3.jar!/fxglassets/ui/fonts/TerminalLandMono-Regular.otf
14:55:48.992 [JavaFX Application Thread] DEBUG FXGLAssetLoaderServi - Loading from file system: jar:file:/C:/Users/Michel/.m2/repository/com/github/almasb/fxgl/17.3/fxgl-17.3.jar!/fxglassets/textures/fxgl_icon.png
14:55:48.996 [FXGL Background Thread 4 ] DEBUG FXGLAssetLoaderServi - Loading from file system: jar:file:/C:/Users/Michel/.m2/repository/com/github/almasb/fxgl/17.3/fxgl-17.3.jar!/fxglassets/ui/fonts/Courier-Prime.ttf
14:55:49.015 [JavaFX Application Thread] DEBUG FXGLAssetLoaderServi - Loading from file system: jar:file:/C:/Users/Michel/.m2/repository/com/github/almasb/fxgl/17.3/fxgl-17.3.jar!/fxglassets/textures/fxgl_default_cursor.png
14:55:49.052 [JavaFX Application Thread] DEBUG Input                - Registered new binding: Screenshot - CTRL+8
14:55:49.053 [JavaFX Application Thread] DEBUG Input                - Registered new binding: System info dump - CTRL+9
14:55:49.056 [JavaFX Application Thread] DEBUG Input                - Registered new binding: Restart - CTRL+R
14:55:49.058 [JavaFX Application Thread] DEBUG Input                - Registered new binding: Toggle Debug Camera - CTRL+7
14:55:49.066 [JavaFX Application Thread] DEBUG LoopRunner           - Starting loop
14:55:49.066 [JavaFX Application Thread] DEBUG LoopRunner           - Initializing JavaFX AnimationTimerLoop
14:55:49.068 [JavaFX Application Thread] DEBUG GameApplicationServi - Starting new game
14:55:49.069 [JavaFX Application Thread] DEBUG Input                - Clearing active input actions
14:55:49.090 [JavaFX Application Thread] DEBUG GameApplicationServi - Removing overlay from FXGLStartupScene and adding to FXGLLoadingScene
14:55:49.090 [JavaFX Application Thread] DEBUG PrimaryStageWindow   - FXGLStartupScene -> FXGLLoadingScene
14:55:49.090 [JavaFX Application Thread] DEBUG GameApplicationServi - Clearing previous game
14:55:49.090 [JavaFX Application Thread] DEBUG GameScene            - Clearing game scene
14:55:49.091 [JavaFX Application Thread] DEBUG GameWorld            - Clearing game world
14:55:49.091 [JavaFX Application Thread] DEBUG PhysicsWorld         - Clearing physics world
14:55:49.094 [JavaFX Application Thread] DEBUG FXGLApplication      - Registering font factories with UI factory
14:55:49.094 [FXGL Background Thread 4 ] DEBUG FXGLApplication      - Initializing game
14:55:49.096 [FXGL Background Thread 4 ] DEBUG FXGLAssetLoaderServi - Loading from file system: file:/C:/Users/Michel/Documents/GitHub/restaurant/target/classes/assets/textures/download.jpeg
14:55:49.127 [FXGL Background Thread 4 ] DEBUG FXGLAssetLoaderServi - Loading from file system: file:/C:/Users/Michel/Documents/GitHub/restaurant/target/classes/assets/textures/mapache.png
14:55:49.159 [FXGL Background Thread 4 ] DEBUG FXGLAssetLoaderServi - Loading from file system: file:/C:/Users/Michel/Documents/GitHub/restaurant/target/classes/assets/textures/pan.png
14:55:49.178 [FXGL Background Thread 4 ] DEBUG FXGLAssetLoaderServi - Loading from file system: file:/C:/Users/Michel/Documents/GitHub/restaurant/target/classes/assets/textures/burger.png
14:55:49.211 [FXGL Background Thread 4 ] INFO  FXGLApplication      - Game initialization took: 0.117 sec
14:55:49.289 [JavaFX Application Thread] DEBUG Input                - Clearing active input actions
14:55:49.304 [JavaFX Application Thread] DEBUG GameApplicationServi - Removing overlay from FXGLLoadingScene and adding to GameScene
14:55:49.305 [JavaFX Application Thread] DEBUG PrimaryStageWindow   - FXGLLoadingScene -> GameScene
14:55:49.641 [FXGL Background Thread 2 ] INFO  UpdaterService       - Your current version:  17.3
14:55:49.641 [FXGL Background Thread 2 ] INFO  UpdaterService       - Latest stable version: 21.1
14:55:51.603 [JavaFX Application Thread] DEBUG FXGLApplication      - Exiting FXGL
14:55:51.603 [JavaFX Application Thread] DEBUG LoopRunner           - Stopping loop
14:55:51.603 [JavaFX Application Thread] DEBUG SystemBundleService  - Saving FXGL system data
14:55:51.607 [JavaFX Application Thread] DEBUG FileSystemAccess     - Writing to: C:\Users\Michel\Documents\GitHub\restaurant\system\fxgl.bundle
14:55:51.613 [JavaFX Application Thread] DEBUG Async                - Shutting down background threads
14:55:51.614 [JavaFX Application Thread] DEBUG PrimaryStageWindow   - Closing main window
14:55:51.643 [JavaFX Application Thread] DEBUG Logger               - Closing Logger
