07:41:29.229 [main                     ] DEBUG Logger               - Configured Logger
07:41:29.250 [main                     ] DEBUG GameApplication      - Logging settings
Title: Simulador de Restaurante
Version: 1.0
Width: 800
Height: 600
Fullscreen: false
Intro: false
Profiling: false
Single step:false
App Mode: DEVELOPER
Menu Key: ESCAPE
Stage Style: DECORATED
Scene Factory: class com.almasb.fxgl.app.scene.SceneFactory

07:41:29.590 [JavaFX Application Thread] DEBUG FXGLApplication      - Initializing FXGL
07:41:29.593 [JavaFX Application Thread] INFO  Engine               - FXGL-17.3 (30.03.2023 11.49) on WINDOWS (J:21.0.5 FX:21)
07:41:29.593 [JavaFX Application Thread] DEBUG Engine               - JRE Vendor Name: Oracle Corporation
07:41:29.593 [JavaFX Application Thread] DEBUG Engine               - Running on OS: Windows 11 version 10.0
07:41:29.593 [JavaFX Application Thread] DEBUG Engine               - Architecture: amd64
07:41:29.593 [JavaFX Application Thread] INFO  Engine               - Source code and latest versions at: https://github.com/AlmasB/FXGL
07:41:29.594 [JavaFX Application Thread] INFO  Engine               -       Ask questions and discuss at: https://github.com/AlmasB/FXGL/discussions
07:41:29.594 [JavaFX Application Thread] INFO  Engine               -              Join the FXGL chat at: https://gitter.im/AlmasB/FXGL
07:41:29.670 [JavaFX Application Thread] DEBUG PrimaryStageWindow   - Creating a JavaFX scene
07:41:29.703 [JavaFX Application Thread] DEBUG PrimaryStageWindow   - Target settings size: 800.0 x 600.0
07:41:29.704 [JavaFX Application Thread] DEBUG PrimaryStageWindow   - Scaled scene size:    800.0 x 600.0
07:41:29.704 [JavaFX Application Thread] DEBUG PrimaryStageWindow   - Scaled ratio: (1.0, 1.0)
07:41:29.705 [JavaFX Application Thread] DEBUG PrimaryStageWindow   - Set initial scene to FXGLStartupScene
07:41:29.707 [JavaFX Application Thread] DEBUG PrimaryStageWindow   - Opening main window
07:41:29.768 [JavaFX Application Thread] DEBUG PrimaryStageWindow   - Window border size: (14.4000244140625, 37.5999755859375)
07:41:29.768 [JavaFX Application Thread] DEBUG PrimaryStageWindow   - Scaled size: 800.0 x 600.0
07:41:29.768 [JavaFX Application Thread] DEBUG PrimaryStageWindow   - Scaled ratio: (1.0, 1.0)
07:41:29.769 [JavaFX Application Thread] DEBUG PrimaryStageWindow   - Scene size: 800.0 x 600.0
07:41:29.769 [JavaFX Application Thread] DEBUG PrimaryStageWindow   - Stage size: 814.4000244140625 x 637.5999755859375
07:41:29.773 [FXGL Background Thread 1 ] DEBUG Engine               - Initializing environment variables
07:41:29.808 [FXGL Background Thread 1 ] DEBUG FXGLAssetLoaderServi - User app class for loading assets: class com.restaurant.simulator.app.MainApp
07:41:29.809 [FXGL Background Thread 1 ] DEBUG GameApplicationServi - Applying CSS: fxgl_dark.css
07:41:29.809 [FXGL Background Thread 1 ] DEBUG FXGLAssetLoaderServi - Loading from file system: jar:file:/C:/Users/Michel/.m2/repository/com/github/almasb/fxgl/17.3/fxgl-17.3.jar!/fxglassets/ui/css/fxgl_dark.css
07:41:29.835 [FXGL Background Thread 1 ] DEBUG GameApplicationServi - Initializing application scenes
07:41:29.879 [FXGL Background Thread 1 ] DEBUG GameWorld            - Game world initialized
07:41:29.935 [FXGL Background Thread 1 ] DEBUG PhysicsWorld         - Physics world initialized: appHeight=600, physics.ppm=50.0
07:41:29.935 [FXGL Background Thread 1 ] DEBUG PhysicsWorld         - Using strategy: BRUTE_FORCE
07:41:29.939 [FXGL Background Thread 1 ] DEBUG GameScene            - Game scene initialized: 800x600
07:41:29.949 [FXGL Background Thread 1 ] DEBUG FXGL.DefaultMenu     - createMenuBodyGameMenu()
07:41:29.959 [FXGL Background Thread 1 ] DEBUG FXGL.DefaultMenu     - createOptionsMenu()
07:41:29.966 [FXGL Background Thread 1 ] DEBUG FXGLAssetLoaderServi - Loading from file system: jar:file:/C:/Users/Michel/.m2/repository/com/github/almasb/fxgl/17.3/fxgl-17.3.jar!/fxglassets/textures/particles/smoke.png
07:41:30.040 [FXGL Background Thread 1 ] DEBUG FXGLAssetLoaderServi - Loading from file system: jar:file:/C:/Users/Michel/.m2/repository/com/github/almasb/fxgl/17.3/fxgl-17.3.jar!/fxglassets/textures/particles/trace_horizontal.png
07:41:30.058 [FXGL Background Thread 1 ] DEBUG GameApplicationServi - Application scenes initialized
07:41:30.069 [FXGL Background Thread 1 ] DEBUG SystemBundleService  - Loading FXGL system data
07:41:30.073 [FXGL Background Thread 1 ] DEBUG FileSystemAccess     - Reading from: C:\Users\Michel\Documents\GitHub\restaurant\system\fxgl.bundle
07:41:30.080 [FXGL Background Thread 1 ] DEBUG SystemBundleService  - Bundle FXGL: {}
07:41:30.080 [FXGL Background Thread 1 ] DEBUG UpdaterService       - Checking for updates
07:41:30.084 [FXGL Background Thread 4 ] DEBUG FXGLApplication      - Loading fonts
07:41:30.084 [FXGL Background Thread 4 ] DEBUG FXGLAssetLoaderServi - Loading from file system: jar:file:/C:/Users/Michel/.m2/repository/com/github/almasb/fxgl/17.3/fxgl-17.3.jar!/fxglassets/ui/fonts/VarelaRound-Regular.ttf
07:41:30.084 [FXGL Background Thread 1 ] DEBUG FXGLApplication      - Loading default localization
07:41:30.085 [FXGL Background Thread 1 ] DEBUG FXGLAssetLoaderServi - Loading from file system: jar:file:/C:/Users/Michel/.m2/repository/com/github/almasb/fxgl/17.3/fxgl-17.3.jar!/fxglassets/languages/english.lang
07:41:30.108 [FXGL Background Thread 1 ] INFO  FXGLApplication      - FXGL initialization took: 0.334 sec
07:41:30.108 [JavaFX Application Thread] DEBUG FXGLAssetLoaderServi - Loading from file system: jar:file:/C:/Users/Michel/.m2/repository/com/github/almasb/fxgl/17.3/fxgl-17.3.jar!/fxglassets/textures/fxgl_icon.png
07:41:30.110 [FXGL Background Thread 4 ] DEBUG FXGLAssetLoaderServi - Loading from file system: jar:file:/C:/Users/Michel/.m2/repository/com/github/almasb/fxgl/17.3/fxgl-17.3.jar!/fxglassets/ui/fonts/Abel-Regular.ttf
07:41:30.113 [FXGL Background Thread 4 ] DEBUG FXGLAssetLoaderServi - Loading from file system: jar:file:/C:/Users/Michel/.m2/repository/com/github/almasb/fxgl/17.3/fxgl-17.3.jar!/fxglassets/ui/fonts/TerminalLandMono-Regular.otf
07:41:30.115 [FXGL Background Thread 4 ] DEBUG FXGLAssetLoaderServi - Loading from file system: jar:file:/C:/Users/Michel/.m2/repository/com/github/almasb/fxgl/17.3/fxgl-17.3.jar!/fxglassets/ui/fonts/Courier-Prime.ttf
07:41:30.122 [JavaFX Application Thread] DEBUG FXGLAssetLoaderServi - Loading from file system: jar:file:/C:/Users/Michel/.m2/repository/com/github/almasb/fxgl/17.3/fxgl-17.3.jar!/fxglassets/textures/fxgl_default_cursor.png
07:41:30.134 [JavaFX Application Thread] DEBUG Input                - Registered new binding: Screenshot - CTRL+8
07:41:30.134 [JavaFX Application Thread] DEBUG Input                - Registered new binding: System info dump - CTRL+9
07:41:30.134 [JavaFX Application Thread] DEBUG Input                - Registered new binding: Restart - CTRL+R
07:41:30.135 [JavaFX Application Thread] DEBUG Input                - Registered new binding: Toggle Debug Camera - CTRL+7
07:41:30.138 [JavaFX Application Thread] DEBUG LoopRunner           - Starting loop
07:41:30.138 [JavaFX Application Thread] DEBUG LoopRunner           - Initializing JavaFX AnimationTimerLoop
07:41:30.141 [JavaFX Application Thread] DEBUG GameApplicationServi - Starting new game
07:41:30.141 [JavaFX Application Thread] DEBUG Input                - Clearing active input actions
07:41:30.153 [JavaFX Application Thread] DEBUG GameApplicationServi - Removing overlay from FXGLStartupScene and adding to FXGLLoadingScene
07:41:30.154 [JavaFX Application Thread] DEBUG PrimaryStageWindow   - FXGLStartupScene -> FXGLLoadingScene
07:41:30.154 [JavaFX Application Thread] DEBUG GameApplicationServi - Clearing previous game
07:41:30.154 [JavaFX Application Thread] DEBUG GameScene            - Clearing game scene
07:41:30.154 [JavaFX Application Thread] DEBUG GameWorld            - Clearing game world
07:41:30.154 [JavaFX Application Thread] DEBUG PhysicsWorld         - Clearing physics world
07:41:30.155 [FXGL Background Thread 4 ] DEBUG FXGLApplication      - Initializing game
07:41:30.157 [JavaFX Application Thread] DEBUG FXGLApplication      - Registering font factories with UI factory
07:41:30.189 [JavaFX Application Thread] DEBUG LoopRunner           - Stopping loop
07:41:30.191 [JavaFX Application Thread] FATAL FXGLApplication      - Uncaught Exception:
java.lang.RuntimeException: Initialization failed
	at com.almasb.fxgl.app.FXGLApplication$InitAppTask.failed(FXGLApplication.kt:343)
	at javafx.concurrent.Task.setState(Task.java:710)
	at javafx.concurrent.Task$TaskCallable.lambda$call$2(Task.java:1429)
	at com.sun.javafx.application.PlatformImpl.lambda$runLater$10(PlatformImpl.java:456)
	at java.base/java.security.AccessController.doPrivileged(AccessController.java:400)
	at com.sun.javafx.application.PlatformImpl.lambda$runLater$11(PlatformImpl.java:455)
	at com.sun.glass.ui.InvokeLaterDispatcher$Future.run(InvokeLaterDispatcher.java:95)
	at com.sun.glass.ui.win.WinApplication._runLoop(Native Method)
	at com.sun.glass.ui.win.WinApplication.lambda$runLoop$3(WinApplication.java:185)
	at java.base/java.lang.Thread.run(Thread.java:1583)
Caused by: java.lang.NullPointerException: Input stream must not be null
	at javafx.scene.image.Image.validateInputStream(Image.java:1140)
	at javafx.scene.image.Image.<init>(Image.java:707)
	at com.restaurant.simulator.app.MainApp.initGame(MainApp.java:30)
	at com.almasb.fxgl.app.FXGLApplication$InitAppTask.initGame(FXGLApplication.kt:339)
	at com.almasb.fxgl.app.FXGLApplication$InitAppTask.call(FXGLApplication.kt:319)
	at com.almasb.fxgl.app.FXGLApplication$InitAppTask.call(FXGLApplication.kt:311)
	at javafx.concurrent.Task$TaskCallable.call(Task.java:1399)
	at java.base/java.util.concurrent.FutureTask.run(FutureTask.java:317)
	at java.base/java.util.concurrent.Executors$RunnableAdapter.call(Executors.java:572)
	at java.base/java.util.concurrent.FutureTask.run(FutureTask.java:317)
	at java.base/java.util.concurrent.ThreadPoolExecutor.runWorker(ThreadPoolExecutor.java:1144)
	at java.base/java.util.concurrent.ThreadPoolExecutor$Worker.run(ThreadPoolExecutor.java:642)
	... 1 more

07:41:30.191 [JavaFX Application Thread] FATAL FXGLApplication      - Application will now exit
07:41:30.207 [JavaFX Application Thread] DEBUG PrimaryStageWindow   - Push state: ErrorSubScene
07:41:30.208 [JavaFX Application Thread] DEBUG Input                - Clearing active input actions
07:41:30.213 [JavaFX Application Thread] DEBUG GameApplicationServi - Removing overlay from FXGLLoadingScene and adding to ErrorSubScene
07:41:30.213 [JavaFX Application Thread] DEBUG PrimaryStageWindow   - FXGLLoadingScene -> ErrorSubScene
07:41:30.544 [FXGL Background Thread 2 ] INFO  UpdaterService       - Your current version:  17.3
07:41:30.545 [FXGL Background Thread 2 ] INFO  UpdaterService       - Latest stable version: 21.1
07:41:30.841 [JavaFX Application Thread] DEBUG FXGLApplication      - Exiting FXGL
07:41:30.842 [JavaFX Application Thread] DEBUG Async                - Shutting down background threads
07:41:30.842 [JavaFX Application Thread] DEBUG PrimaryStageWindow   - Closing main window
07:41:30.855 [JavaFX Application Thread] DEBUG Logger               - Closing Logger
