14:52:50.087 [main                     ] DEBUG Logger               - Configured Logger
14:52:50.108 [main                     ] DEBUG GameApplication      - Logging settings
Title: Mi Primer Juego FXGL
Version: 0.1
Width: 800
Height: 600
Fullscreen: false
Intro: false
Profiling: false
Single step:false
App Mode: DEVELOPER
Menu Key: ESCAPE
Stage Style: DECORATED
Scene Factory: class com.almasb.fxgl.app.scene.SceneFactory

14:52:50.384 [JavaFX Application Thread] DEBUG FXGLApplication      - Initializing FXGL
14:52:50.387 [JavaFX Application Thread] INFO  Engine               - FXGL-17.3 (30.03.2023 11.49) on WINDOWS (J:21.0.5 FX:21)
14:52:50.387 [JavaFX Application Thread] DEBUG Engine               - JRE Vendor Name: Oracle Corporation
14:52:50.388 [JavaFX Application Thread] DEBUG Engine               - Running on OS: Windows 11 version 10.0
14:52:50.388 [JavaFX Application Thread] DEBUG Engine               - Architecture: amd64
14:52:50.388 [JavaFX Application Thread] INFO  Engine               - Source code and latest versions at: https://github.com/AlmasB/FXGL
14:52:50.388 [JavaFX Application Thread] INFO  Engine               -       Ask questions and discuss at: https://github.com/AlmasB/FXGL/discussions
14:52:50.388 [JavaFX Application Thread] INFO  Engine               -              Join the FXGL chat at: https://gitter.im/AlmasB/FXGL
14:52:50.442 [JavaFX Application Thread] DEBUG PrimaryStageWindow   - Creating a JavaFX scene
14:52:50.473 [JavaFX Application Thread] DEBUG PrimaryStageWindow   - Target settings size: 800.0 x 600.0
14:52:50.473 [JavaFX Application Thread] DEBUG PrimaryStageWindow   - Scaled scene size:    800.0 x 600.0
14:52:50.473 [JavaFX Application Thread] DEBUG PrimaryStageWindow   - Scaled ratio: (1.0, 1.0)
14:52:50.474 [JavaFX Application Thread] DEBUG PrimaryStageWindow   - Set initial scene to FXGLStartupScene
14:52:50.476 [JavaFX Application Thread] DEBUG PrimaryStageWindow   - Opening main window
14:52:50.525 [JavaFX Application Thread] DEBUG PrimaryStageWindow   - Window border size: (14.4000244140625, 37.5999755859375)
14:52:50.525 [JavaFX Application Thread] DEBUG PrimaryStageWindow   - Scaled size: 800.0 x 600.0
14:52:50.525 [JavaFX Application Thread] DEBUG PrimaryStageWindow   - Scaled ratio: (1.0, 1.0)
14:52:50.525 [JavaFX Application Thread] DEBUG PrimaryStageWindow   - Scene size: 800.0 x 600.0
14:52:50.525 [JavaFX Application Thread] DEBUG PrimaryStageWindow   - Stage size: 814.4000244140625 x 637.5999755859375
14:52:50.530 [FXGL Background Thread 1 ] DEBUG Engine               - Initializing environment variables
14:52:50.568 [FXGL Background Thread 1 ] DEBUG FXGLAssetLoaderServi - User app class for loading assets: class com.restaurant.simulator.app.HelloApplication
14:52:50.568 [FXGL Background Thread 1 ] DEBUG GameApplicationServi - Applying CSS: fxgl_dark.css
14:52:50.568 [FXGL Background Thread 1 ] DEBUG FXGLAssetLoaderServi - Loading from file system: jar:file:///C:/Users/Michel/.m2/repository/com/github/almasb/fxgl/17.3/fxgl-17.3.jar!/fxglassets/ui/css/fxgl_dark.css
14:52:50.600 [FXGL Background Thread 1 ] DEBUG GameApplicationServi - Initializing application scenes
14:52:50.640 [FXGL Background Thread 1 ] DEBUG GameWorld            - Game world initialized
14:52:50.689 [FXGL Background Thread 1 ] DEBUG PhysicsWorld         - Physics world initialized: appHeight=600, physics.ppm=50.0
14:52:50.689 [FXGL Background Thread 1 ] DEBUG PhysicsWorld         - Using strategy: BRUTE_FORCE
14:52:50.692 [FXGL Background Thread 1 ] DEBUG GameScene            - Game scene initialized: 800x600
14:52:50.699 [FXGL Background Thread 1 ] DEBUG FXGL.DefaultMenu     - createMenuBodyGameMenu()
14:52:50.706 [FXGL Background Thread 1 ] DEBUG FXGL.DefaultMenu     - createOptionsMenu()
14:52:50.713 [FXGL Background Thread 1 ] DEBUG FXGLAssetLoaderServi - Loading from file system: jar:file:///C:/Users/Michel/.m2/repository/com/github/almasb/fxgl/17.3/fxgl-17.3.jar!/fxglassets/textures/particles/smoke.png
14:52:50.785 [FXGL Background Thread 1 ] DEBUG FXGLAssetLoaderServi - Loading from file system: jar:file:///C:/Users/Michel/.m2/repository/com/github/almasb/fxgl/17.3/fxgl-17.3.jar!/fxglassets/textures/particles/trace_horizontal.png
14:52:50.818 [FXGL Background Thread 1 ] DEBUG GameApplicationServi - Application scenes initialized
14:52:50.826 [FXGL Background Thread 1 ] DEBUG SystemBundleService  - Loading FXGL system data
14:52:50.829 [FXGL Background Thread 1 ] DEBUG FileSystemAccess     - Reading from: C:\Users\Michel\IdeaProjects\demo\system\fxgl.bundle
14:52:50.834 [FXGL Background Thread 1 ] DEBUG SystemBundleService  - Bundle FXGL: {}
14:52:50.835 [FXGL Background Thread 1 ] DEBUG UpdaterService       - Checking for updates
14:52:50.837 [FXGL Background Thread 4 ] DEBUG FXGLApplication      - Loading fonts
14:52:50.837 [FXGL Background Thread 4 ] DEBUG FXGLAssetLoaderServi - Loading from file system: jar:file:///C:/Users/Michel/.m2/repository/com/github/almasb/fxgl/17.3/fxgl-17.3.jar!/fxglassets/ui/fonts/VarelaRound-Regular.ttf
14:52:50.839 [FXGL Background Thread 1 ] DEBUG FXGLApplication      - Loading default localization
14:52:50.839 [FXGL Background Thread 1 ] DEBUG FXGLAssetLoaderServi - Loading from file system: jar:file:///C:/Users/Michel/.m2/repository/com/github/almasb/fxgl/17.3/fxgl-17.3.jar!/fxglassets/languages/english.lang
14:52:50.863 [FXGL Background Thread 4 ] DEBUG FXGLAssetLoaderServi - Loading from file system: jar:file:///C:/Users/Michel/.m2/repository/com/github/almasb/fxgl/17.3/fxgl-17.3.jar!/fxglassets/ui/fonts/Abel-Regular.ttf
14:52:50.866 [FXGL Background Thread 1 ] INFO  FXGLApplication      - FXGL initialization took: 0.336 sec
14:52:50.866 [FXGL Background Thread 4 ] DEBUG FXGLAssetLoaderServi - Loading from file system: jar:file:///C:/Users/Michel/.m2/repository/com/github/almasb/fxgl/17.3/fxgl-17.3.jar!/fxglassets/ui/fonts/TerminalLandMono-Regular.otf
14:52:50.866 [JavaFX Application Thread] DEBUG FXGLAssetLoaderServi - Loading from file system: jar:file:///C:/Users/Michel/.m2/repository/com/github/almasb/fxgl/17.3/fxgl-17.3.jar!/fxglassets/textures/fxgl_icon.png
14:52:50.871 [FXGL Background Thread 4 ] DEBUG FXGLAssetLoaderServi - Loading from file system: jar:file:///C:/Users/Michel/.m2/repository/com/github/almasb/fxgl/17.3/fxgl-17.3.jar!/fxglassets/ui/fonts/Courier-Prime.ttf
14:52:50.878 [JavaFX Application Thread] DEBUG FXGLAssetLoaderServi - Loading from file system: jar:file:///C:/Users/Michel/.m2/repository/com/github/almasb/fxgl/17.3/fxgl-17.3.jar!/fxglassets/textures/fxgl_default_cursor.png
14:52:50.886 [JavaFX Application Thread] DEBUG Input                - Registered new binding: Screenshot - CTRL+8
14:52:50.886 [JavaFX Application Thread] DEBUG Input                - Registered new binding: System info dump - CTRL+9
14:52:50.887 [JavaFX Application Thread] DEBUG Input                - Registered new binding: Restart - CTRL+R
14:52:50.888 [JavaFX Application Thread] DEBUG Input                - Registered new binding: Toggle Debug Camera - CTRL+7
14:52:50.890 [JavaFX Application Thread] DEBUG LoopRunner           - Starting loop
14:52:50.891 [JavaFX Application Thread] DEBUG LoopRunner           - Initializing JavaFX AnimationTimerLoop
14:52:50.893 [JavaFX Application Thread] DEBUG GameApplicationServi - Starting new game
14:52:50.893 [JavaFX Application Thread] DEBUG Input                - Clearing active input actions
14:52:50.903 [JavaFX Application Thread] DEBUG GameApplicationServi - Removing overlay from FXGLStartupScene and adding to FXGLLoadingScene
14:52:50.904 [JavaFX Application Thread] DEBUG PrimaryStageWindow   - FXGLStartupScene -> FXGLLoadingScene
14:52:50.904 [JavaFX Application Thread] DEBUG GameApplicationServi - Clearing previous game
14:52:50.904 [JavaFX Application Thread] DEBUG GameScene            - Clearing game scene
14:52:50.904 [JavaFX Application Thread] DEBUG GameWorld            - Clearing game world
14:52:50.904 [JavaFX Application Thread] DEBUG PhysicsWorld         - Clearing physics world
14:52:50.906 [JavaFX Application Thread] DEBUG FXGLApplication      - Registering font factories with UI factory
14:52:50.906 [FXGL Background Thread 4 ] DEBUG FXGLApplication      - Initializing game
14:52:50.917 [FXGL Background Thread 4 ] WARN  FXGLAssetLoaderServi - Asset "/assets/textures/player.png" was not found!
14:52:50.917 [FXGL Background Thread 4 ] WARN  FXGLAssetLoaderServi - Failed to load IMAGE
14:52:51.006 [FXGL Background Thread 4 ] INFO  FXGLApplication      - Game initialization took: 0.100 sec
14:52:51.018 [JavaFX Application Thread] DEBUG Input                - Clearing active input actions
14:52:51.026 [JavaFX Application Thread] DEBUG GameApplicationServi - Removing overlay from FXGLLoadingScene and adding to GameScene
14:52:51.026 [JavaFX Application Thread] DEBUG PrimaryStageWindow   - FXGLLoadingScene -> GameScene
14:52:51.282 [FXGL Background Thread 2 ] INFO  UpdaterService       - Your current version:  17.3
14:52:51.282 [FXGL Background Thread 2 ] INFO  UpdaterService       - Latest stable version: 21.1
14:52:53.839 [FXGL Background Thread 3 ] DEBUG Engine               - Logging environment variables
14:52:53.839 [FXGL Background Thread 3 ] DEBUG Engine               - achievements: []
14:52:53.839 [FXGL Background Thread 3 ] DEBUG Engine               - actualHeight: 600.0
14:52:53.839 [FXGL Background Thread 3 ] DEBUG Engine               - actualHeightProperty: ReadOnlyDoubleProperty [value: 600.0]
14:52:53.839 [FXGL Background Thread 3 ] DEBUG Engine               - actualWidth: 800.0
14:52:53.839 [FXGL Background Thread 3 ] DEBUG Engine               - actualWidthProperty: ReadOnlyDoubleProperty [value: 800.0]
14:52:53.839 [FXGL Background Thread 3 ] DEBUG Engine               - appIcon: fxgl_icon.png
14:52:53.839 [FXGL Background Thread 3 ] DEBUG Engine               - applicationMode: DEVELOPER
14:52:53.839 [FXGL Background Thread 3 ] DEBUG Engine               - cSSList: [fxgl_dark.css]
14:52:53.839 [FXGL Background Thread 3 ] DEBUG Engine               - collisionDetectionStrategy: BRUTE_FORCE
14:52:53.839 [FXGL Background Thread 3 ] DEBUG Engine               - configClass: Optional.empty
14:52:53.839 [FXGL Background Thread 3 ] DEBUG Engine               - credits: []
14:52:53.841 [FXGL Background Thread 3 ] DEBUG Engine               - defaultCursor: CursorInfo(imageName=fxgl_default_cursor.png, hotspotX=7.0, hotspotY=6.0)
14:52:53.842 [FXGL Background Thread 3 ] DEBUG Engine               - devBBoxColorProperty: ObjectProperty [value: 0xff0000ff]
14:52:53.842 [FXGL Background Thread 3 ] DEBUG Engine               - devEnableDebugCameraProperty: BooleanProperty [value: false]
14:52:53.842 [FXGL Background Thread 3 ] DEBUG Engine               - devSensorColorProperty: ObjectProperty [value: 0xffff00ff]
14:52:53.842 [FXGL Background Thread 3 ] DEBUG Engine               - devShowBBoxProperty: BooleanProperty [value: false]
14:52:53.842 [FXGL Background Thread 3 ] DEBUG Engine               - devShowPositionProperty: BooleanProperty [value: false]
14:52:53.843 [FXGL Background Thread 3 ] DEBUG Engine               - enabledMenuItems: []
14:52:53.843 [FXGL Background Thread 3 ] DEBUG Engine               - engineServices: [class com.almasb.fxgl.app.services.FXGLAssetLoaderService, class com.almasb.fxgl.app.FXGLApplication$GameApplicationService, class com.almasb.fxgl.app.services.FXGLDialogService, class com.almasb.fxgl.app.services.IOTaskExecutorService, class com.almasb.fxgl.io.FileSystemService, class com.almasb.fxgl.localization.LocalizationService, class com.almasb.fxgl.app.services.SystemBundleService, class com.almasb.fxgl.profile.SaveLoadService, class com.almasb.fxgl.ui.FXGLUIFactoryServiceProvider, class com.almasb.fxgl.ui.FXGLDialogFactoryServiceProvider, class com.almasb.fxgl.audio.AudioPlayer, class com.almasb.fxgl.notification.impl.NotificationServiceProvider, class com.almasb.fxgl.achievement.AchievementService, class com.almasb.fxgl.cutscene.CutsceneService, class com.almasb.fxgl.minigames.MiniGameService, class com.almasb.fxgl.net.NetService, class com.almasb.fxgl.app.services.UpdaterService, class com.almasb.fxgl.dev.DevService]
14:52:53.843 [FXGL Background Thread 3 ] DEBUG Engine               - fontGame: Abel-Regular.ttf
14:52:53.843 [FXGL Background Thread 3 ] DEBUG Engine               - fontMono: TerminalLandMono-Regular.otf
14:52:53.843 [FXGL Background Thread 3 ] DEBUG Engine               - fontSizeScaleUI: 1.0
14:52:53.843 [FXGL Background Thread 3 ] DEBUG Engine               - fontText: Courier-Prime.ttf
14:52:53.843 [FXGL Background Thread 3 ] DEBUG Engine               - fontUI: VarelaRound-Regular.ttf
14:52:53.843 [FXGL Background Thread 3 ] DEBUG Engine               - fullScreen: BooleanProperty [value: false]
14:52:53.843 [FXGL Background Thread 3 ] DEBUG Engine               - gameDifficulty: MEDIUM
14:52:53.843 [FXGL Background Thread 3 ] DEBUG Engine               - gameDifficultyProperty: ObjectProperty [value: MEDIUM]
14:52:53.843 [FXGL Background Thread 3 ] DEBUG Engine               - globalMusicVolume: 0.5
14:52:53.843 [FXGL Background Thread 3 ] DEBUG Engine               - globalMusicVolumeProperty: DoubleProperty [value: 0.5]
14:52:53.843 [FXGL Background Thread 3 ] DEBUG Engine               - globalSoundVolume: 0.5
14:52:53.843 [FXGL Background Thread 3 ] DEBUG Engine               - globalSoundVolumeProperty: DoubleProperty [value: 0.5]
14:52:53.845 [FXGL Background Thread 3 ] DEBUG Engine               - height: 600
14:52:53.845 [FXGL Background Thread 3 ] DEBUG Engine               - is3D: false
14:52:53.845 [FXGL Background Thread 3 ] DEBUG Engine               - isAndroid: false
14:52:53.845 [FXGL Background Thread 3 ] DEBUG Engine               - isBrowser: false
14:52:53.845 [FXGL Background Thread 3 ] DEBUG Engine               - isClickFeedbackEnabled: false
14:52:53.845 [FXGL Background Thread 3 ] DEBUG Engine               - isCloseConfirmation: false
14:52:53.845 [FXGL Background Thread 3 ] DEBUG Engine               - isDesktop: true
14:52:53.845 [FXGL Background Thread 3 ] DEBUG Engine               - isDeveloperMenuEnabled: false
14:52:53.845 [FXGL Background Thread 3 ] DEBUG Engine               - isEmbedded: false
14:52:53.845 [FXGL Background Thread 3 ] DEBUG Engine               - isEntityPreloadEnabled: true
14:52:53.845 [FXGL Background Thread 3 ] DEBUG Engine               - isExperimentalTiledLargeMap: false
14:52:53.845 [FXGL Background Thread 3 ] DEBUG Engine               - isFileSystemWriteAllowed: true
14:52:53.845 [FXGL Background Thread 3 ] DEBUG Engine               - isFullScreenAllowed: false
14:52:53.845 [FXGL Background Thread 3 ] DEBUG Engine               - isFullScreenFromStart: false
14:52:53.845 [FXGL Background Thread 3 ] DEBUG Engine               - isGameMenuEnabled: true
14:52:53.846 [FXGL Background Thread 3 ] DEBUG Engine               - isIOS: false
14:52:53.846 [FXGL Background Thread 3 ] DEBUG Engine               - isIntroEnabled: false
14:52:53.846 [FXGL Background Thread 3 ] DEBUG Engine               - isLinux: false
14:52:53.846 [FXGL Background Thread 3 ] DEBUG Engine               - isMac: false
14:52:53.847 [FXGL Background Thread 3 ] DEBUG Engine               - isMainMenuEnabled: false
14:52:53.847 [FXGL Background Thread 3 ] DEBUG Engine               - isManualResizeEnabled: false
14:52:53.847 [FXGL Background Thread 3 ] DEBUG Engine               - isMobile: false
14:52:53.847 [FXGL Background Thread 3 ] DEBUG Engine               - isNative: false
14:52:53.848 [FXGL Background Thread 3 ] DEBUG Engine               - isPauseMusicWhenMinimized: true
14:52:53.848 [FXGL Background Thread 3 ] DEBUG Engine               - isPreserveResizeRatio: false
14:52:53.848 [FXGL Background Thread 3 ] DEBUG Engine               - isProfilingEnabled: false
14:52:53.848 [FXGL Background Thread 3 ] DEBUG Engine               - isScaleAffectedOnResize: true
14:52:53.848 [FXGL Background Thread 3 ] DEBUG Engine               - isSingleStep: false
14:52:53.848 [FXGL Background Thread 3 ] DEBUG Engine               - isUserProfileEnabled: false
14:52:53.848 [FXGL Background Thread 3 ] DEBUG Engine               - isWindows: true
14:52:53.851 [FXGL Background Thread 3 ] DEBUG Engine               - language: ObjectProperty [value: ENGLISH]
14:52:53.851 [FXGL Background Thread 3 ] DEBUG Engine               - menuKey: ESCAPE
14:52:53.851 [FXGL Background Thread 3 ] DEBUG Engine               - mouseSensitivity: 0.2
14:52:53.851 [FXGL Background Thread 3 ] DEBUG Engine               - notificationViewClass: class com.almasb.fxgl.notification.view.XboxNotificationView
14:52:53.851 [FXGL Background Thread 3 ] DEBUG Engine               - pixelsPerMeter: 50.0
14:52:53.851 [FXGL Background Thread 3 ] DEBUG Engine               - platform: WINDOWS
14:52:53.851 [FXGL Background Thread 3 ] DEBUG Engine               - prefHeightProperty: ReadOnlyDoubleProperty [value: 600.0]
14:52:53.851 [FXGL Background Thread 3 ] DEBUG Engine               - prefWidthProperty: ReadOnlyDoubleProperty [value: 800.0]
14:52:53.851 [FXGL Background Thread 3 ] DEBUG Engine               - profileDir: profiles/
14:52:53.851 [FXGL Background Thread 3 ] DEBUG Engine               - profileName: StringProperty [value: DEFAULT]
14:52:53.851 [FXGL Background Thread 3 ] DEBUG Engine               - randomSeed: -1
14:52:53.852 [FXGL Background Thread 3 ] DEBUG Engine               - runtimeInfo: RuntimeInfo(platform=WINDOWS, version=17.3, build=30.03.2023 11.49)
14:52:53.852 [FXGL Background Thread 3 ] DEBUG Engine               - saveFileExt: sav
14:52:53.852 [FXGL Background Thread 3 ] DEBUG Engine               - scaledHeightProp$fxgl: DoubleProperty [bound, value: 600.0]
14:52:53.852 [FXGL Background Thread 3 ] DEBUG Engine               - scaledWidthProp$fxgl: DoubleProperty [bound, value: 800.0]
14:52:53.852 [FXGL Background Thread 3 ] DEBUG Engine               - sceneFactory: com.almasb.fxgl.app.scene.SceneFactory@511f058c
14:52:53.852 [FXGL Background Thread 3 ] DEBUG Engine               - secondsIn24h: 60
14:52:53.852 [FXGL Background Thread 3 ] DEBUG Engine               - soundMenuBack: menu/back.wav
14:52:53.852 [FXGL Background Thread 3 ] DEBUG Engine               - soundMenuPress: menu/press.wav
14:52:53.852 [FXGL Background Thread 3 ] DEBUG Engine               - soundMenuSelect: menu/select.wav
14:52:53.853 [FXGL Background Thread 3 ] DEBUG Engine               - soundNotification: core/notification.wav
14:52:53.853 [FXGL Background Thread 3 ] DEBUG Engine               - stageStyle: DECORATED
14:52:53.853 [FXGL Background Thread 3 ] DEBUG Engine               - supportedLanguages: [ENGLISH, FRENCH, GERMAN, HUNGARIAN, RUSSIAN]
14:52:53.853 [FXGL Background Thread 3 ] DEBUG Engine               - ticksPerSecond: -1
14:52:53.853 [FXGL Background Thread 3 ] DEBUG Engine               - title: Mi Primer Juego FXGL
14:52:53.853 [FXGL Background Thread 3 ] DEBUG Engine               - urlGithub: https://github.com/AlmasB/FXGL
14:52:53.853 [FXGL Background Thread 3 ] DEBUG Engine               - urlLeaderboard: http://fxgl-top.herokuapp.com/
14:52:53.853 [FXGL Background Thread 3 ] DEBUG Engine               - urlPOM: https://raw.githubusercontent.com/AlmasB/FXGL/release/README.md
14:52:53.853 [FXGL Background Thread 3 ] DEBUG Engine               - userAppClass: class com.restaurant.simulator.app.HelloApplication
14:52:53.853 [FXGL Background Thread 3 ] DEBUG Engine               - version: 0.1
14:52:53.853 [FXGL Background Thread 3 ] DEBUG Engine               - versionCheckDays: 7
14:52:53.853 [FXGL Background Thread 3 ] DEBUG Engine               - width: 800
14:52:53.853 [FXGL Background Thread 3 ] DEBUG Engine               - Logging services
14:52:53.853 [FXGL Background Thread 3 ] DEBUG Engine               - class com.almasb.fxgl.app.services.FXGLAssetLoaderService
14:52:53.853 [FXGL Background Thread 3 ] DEBUG Engine               - class com.almasb.fxgl.app.FXGLApplication$GameApplicationService
14:52:53.853 [FXGL Background Thread 3 ] DEBUG Engine               - class com.almasb.fxgl.app.services.FXGLDialogService
14:52:53.853 [FXGL Background Thread 3 ] DEBUG Engine               - class com.almasb.fxgl.app.services.IOTaskExecutorService
14:52:53.853 [FXGL Background Thread 3 ] DEBUG Engine               - class com.almasb.fxgl.io.FileSystemService
14:52:53.853 [FXGL Background Thread 3 ] DEBUG Engine               - class com.almasb.fxgl.localization.LocalizationService
14:52:53.853 [FXGL Background Thread 3 ] DEBUG Engine               - class com.almasb.fxgl.app.services.SystemBundleService
14:52:53.853 [FXGL Background Thread 3 ] DEBUG Engine               - class com.almasb.fxgl.profile.SaveLoadService
14:52:53.853 [FXGL Background Thread 3 ] DEBUG Engine               - class com.almasb.fxgl.ui.FXGLUIFactoryServiceProvider
14:52:53.853 [FXGL Background Thread 3 ] DEBUG Engine               - class com.almasb.fxgl.ui.FXGLDialogFactoryServiceProvider
14:52:53.853 [FXGL Background Thread 3 ] DEBUG Engine               - class com.almasb.fxgl.audio.AudioPlayer
14:52:53.853 [FXGL Background Thread 3 ] DEBUG Engine               - class com.almasb.fxgl.notification.impl.NotificationServiceProvider
14:52:53.853 [FXGL Background Thread 3 ] DEBUG Engine               - class com.almasb.fxgl.achievement.AchievementService
14:52:53.853 [FXGL Background Thread 3 ] DEBUG Engine               - class com.almasb.fxgl.cutscene.CutsceneService
14:52:53.853 [FXGL Background Thread 3 ] DEBUG Engine               - class com.almasb.fxgl.minigames.MiniGameService
14:52:53.853 [FXGL Background Thread 3 ] DEBUG Engine               - class com.almasb.fxgl.net.NetService
14:52:53.853 [FXGL Background Thread 3 ] DEBUG Engine               - class com.almasb.fxgl.app.services.UpdaterService
14:52:53.853 [FXGL Background Thread 3 ] DEBUG Engine               - class com.almasb.fxgl.dev.DevService
14:52:54.573 [JavaFX Application Thread] DEBUG FXGLApplication      - Exiting FXGL
14:52:54.573 [JavaFX Application Thread] DEBUG LoopRunner           - Stopping loop
14:52:54.573 [JavaFX Application Thread] DEBUG SystemBundleService  - Saving FXGL system data
14:52:54.574 [JavaFX Application Thread] DEBUG FileSystemAccess     - Writing to: C:\Users\Michel\IdeaProjects\demo\system\fxgl.bundle
14:52:54.578 [JavaFX Application Thread] DEBUG Async                - Shutting down background threads
14:52:54.578 [JavaFX Application Thread] DEBUG PrimaryStageWindow   - Closing main window
14:52:54.587 [JavaFX Application Thread] DEBUG Logger               - Closing Logger
