10:33:18.623 [main                     ] DEBUG Logger               - Configured Logger
10:33:18.642 [main                     ] DEBUG GameApplication      - Logging settings
Title: Mi Primer Juego FXGL
Version: 0.1
Width: 1200
Height: 700
Fullscreen: false
Intro: false
Profiling: false
Single step:false
App Mode: DEVELOPER
Menu Key: ESCAPE
Stage Style: DECORATED
Scene Factory: class com.almasb.fxgl.app.scene.SceneFactory

10:33:18.926 [JavaFX Application Thread] DEBUG FXGLApplication      - Initializing FXGL
10:33:18.929 [JavaFX Application Thread] INFO  Engine               - FXGL-17.3 (30.03.2023 11.49) on WINDOWS (J:21.0.5 FX:21)
10:33:18.930 [JavaFX Application Thread] DEBUG Engine               - JRE Vendor Name: Oracle Corporation
10:33:18.930 [JavaFX Application Thread] DEBUG Engine               - Running on OS: Windows 11 version 10.0
10:33:18.930 [JavaFX Application Thread] DEBUG Engine               - Architecture: amd64
10:33:18.930 [JavaFX Application Thread] INFO  Engine               - Source code and latest versions at: https://github.com/AlmasB/FXGL
10:33:18.930 [JavaFX Application Thread] INFO  Engine               -       Ask questions and discuss at: https://github.com/AlmasB/FXGL/discussions
10:33:18.931 [JavaFX Application Thread] INFO  Engine               -              Join the FXGL chat at: https://gitter.im/AlmasB/FXGL
10:33:18.987 [JavaFX Application Thread] DEBUG PrimaryStageWindow   - Creating a JavaFX scene
10:33:19.017 [JavaFX Application Thread] DEBUG PrimaryStageWindow   - Target settings size: 1200.0 x 700.0
10:33:19.018 [JavaFX Application Thread] DEBUG PrimaryStageWindow   - Scaled scene size:    1200.0 x 700.0
10:33:19.018 [JavaFX Application Thread] DEBUG PrimaryStageWindow   - Scaled ratio: (1.0, 1.0)
10:33:19.018 [JavaFX Application Thread] DEBUG PrimaryStageWindow   - Set initial scene to FXGLStartupScene
10:33:19.021 [JavaFX Application Thread] DEBUG PrimaryStageWindow   - Opening main window
10:33:19.070 [JavaFX Application Thread] DEBUG PrimaryStageWindow   - Window border size: (14.4000244140625, 37.5999755859375)
10:33:19.070 [JavaFX Application Thread] DEBUG PrimaryStageWindow   - Scaled size: 1200.0 x 700.0
10:33:19.070 [JavaFX Application Thread] DEBUG PrimaryStageWindow   - Scaled ratio: (1.0, 1.0)
10:33:19.070 [JavaFX Application Thread] DEBUG PrimaryStageWindow   - Scene size: 1200.0 x 700.0
10:33:19.070 [JavaFX Application Thread] DEBUG PrimaryStageWindow   - Stage size: 1214.4000244140625 x 737.5999755859375
10:33:19.075 [FXGL Background Thread 1 ] DEBUG Engine               - Initializing environment variables
10:33:19.113 [FXGL Background Thread 1 ] DEBUG FXGLAssetLoaderServi - User app class for loading assets: class com.restaurant.simulator.app.HelloApplication
10:33:19.113 [FXGL Background Thread 1 ] DEBUG GameApplicationServi - Applying CSS: fxgl_dark.css
10:33:19.113 [FXGL Background Thread 1 ] DEBUG FXGLAssetLoaderServi - Loading from file system: jar:file:///C:/Users/Michel/.m2/repository/com/github/almasb/fxgl/17.3/fxgl-17.3.jar!/fxglassets/ui/css/fxgl_dark.css
10:33:19.145 [FXGL Background Thread 1 ] DEBUG GameApplicationServi - Initializing application scenes
10:33:19.186 [FXGL Background Thread 1 ] DEBUG GameWorld            - Game world initialized
10:33:19.241 [FXGL Background Thread 1 ] DEBUG PhysicsWorld         - Physics world initialized: appHeight=700, physics.ppm=50.0
10:33:19.241 [FXGL Background Thread 1 ] DEBUG PhysicsWorld         - Using strategy: BRUTE_FORCE
10:33:19.244 [FXGL Background Thread 1 ] DEBUG GameScene            - Game scene initialized: 1200x700
10:33:19.251 [FXGL Background Thread 1 ] DEBUG FXGL.DefaultMenu     - createMenuBodyGameMenu()
10:33:19.259 [FXGL Background Thread 1 ] DEBUG FXGL.DefaultMenu     - createOptionsMenu()
10:33:19.266 [FXGL Background Thread 1 ] DEBUG FXGLAssetLoaderServi - Loading from file system: jar:file:///C:/Users/Michel/.m2/repository/com/github/almasb/fxgl/17.3/fxgl-17.3.jar!/fxglassets/textures/particles/smoke.png
10:33:19.338 [FXGL Background Thread 1 ] DEBUG FXGLAssetLoaderServi - Loading from file system: jar:file:///C:/Users/Michel/.m2/repository/com/github/almasb/fxgl/17.3/fxgl-17.3.jar!/fxglassets/textures/particles/trace_horizontal.png
10:33:19.357 [FXGL Background Thread 1 ] DEBUG GameApplicationServi - Application scenes initialized
10:33:19.367 [FXGL Background Thread 1 ] DEBUG SystemBundleService  - Loading FXGL system data
10:33:19.369 [FXGL Background Thread 1 ] DEBUG FileSystemAccess     - Reading from: C:\Users\Michel\IdeaProjects\restaurant\system\fxgl.bundle
10:33:19.376 [FXGL Background Thread 1 ] DEBUG SystemBundleService  - Bundle FXGL: {}
10:33:19.376 [FXGL Background Thread 1 ] DEBUG UpdaterService       - Checking for updates
10:33:19.378 [FXGL Background Thread 4 ] DEBUG FXGLApplication      - Loading fonts
10:33:19.378 [FXGL Background Thread 1 ] DEBUG FXGLApplication      - Loading default localization
10:33:19.379 [FXGL Background Thread 1 ] DEBUG FXGLAssetLoaderServi - Loading from file system: jar:file:///C:/Users/Michel/.m2/repository/com/github/almasb/fxgl/17.3/fxgl-17.3.jar!/fxglassets/languages/english.lang
10:33:19.379 [FXGL Background Thread 4 ] DEBUG FXGLAssetLoaderServi - Loading from file system: jar:file:///C:/Users/Michel/.m2/repository/com/github/almasb/fxgl/17.3/fxgl-17.3.jar!/fxglassets/ui/fonts/VarelaRound-Regular.ttf
10:33:19.403 [FXGL Background Thread 4 ] DEBUG FXGLAssetLoaderServi - Loading from file system: jar:file:///C:/Users/Michel/.m2/repository/com/github/almasb/fxgl/17.3/fxgl-17.3.jar!/fxglassets/ui/fonts/Abel-Regular.ttf
10:33:19.407 [FXGL Background Thread 4 ] DEBUG FXGLAssetLoaderServi - Loading from file system: jar:file:///C:/Users/Michel/.m2/repository/com/github/almasb/fxgl/17.3/fxgl-17.3.jar!/fxglassets/ui/fonts/TerminalLandMono-Regular.otf
10:33:19.408 [FXGL Background Thread 1 ] INFO  FXGLApplication      - FXGL initialization took: 0.333 sec
10:33:19.410 [JavaFX Application Thread] WARN  FXGLAssetLoaderServi - Asset "/assets/textures/icon.png" was not found!
10:33:19.410 [JavaFX Application Thread] WARN  FXGLAssetLoaderServi - Failed to load IMAGE
10:33:19.411 [FXGL Background Thread 4 ] DEBUG FXGLAssetLoaderServi - Loading from file system: jar:file:///C:/Users/Michel/.m2/repository/com/github/almasb/fxgl/17.3/fxgl-17.3.jar!/fxglassets/ui/fonts/Courier-Prime.ttf
10:33:19.419 [JavaFX Application Thread] DEBUG FXGLAssetLoaderServi - Loading from file system: jar:file:///C:/Users/Michel/.m2/repository/com/github/almasb/fxgl/17.3/fxgl-17.3.jar!/fxglassets/textures/fxgl_default_cursor.png
10:33:19.425 [JavaFX Application Thread] DEBUG Input                - Registered new binding: Screenshot - CTRL+8
10:33:19.426 [JavaFX Application Thread] DEBUG Input                - Registered new binding: System info dump - CTRL+9
10:33:19.427 [JavaFX Application Thread] DEBUG Input                - Registered new binding: Restart - CTRL+R
10:33:19.427 [JavaFX Application Thread] DEBUG Input                - Registered new binding: Toggle Debug Camera - CTRL+7
10:33:19.429 [JavaFX Application Thread] DEBUG LoopRunner           - Starting loop
10:33:19.429 [JavaFX Application Thread] DEBUG LoopRunner           - Initializing JavaFX AnimationTimerLoop
10:33:19.430 [JavaFX Application Thread] DEBUG GameApplicationServi - Starting new game
10:33:19.430 [JavaFX Application Thread] DEBUG Input                - Clearing active input actions
10:33:19.442 [JavaFX Application Thread] DEBUG GameApplicationServi - Removing overlay from FXGLStartupScene and adding to FXGLLoadingScene
10:33:19.443 [JavaFX Application Thread] DEBUG PrimaryStageWindow   - FXGLStartupScene -> FXGLLoadingScene
10:33:19.443 [JavaFX Application Thread] DEBUG GameApplicationServi - Clearing previous game
10:33:19.443 [JavaFX Application Thread] DEBUG GameScene            - Clearing game scene
10:33:19.443 [JavaFX Application Thread] DEBUG GameWorld            - Clearing game world
10:33:19.443 [JavaFX Application Thread] DEBUG PhysicsWorld         - Clearing physics world
10:33:19.445 [JavaFX Application Thread] DEBUG FXGLApplication      - Registering font factories with UI factory
10:33:19.445 [FXGL Background Thread 4 ] DEBUG FXGLApplication      - Initializing game
10:33:19.466 [FXGL Background Thread 4 ] INFO  FXGLApplication      - Game initialization took: 0.021 sec
10:33:19.480 [JavaFX Application Thread] DEBUG Input                - Clearing active input actions
10:33:19.485 [JavaFX Application Thread] DEBUG GameApplicationServi - Removing overlay from FXGLLoadingScene and adding to GameScene
10:33:19.485 [JavaFX Application Thread] DEBUG PrimaryStageWindow   - FXGLLoadingScene -> GameScene
10:33:19.809 [FXGL Background Thread 2 ] INFO  UpdaterService       - Your current version:  17.3
10:33:19.809 [FXGL Background Thread 2 ] INFO  UpdaterService       - Latest stable version: 21.1
10:33:21.657 [JavaFX Application Thread] DEBUG FXGLApplication      - Exiting FXGL
10:33:21.657 [JavaFX Application Thread] DEBUG LoopRunner           - Stopping loop
10:33:21.657 [JavaFX Application Thread] DEBUG SystemBundleService  - Saving FXGL system data
10:33:21.659 [JavaFX Application Thread] DEBUG FileSystemAccess     - Writing to: C:\Users\Michel\IdeaProjects\restaurant\system\fxgl.bundle
10:33:21.662 [JavaFX Application Thread] DEBUG Async                - Shutting down background threads
10:33:21.662 [JavaFX Application Thread] DEBUG PrimaryStageWindow   - Closing main window
10:33:21.672 [JavaFX Application Thread] DEBUG Logger               - Closing Logger
