10:33:00.462 [main                     ] DEBUG Logger               - Configured Logger
10:33:00.482 [main                     ] DEBUG GameApplication      - Logging settings
Title: Mi Primer Juego FXGL
Version: 0.1
Width: 1200
Height: 900
Fullscreen: false
Intro: false
Profiling: false
Single step:false
App Mode: DEVELOPER
Menu Key: ESCAPE
Stage Style: DECORATED
Scene Factory: class com.almasb.fxgl.app.scene.SceneFactory

10:33:00.772 [JavaFX Application Thread] DEBUG FXGLApplication      - Initializing FXGL
10:33:00.775 [JavaFX Application Thread] INFO  Engine               - FXGL-17.3 (30.03.2023 11.49) on WINDOWS (J:21.0.5 FX:21)
10:33:00.775 [JavaFX Application Thread] DEBUG Engine               - JRE Vendor Name: Oracle Corporation
10:33:00.775 [JavaFX Application Thread] DEBUG Engine               - Running on OS: Windows 11 version 10.0
10:33:00.775 [JavaFX Application Thread] DEBUG Engine               - Architecture: amd64
10:33:00.775 [JavaFX Application Thread] INFO  Engine               - Source code and latest versions at: https://github.com/AlmasB/FXGL
10:33:00.776 [JavaFX Application Thread] INFO  Engine               -       Ask questions and discuss at: https://github.com/AlmasB/FXGL/discussions
10:33:00.776 [JavaFX Application Thread] INFO  Engine               -              Join the FXGL chat at: https://gitter.im/AlmasB/FXGL
10:33:00.830 [JavaFX Application Thread] DEBUG PrimaryStageWindow   - Creating a JavaFX scene
10:33:00.830 [JavaFX Application Thread] DEBUG PrimaryStageWindow   - Target size > screen size
10:33:00.860 [JavaFX Application Thread] DEBUG PrimaryStageWindow   - Target settings size: 1200.0 x 900.0
10:33:00.860 [JavaFX Application Thread] DEBUG PrimaryStageWindow   - Scaled scene size:    1063.0 x 816.0
10:33:00.861 [JavaFX Application Thread] DEBUG PrimaryStageWindow   - Scaled ratio: (0.8858333333333334, 0.9066666666666666)
10:33:00.861 [JavaFX Application Thread] DEBUG PrimaryStageWindow   - Set initial scene to FXGLStartupScene
10:33:00.863 [JavaFX Application Thread] DEBUG PrimaryStageWindow   - Opening main window
10:33:00.916 [JavaFX Application Thread] DEBUG PrimaryStageWindow   - Window border size: (14.5999755859375, 37.5999755859375)
10:33:00.916 [JavaFX Application Thread] DEBUG PrimaryStageWindow   - Scaled size: 1063.0 x 816.0
10:33:00.916 [JavaFX Application Thread] DEBUG PrimaryStageWindow   - Scaled ratio: (0.8858333333333334, 0.9066666666666666)
10:33:00.916 [JavaFX Application Thread] DEBUG PrimaryStageWindow   - Scene size: 1063.0 x 816.0
10:33:00.916 [JavaFX Application Thread] DEBUG PrimaryStageWindow   - Stage size: 1077.5999755859375 x 853.5999755859375
10:33:00.921 [FXGL Background Thread 1 ] DEBUG Engine               - Initializing environment variables
10:33:00.957 [FXGL Background Thread 1 ] DEBUG FXGLAssetLoaderServi - User app class for loading assets: class com.restaurant.simulator.app.HelloApplication
10:33:00.957 [FXGL Background Thread 1 ] DEBUG GameApplicationServi - Applying CSS: fxgl_dark.css
10:33:00.958 [FXGL Background Thread 1 ] DEBUG FXGLAssetLoaderServi - Loading from file system: jar:file:///C:/Users/Michel/.m2/repository/com/github/almasb/fxgl/17.3/fxgl-17.3.jar!/fxglassets/ui/css/fxgl_dark.css
10:33:00.993 [FXGL Background Thread 1 ] DEBUG GameApplicationServi - Initializing application scenes
10:33:01.033 [FXGL Background Thread 1 ] DEBUG GameWorld            - Game world initialized
10:33:01.080 [FXGL Background Thread 1 ] DEBUG PhysicsWorld         - Physics world initialized: appHeight=900, physics.ppm=50.0
10:33:01.080 [FXGL Background Thread 1 ] DEBUG PhysicsWorld         - Using strategy: BRUTE_FORCE
10:33:01.083 [FXGL Background Thread 1 ] DEBUG GameScene            - Game scene initialized: 1200x900
10:33:01.090 [FXGL Background Thread 1 ] DEBUG FXGL.DefaultMenu     - createMenuBodyGameMenu()
10:33:01.097 [FXGL Background Thread 1 ] DEBUG FXGL.DefaultMenu     - createOptionsMenu()
10:33:01.104 [FXGL Background Thread 1 ] DEBUG FXGLAssetLoaderServi - Loading from file system: jar:file:///C:/Users/Michel/.m2/repository/com/github/almasb/fxgl/17.3/fxgl-17.3.jar!/fxglassets/textures/particles/smoke.png
10:33:01.171 [FXGL Background Thread 1 ] DEBUG FXGLAssetLoaderServi - Loading from file system: jar:file:///C:/Users/Michel/.m2/repository/com/github/almasb/fxgl/17.3/fxgl-17.3.jar!/fxglassets/textures/particles/trace_horizontal.png
10:33:01.194 [FXGL Background Thread 1 ] DEBUG GameApplicationServi - Application scenes initialized
10:33:01.203 [FXGL Background Thread 1 ] DEBUG SystemBundleService  - Loading FXGL system data
10:33:01.205 [FXGL Background Thread 1 ] DEBUG FileSystemAccess     - Reading from: C:\Users\Michel\IdeaProjects\restaurant\system\fxgl.bundle
10:33:01.211 [FXGL Background Thread 1 ] DEBUG SystemBundleService  - Bundle FXGL: {}
10:33:01.211 [FXGL Background Thread 1 ] DEBUG UpdaterService       - Checking for updates
10:33:01.214 [FXGL Background Thread 4 ] DEBUG FXGLApplication      - Loading fonts
10:33:01.215 [FXGL Background Thread 1 ] DEBUG FXGLApplication      - Loading default localization
10:33:01.215 [FXGL Background Thread 4 ] DEBUG FXGLAssetLoaderServi - Loading from file system: jar:file:///C:/Users/Michel/.m2/repository/com/github/almasb/fxgl/17.3/fxgl-17.3.jar!/fxglassets/ui/fonts/VarelaRound-Regular.ttf
10:33:01.215 [FXGL Background Thread 1 ] DEBUG FXGLAssetLoaderServi - Loading from file system: jar:file:///C:/Users/Michel/.m2/repository/com/github/almasb/fxgl/17.3/fxgl-17.3.jar!/fxglassets/languages/english.lang
10:33:01.240 [FXGL Background Thread 1 ] INFO  FXGLApplication      - FXGL initialization took: 0.320 sec
10:33:01.241 [FXGL Background Thread 4 ] DEBUG FXGLAssetLoaderServi - Loading from file system: jar:file:///C:/Users/Michel/.m2/repository/com/github/almasb/fxgl/17.3/fxgl-17.3.jar!/fxglassets/ui/fonts/Abel-Regular.ttf
10:33:01.242 [JavaFX Application Thread] WARN  FXGLAssetLoaderServi - Asset "/assets/textures/icon.png" was not found!
10:33:01.242 [JavaFX Application Thread] WARN  FXGLAssetLoaderServi - Failed to load IMAGE
10:33:01.244 [FXGL Background Thread 4 ] DEBUG FXGLAssetLoaderServi - Loading from file system: jar:file:///C:/Users/Michel/.m2/repository/com/github/almasb/fxgl/17.3/fxgl-17.3.jar!/fxglassets/ui/fonts/TerminalLandMono-Regular.otf
10:33:01.247 [FXGL Background Thread 4 ] DEBUG FXGLAssetLoaderServi - Loading from file system: jar:file:///C:/Users/Michel/.m2/repository/com/github/almasb/fxgl/17.3/fxgl-17.3.jar!/fxglassets/ui/fonts/Courier-Prime.ttf
10:33:01.250 [JavaFX Application Thread] DEBUG FXGLAssetLoaderServi - Loading from file system: jar:file:///C:/Users/Michel/.m2/repository/com/github/almasb/fxgl/17.3/fxgl-17.3.jar!/fxglassets/textures/fxgl_default_cursor.png
10:33:01.257 [JavaFX Application Thread] DEBUG Input                - Registered new binding: Screenshot - CTRL+8
10:33:01.257 [JavaFX Application Thread] DEBUG Input                - Registered new binding: System info dump - CTRL+9
10:33:01.258 [JavaFX Application Thread] DEBUG Input                - Registered new binding: Restart - CTRL+R
10:33:01.258 [JavaFX Application Thread] DEBUG Input                - Registered new binding: Toggle Debug Camera - CTRL+7
10:33:01.260 [JavaFX Application Thread] DEBUG LoopRunner           - Starting loop
10:33:01.260 [JavaFX Application Thread] DEBUG LoopRunner           - Initializing JavaFX AnimationTimerLoop
10:33:01.261 [JavaFX Application Thread] DEBUG GameApplicationServi - Starting new game
10:33:01.261 [JavaFX Application Thread] DEBUG Input                - Clearing active input actions
10:33:01.271 [JavaFX Application Thread] DEBUG GameApplicationServi - Removing overlay from FXGLStartupScene and adding to FXGLLoadingScene
10:33:01.271 [JavaFX Application Thread] DEBUG PrimaryStageWindow   - FXGLStartupScene -> FXGLLoadingScene
10:33:01.271 [JavaFX Application Thread] DEBUG GameApplicationServi - Clearing previous game
10:33:01.271 [JavaFX Application Thread] DEBUG GameScene            - Clearing game scene
10:33:01.271 [JavaFX Application Thread] DEBUG GameWorld            - Clearing game world
10:33:01.271 [JavaFX Application Thread] DEBUG PhysicsWorld         - Clearing physics world
10:33:01.273 [FXGL Background Thread 4 ] DEBUG FXGLApplication      - Initializing game
10:33:01.275 [JavaFX Application Thread] DEBUG FXGLApplication      - Registering font factories with UI factory
10:33:01.293 [FXGL Background Thread 4 ] INFO  FXGLApplication      - Game initialization took: 0.020 sec
10:33:01.313 [JavaFX Application Thread] DEBUG Input                - Clearing active input actions
10:33:01.318 [JavaFX Application Thread] DEBUG GameApplicationServi - Removing overlay from FXGLLoadingScene and adding to GameScene
10:33:01.318 [JavaFX Application Thread] DEBUG PrimaryStageWindow   - FXGLLoadingScene -> GameScene
10:33:01.610 [FXGL Background Thread 2 ] INFO  UpdaterService       - Your current version:  17.3
10:33:01.611 [FXGL Background Thread 2 ] INFO  UpdaterService       - Latest stable version: 21.1
10:33:02.473 [JavaFX Application Thread] DEBUG FXGLApplication      - Exiting FXGL
10:33:02.473 [JavaFX Application Thread] DEBUG LoopRunner           - Stopping loop
10:33:02.473 [JavaFX Application Thread] DEBUG SystemBundleService  - Saving FXGL system data
10:33:02.475 [JavaFX Application Thread] DEBUG FileSystemAccess     - Writing to: C:\Users\Michel\IdeaProjects\restaurant\system\fxgl.bundle
10:33:02.477 [JavaFX Application Thread] DEBUG Async                - Shutting down background threads
10:33:02.477 [JavaFX Application Thread] DEBUG PrimaryStageWindow   - Closing main window
10:33:02.488 [JavaFX Application Thread] DEBUG Logger               - Closing Logger
