14:43:02.206 [main                     ] DEBUG Logger               - Configured Logger
14:43:02.249 [main                     ] DEBUG GameApplication      - Logging settings
Title: Restaurant Simulation
Version: 1.0
Width: 800
Height: 600
Fullscreen: false
Intro: false
Profiling: false
Single step:false
App Mode: DEVELOPER
Menu Key: ESCAPE
Stage Style: DECORATED
Scene Factory: class com.almasb.fxgl.app.scene.SceneFactory

14:43:02.849 [JavaFX Application Thread] DEBUG FXGLApplication      - Initializing FXGL
14:43:02.854 [JavaFX Application Thread] INFO  Engine               - FXGL-17.3 (30.03.2023 11.49) on WINDOWS (J:21.0.5 FX:21)
14:43:02.854 [JavaFX Application Thread] DEBUG Engine               - JRE Vendor Name: Oracle Corporation
14:43:02.855 [JavaFX Application Thread] DEBUG Engine               - Running on OS: Windows 11 version 10.0
14:43:02.855 [JavaFX Application Thread] DEBUG Engine               - Architecture: amd64
14:43:02.855 [JavaFX Application Thread] INFO  Engine               - Source code and latest versions at: https://github.com/AlmasB/FXGL
14:43:02.855 [JavaFX Application Thread] INFO  Engine               -       Ask questions and discuss at: https://github.com/AlmasB/FXGL/discussions
14:43:02.855 [JavaFX Application Thread] INFO  Engine               -              Join the FXGL chat at: https://gitter.im/AlmasB/FXGL
14:43:02.988 [JavaFX Application Thread] DEBUG PrimaryStageWindow   - Creating a JavaFX scene
14:43:03.046 [JavaFX Application Thread] DEBUG PrimaryStageWindow   - Target settings size: 800.0 x 600.0
14:43:03.046 [JavaFX Application Thread] DEBUG PrimaryStageWindow   - Scaled scene size:    800.0 x 600.0
14:43:03.047 [JavaFX Application Thread] DEBUG PrimaryStageWindow   - Scaled ratio: (1.0, 1.0)
14:43:03.048 [JavaFX Application Thread] DEBUG PrimaryStageWindow   - Set initial scene to FXGLStartupScene
14:43:03.051 [JavaFX Application Thread] DEBUG PrimaryStageWindow   - Opening main window
14:43:03.163 [JavaFX Application Thread] DEBUG PrimaryStageWindow   - Window border size: (14.4000244140625, 37.5999755859375)
14:43:03.163 [JavaFX Application Thread] DEBUG PrimaryStageWindow   - Scaled size: 800.0 x 600.0
14:43:03.164 [JavaFX Application Thread] DEBUG PrimaryStageWindow   - Scaled ratio: (1.0, 1.0)
14:43:03.164 [JavaFX Application Thread] DEBUG PrimaryStageWindow   - Scene size: 800.0 x 600.0
14:43:03.165 [JavaFX Application Thread] DEBUG PrimaryStageWindow   - Stage size: 814.4000244140625 x 637.5999755859375
14:43:03.173 [FXGL Background Thread 1 ] DEBUG Engine               - Initializing environment variables
14:43:03.252 [FXGL Background Thread 1 ] DEBUG FXGLAssetLoaderServi - User app class for loading assets: class com.restaurant.simulator.app.MainApp
14:43:03.253 [FXGL Background Thread 1 ] DEBUG GameApplicationServi - Applying CSS: fxgl_dark.css
14:43:03.254 [FXGL Background Thread 1 ] DEBUG FXGLAssetLoaderServi - Loading from file system: jar:file:/C:/Users/Michel/.m2/repository/com/github/almasb/fxgl/17.3/fxgl-17.3.jar!/fxglassets/ui/css/fxgl_dark.css
14:43:03.308 [FXGL Background Thread 1 ] DEBUG GameApplicationServi - Initializing application scenes
14:43:03.397 [FXGL Background Thread 1 ] DEBUG GameWorld            - Game world initialized
14:43:03.489 [FXGL Background Thread 1 ] DEBUG PhysicsWorld         - Physics world initialized: appHeight=600, physics.ppm=50.0
14:43:03.489 [FXGL Background Thread 1 ] DEBUG PhysicsWorld         - Using strategy: BRUTE_FORCE
14:43:03.495 [FXGL Background Thread 1 ] DEBUG GameScene            - Game scene initialized: 800x600
14:43:03.514 [FXGL Background Thread 1 ] DEBUG FXGL.DefaultMenu     - createMenuBodyGameMenu()
14:43:03.533 [FXGL Background Thread 1 ] DEBUG FXGL.DefaultMenu     - createOptionsMenu()
14:43:03.546 [FXGL Background Thread 1 ] DEBUG FXGLAssetLoaderServi - Loading from file system: jar:file:/C:/Users/Michel/.m2/repository/com/github/almasb/fxgl/17.3/fxgl-17.3.jar!/fxglassets/textures/particles/smoke.png
14:43:03.713 [FXGL Background Thread 1 ] DEBUG FXGLAssetLoaderServi - Loading from file system: jar:file:/C:/Users/Michel/.m2/repository/com/github/almasb/fxgl/17.3/fxgl-17.3.jar!/fxglassets/textures/particles/trace_horizontal.png
14:43:03.746 [FXGL Background Thread 1 ] DEBUG GameApplicationServi - Application scenes initialized
14:43:03.766 [FXGL Background Thread 1 ] DEBUG SystemBundleService  - Loading FXGL system data
14:43:03.779 [FXGL Background Thread 1 ] DEBUG FileSystemAccess     - Reading from: C:\Users\Michel\Documents\GitHub\restaurant\system\fxgl.bundle
14:43:03.789 [FXGL Background Thread 1 ] DEBUG SystemBundleService  - Bundle FXGL: {}
14:43:03.789 [FXGL Background Thread 1 ] DEBUG UpdaterService       - Checking for updates
14:43:03.795 [FXGL Background Thread 4 ] DEBUG FXGLApplication      - Loading fonts
14:43:03.796 [FXGL Background Thread 4 ] DEBUG FXGLAssetLoaderServi - Loading from file system: jar:file:/C:/Users/Michel/.m2/repository/com/github/almasb/fxgl/17.3/fxgl-17.3.jar!/fxglassets/ui/fonts/VarelaRound-Regular.ttf
14:43:03.796 [FXGL Background Thread 1 ] DEBUG FXGLApplication      - Loading default localization
14:43:03.797 [FXGL Background Thread 1 ] DEBUG FXGLAssetLoaderServi - Loading from file system: jar:file:/C:/Users/Michel/.m2/repository/com/github/almasb/fxgl/17.3/fxgl-17.3.jar!/fxglassets/languages/english.lang
14:43:03.848 [FXGL Background Thread 4 ] DEBUG FXGLAssetLoaderServi - Loading from file system: jar:file:/C:/Users/Michel/.m2/repository/com/github/almasb/fxgl/17.3/fxgl-17.3.jar!/fxglassets/ui/fonts/Abel-Regular.ttf
14:43:03.852 [FXGL Background Thread 4 ] DEBUG FXGLAssetLoaderServi - Loading from file system: jar:file:/C:/Users/Michel/.m2/repository/com/github/almasb/fxgl/17.3/fxgl-17.3.jar!/fxglassets/ui/fonts/TerminalLandMono-Regular.otf
14:43:03.857 [FXGL Background Thread 4 ] DEBUG FXGLAssetLoaderServi - Loading from file system: jar:file:/C:/Users/Michel/.m2/repository/com/github/almasb/fxgl/17.3/fxgl-17.3.jar!/fxglassets/ui/fonts/Courier-Prime.ttf
14:43:03.861 [FXGL Background Thread 1 ] INFO  FXGLApplication      - FXGL initialization took: 0.688 sec
14:43:03.862 [JavaFX Application Thread] DEBUG FXGLAssetLoaderServi - Loading from file system: jar:file:/C:/Users/Michel/.m2/repository/com/github/almasb/fxgl/17.3/fxgl-17.3.jar!/fxglassets/textures/fxgl_icon.png
14:43:03.886 [JavaFX Application Thread] DEBUG FXGLAssetLoaderServi - Loading from file system: jar:file:/C:/Users/Michel/.m2/repository/com/github/almasb/fxgl/17.3/fxgl-17.3.jar!/fxglassets/textures/fxgl_default_cursor.png
14:43:03.913 [JavaFX Application Thread] DEBUG Input                - Registered new binding: Screenshot - CTRL+8
14:43:03.914 [JavaFX Application Thread] DEBUG Input                - Registered new binding: System info dump - CTRL+9
14:43:03.916 [JavaFX Application Thread] DEBUG Input                - Registered new binding: Restart - CTRL+R
14:43:03.918 [JavaFX Application Thread] DEBUG Input                - Registered new binding: Toggle Debug Camera - CTRL+7
14:43:03.928 [JavaFX Application Thread] DEBUG LoopRunner           - Starting loop
14:43:03.928 [JavaFX Application Thread] DEBUG LoopRunner           - Initializing JavaFX AnimationTimerLoop
14:43:03.932 [JavaFX Application Thread] DEBUG GameApplicationServi - Starting new game
14:43:03.932 [JavaFX Application Thread] DEBUG Input                - Clearing active input actions
14:43:03.952 [JavaFX Application Thread] DEBUG GameApplicationServi - Removing overlay from FXGLStartupScene and adding to FXGLLoadingScene
14:43:03.952 [JavaFX Application Thread] DEBUG PrimaryStageWindow   - FXGLStartupScene -> FXGLLoadingScene
14:43:03.953 [JavaFX Application Thread] DEBUG GameApplicationServi - Clearing previous game
14:43:03.953 [JavaFX Application Thread] DEBUG GameScene            - Clearing game scene
14:43:03.953 [JavaFX Application Thread] DEBUG GameWorld            - Clearing game world
14:43:03.953 [JavaFX Application Thread] DEBUG PhysicsWorld         - Clearing physics world
14:43:03.956 [JavaFX Application Thread] DEBUG FXGLApplication      - Registering font factories with UI factory
14:43:03.956 [FXGL Background Thread 4 ] DEBUG FXGLApplication      - Initializing game
14:43:03.958 [FXGL Background Thread 4 ] DEBUG FXGLAssetLoaderServi - Loading from file system: file:/C:/Users/Michel/Documents/GitHub/restaurant/target/classes/assets/textures/download.jpeg
14:43:03.985 [FXGL Background Thread 4 ] DEBUG FXGLAssetLoaderServi - Loading from file system: file:/C:/Users/Michel/Documents/GitHub/restaurant/target/classes/assets/textures/mapache.png
14:43:04.019 [FXGL Background Thread 4 ] DEBUG FXGLAssetLoaderServi - Loading from file system: file:/C:/Users/Michel/Documents/GitHub/restaurant/target/classes/assets/textures/pan.png
14:43:04.038 [FXGL Background Thread 4 ] DEBUG FXGLAssetLoaderServi - Loading from file system: file:/C:/Users/Michel/Documents/GitHub/restaurant/target/classes/assets/textures/burger.png
14:43:04.079 [FXGL Background Thread 4 ] INFO  FXGLApplication      - Game initialization took: 0.124 sec
14:43:04.149 [JavaFX Application Thread] DEBUG Input                - Clearing active input actions
14:43:04.164 [JavaFX Application Thread] DEBUG GameApplicationServi - Removing overlay from FXGLLoadingScene and adding to GameScene
14:43:04.164 [JavaFX Application Thread] DEBUG PrimaryStageWindow   - FXGLLoadingScene -> GameScene
14:43:04.494 [FXGL Background Thread 2 ] INFO  UpdaterService       - Your current version:  17.3
14:43:04.494 [FXGL Background Thread 2 ] INFO  UpdaterService       - Latest stable version: 21.1
14:43:06.793 [FXGL Background Thread 3 ] DEBUG Engine               - Logging environment variables
14:43:06.795 [FXGL Background Thread 3 ] DEBUG Engine               - achievements: []
14:43:06.796 [FXGL Background Thread 3 ] DEBUG Engine               - actualHeight: 600.0
14:43:06.796 [FXGL Background Thread 3 ] DEBUG Engine               - actualHeightProperty: ReadOnlyDoubleProperty [value: 600.0]
14:43:06.796 [FXGL Background Thread 3 ] DEBUG Engine               - actualWidth: 800.0
14:43:06.797 [FXGL Background Thread 3 ] DEBUG Engine               - actualWidthProperty: ReadOnlyDoubleProperty [value: 800.0]
14:43:06.798 [FXGL Background Thread 3 ] DEBUG Engine               - appIcon: fxgl_icon.png
14:43:06.798 [FXGL Background Thread 3 ] DEBUG Engine               - applicationMode: DEVELOPER
14:43:06.799 [FXGL Background Thread 3 ] DEBUG Engine               - cSSList: [fxgl_dark.css]
14:43:06.799 [FXGL Background Thread 3 ] DEBUG Engine               - collisionDetectionStrategy: BRUTE_FORCE
14:43:06.799 [FXGL Background Thread 3 ] DEBUG Engine               - configClass: Optional.empty
14:43:06.800 [FXGL Background Thread 3 ] DEBUG Engine               - credits: []
14:43:06.801 [FXGL Background Thread 3 ] DEBUG Engine               - defaultCursor: CursorInfo(imageName=fxgl_default_cursor.png, hotspotX=7.0, hotspotY=6.0)
14:43:06.801 [FXGL Background Thread 3 ] DEBUG Engine               - devBBoxColorProperty: ObjectProperty [value: 0xff0000ff]
14:43:06.801 [FXGL Background Thread 3 ] DEBUG Engine               - devEnableDebugCameraProperty: BooleanProperty [value: false]
14:43:06.801 [FXGL Background Thread 3 ] DEBUG Engine               - devSensorColorProperty: ObjectProperty [value: 0xffff00ff]
14:43:06.802 [FXGL Background Thread 3 ] DEBUG Engine               - devShowBBoxProperty: BooleanProperty [value: false]
14:43:06.802 [FXGL Background Thread 3 ] DEBUG Engine               - devShowPositionProperty: BooleanProperty [value: false]
14:43:06.802 [FXGL Background Thread 3 ] DEBUG Engine               - enabledMenuItems: []
14:43:06.803 [FXGL Background Thread 3 ] DEBUG Engine               - engineServices: [class com.almasb.fxgl.app.services.FXGLAssetLoaderService, class com.almasb.fxgl.app.FXGLApplication$GameApplicationService, class com.almasb.fxgl.app.services.FXGLDialogService, class com.almasb.fxgl.app.services.IOTaskExecutorService, class com.almasb.fxgl.io.FileSystemService, class com.almasb.fxgl.localization.LocalizationService, class com.almasb.fxgl.app.services.SystemBundleService, class com.almasb.fxgl.profile.SaveLoadService, class com.almasb.fxgl.ui.FXGLUIFactoryServiceProvider, class com.almasb.fxgl.ui.FXGLDialogFactoryServiceProvider, class com.almasb.fxgl.audio.AudioPlayer, class com.almasb.fxgl.notification.impl.NotificationServiceProvider, class com.almasb.fxgl.achievement.AchievementService, class com.almasb.fxgl.cutscene.CutsceneService, class com.almasb.fxgl.minigames.MiniGameService, class com.almasb.fxgl.net.NetService, class com.almasb.fxgl.app.services.UpdaterService, class com.almasb.fxgl.dev.DevService]
14:43:06.803 [FXGL Background Thread 3 ] DEBUG Engine               - fontGame: Abel-Regular.ttf
14:43:06.803 [FXGL Background Thread 3 ] DEBUG Engine               - fontMono: TerminalLandMono-Regular.otf
14:43:06.804 [FXGL Background Thread 3 ] DEBUG Engine               - fontSizeScaleUI: 1.0
14:43:06.804 [FXGL Background Thread 3 ] DEBUG Engine               - fontText: Courier-Prime.ttf
14:43:06.805 [FXGL Background Thread 3 ] DEBUG Engine               - fontUI: VarelaRound-Regular.ttf
14:43:06.805 [FXGL Background Thread 3 ] DEBUG Engine               - fullScreen: BooleanProperty [value: false]
14:43:06.805 [FXGL Background Thread 3 ] DEBUG Engine               - gameDifficulty: MEDIUM
14:43:06.805 [FXGL Background Thread 3 ] DEBUG Engine               - gameDifficultyProperty: ObjectProperty [value: MEDIUM]
14:43:06.805 [FXGL Background Thread 3 ] DEBUG Engine               - globalMusicVolume: 0.5
14:43:06.805 [FXGL Background Thread 3 ] DEBUG Engine               - globalMusicVolumeProperty: DoubleProperty [value: 0.5]
14:43:06.805 [FXGL Background Thread 3 ] DEBUG Engine               - globalSoundVolume: 0.5
14:43:06.805 [FXGL Background Thread 3 ] DEBUG Engine               - globalSoundVolumeProperty: DoubleProperty [value: 0.5]
14:43:06.805 [FXGL Background Thread 3 ] DEBUG Engine               - height: 600
14:43:06.805 [FXGL Background Thread 3 ] DEBUG Engine               - is3D: false
14:43:06.805 [FXGL Background Thread 3 ] DEBUG Engine               - isAndroid: false
14:43:06.806 [FXGL Background Thread 3 ] DEBUG Engine               - isBrowser: false
14:43:06.806 [FXGL Background Thread 3 ] DEBUG Engine               - isClickFeedbackEnabled: false
14:43:06.806 [FXGL Background Thread 3 ] DEBUG Engine               - isCloseConfirmation: false
14:43:06.806 [FXGL Background Thread 3 ] DEBUG Engine               - isDesktop: true
14:43:06.806 [FXGL Background Thread 3 ] DEBUG Engine               - isDeveloperMenuEnabled: false
14:43:06.806 [FXGL Background Thread 3 ] DEBUG Engine               - isEmbedded: false
14:43:06.808 [FXGL Background Thread 3 ] DEBUG Engine               - isEntityPreloadEnabled: true
14:43:06.808 [FXGL Background Thread 3 ] DEBUG Engine               - isExperimentalTiledLargeMap: false
14:43:06.808 [FXGL Background Thread 3 ] DEBUG Engine               - isFileSystemWriteAllowed: true
14:43:06.808 [FXGL Background Thread 3 ] DEBUG Engine               - isFullScreenAllowed: false
14:43:06.808 [FXGL Background Thread 3 ] DEBUG Engine               - isFullScreenFromStart: false
14:43:06.809 [FXGL Background Thread 3 ] DEBUG Engine               - isGameMenuEnabled: true
14:43:06.809 [FXGL Background Thread 3 ] DEBUG Engine               - isIOS: false
14:43:06.809 [FXGL Background Thread 3 ] DEBUG Engine               - isIntroEnabled: false
14:43:06.810 [FXGL Background Thread 3 ] DEBUG Engine               - isLinux: false
14:43:06.810 [FXGL Background Thread 3 ] DEBUG Engine               - isMac: false
14:43:06.810 [FXGL Background Thread 3 ] DEBUG Engine               - isMainMenuEnabled: false
14:43:06.810 [FXGL Background Thread 3 ] DEBUG Engine               - isManualResizeEnabled: false
14:43:06.810 [FXGL Background Thread 3 ] DEBUG Engine               - isMobile: false
14:43:06.810 [FXGL Background Thread 3 ] DEBUG Engine               - isNative: false
14:43:06.811 [FXGL Background Thread 3 ] DEBUG Engine               - isPauseMusicWhenMinimized: true
14:43:06.811 [FXGL Background Thread 3 ] DEBUG Engine               - isPreserveResizeRatio: false
14:43:06.812 [FXGL Background Thread 3 ] DEBUG Engine               - isProfilingEnabled: false
14:43:06.812 [FXGL Background Thread 3 ] DEBUG Engine               - isScaleAffectedOnResize: true
14:43:06.812 [FXGL Background Thread 3 ] DEBUG Engine               - isSingleStep: false
14:43:06.813 [FXGL Background Thread 3 ] DEBUG Engine               - isUserProfileEnabled: false
14:43:06.813 [FXGL Background Thread 3 ] DEBUG Engine               - isWindows: true
14:43:06.813 [FXGL Background Thread 3 ] DEBUG Engine               - language: ObjectProperty [value: ENGLISH]
14:43:06.813 [FXGL Background Thread 3 ] DEBUG Engine               - menuKey: ESCAPE
14:43:06.813 [FXGL Background Thread 3 ] DEBUG Engine               - mouseSensitivity: 0.2
14:43:06.814 [FXGL Background Thread 3 ] DEBUG Engine               - notificationViewClass: class com.almasb.fxgl.notification.view.XboxNotificationView
14:43:06.814 [FXGL Background Thread 3 ] DEBUG Engine               - pixelsPerMeter: 50.0
14:43:06.814 [FXGL Background Thread 3 ] DEBUG Engine               - platform: WINDOWS
14:43:06.814 [FXGL Background Thread 3 ] DEBUG Engine               - prefHeightProperty: ReadOnlyDoubleProperty [value: 600.0]
14:43:06.814 [FXGL Background Thread 3 ] DEBUG Engine               - prefWidthProperty: ReadOnlyDoubleProperty [value: 800.0]
14:43:06.814 [FXGL Background Thread 3 ] DEBUG Engine               - profileDir: profiles/
14:43:06.814 [FXGL Background Thread 3 ] DEBUG Engine               - profileName: StringProperty [value: DEFAULT]
14:43:06.814 [FXGL Background Thread 3 ] DEBUG Engine               - randomSeed: -1
14:43:06.814 [FXGL Background Thread 3 ] DEBUG Engine               - runtimeInfo: RuntimeInfo(platform=WINDOWS, version=17.3, build=30.03.2023 11.49)
14:43:06.814 [FXGL Background Thread 3 ] DEBUG Engine               - saveFileExt: sav
14:43:06.814 [FXGL Background Thread 3 ] DEBUG Engine               - scaledHeightProp$fxgl: DoubleProperty [bound, value: 600.0]
14:43:06.815 [FXGL Background Thread 3 ] DEBUG Engine               - scaledWidthProp$fxgl: DoubleProperty [bound, value: 800.0]
14:43:06.815 [FXGL Background Thread 3 ] DEBUG Engine               - sceneFactory: com.almasb.fxgl.app.scene.SceneFactory@26220165
14:43:06.815 [FXGL Background Thread 3 ] DEBUG Engine               - secondsIn24h: 60
14:43:06.815 [FXGL Background Thread 3 ] DEBUG Engine               - soundMenuBack: menu/back.wav
14:43:06.815 [FXGL Background Thread 3 ] DEBUG Engine               - soundMenuPress: menu/press.wav
14:43:06.815 [FXGL Background Thread 3 ] DEBUG Engine               - soundMenuSelect: menu/select.wav
14:43:06.815 [FXGL Background Thread 3 ] DEBUG Engine               - soundNotification: core/notification.wav
14:43:06.815 [FXGL Background Thread 3 ] DEBUG Engine               - stageStyle: DECORATED
14:43:06.815 [FXGL Background Thread 3 ] DEBUG Engine               - supportedLanguages: [ENGLISH, FRENCH, GERMAN, HUNGARIAN, RUSSIAN]
14:43:06.815 [FXGL Background Thread 3 ] DEBUG Engine               - ticksPerSecond: -1
14:43:06.815 [FXGL Background Thread 3 ] DEBUG Engine               - title: Restaurant Simulation
14:43:06.815 [FXGL Background Thread 3 ] DEBUG Engine               - urlGithub: https://github.com/AlmasB/FXGL
14:43:06.815 [FXGL Background Thread 3 ] DEBUG Engine               - urlLeaderboard: http://fxgl-top.herokuapp.com/
14:43:06.815 [FXGL Background Thread 3 ] DEBUG Engine               - urlPOM: https://raw.githubusercontent.com/AlmasB/FXGL/release/README.md
14:43:06.815 [FXGL Background Thread 3 ] DEBUG Engine               - userAppClass: class com.restaurant.simulator.app.MainApp
14:43:06.816 [FXGL Background Thread 3 ] DEBUG Engine               - version: 1.0
14:43:06.816 [FXGL Background Thread 3 ] DEBUG Engine               - versionCheckDays: 7
14:43:06.816 [FXGL Background Thread 3 ] DEBUG Engine               - width: 800
14:43:06.816 [FXGL Background Thread 3 ] DEBUG Engine               - Logging services
14:43:06.816 [FXGL Background Thread 3 ] DEBUG Engine               - class com.almasb.fxgl.app.services.FXGLAssetLoaderService
14:43:06.816 [FXGL Background Thread 3 ] DEBUG Engine               - class com.almasb.fxgl.app.FXGLApplication$GameApplicationService
14:43:06.816 [FXGL Background Thread 3 ] DEBUG Engine               - class com.almasb.fxgl.app.services.FXGLDialogService
14:43:06.816 [FXGL Background Thread 3 ] DEBUG Engine               - class com.almasb.fxgl.app.services.IOTaskExecutorService
14:43:06.816 [FXGL Background Thread 3 ] DEBUG Engine               - class com.almasb.fxgl.io.FileSystemService
14:43:06.816 [FXGL Background Thread 3 ] DEBUG Engine               - class com.almasb.fxgl.localization.LocalizationService
14:43:06.816 [FXGL Background Thread 3 ] DEBUG Engine               - class com.almasb.fxgl.app.services.SystemBundleService
14:43:06.816 [FXGL Background Thread 3 ] DEBUG Engine               - class com.almasb.fxgl.profile.SaveLoadService
14:43:06.816 [FXGL Background Thread 3 ] DEBUG Engine               - class com.almasb.fxgl.ui.FXGLUIFactoryServiceProvider
14:43:06.816 [FXGL Background Thread 3 ] DEBUG Engine               - class com.almasb.fxgl.ui.FXGLDialogFactoryServiceProvider
14:43:06.816 [FXGL Background Thread 3 ] DEBUG Engine               - class com.almasb.fxgl.audio.AudioPlayer
14:43:06.816 [FXGL Background Thread 3 ] DEBUG Engine               - class com.almasb.fxgl.notification.impl.NotificationServiceProvider
14:43:06.816 [FXGL Background Thread 3 ] DEBUG Engine               - class com.almasb.fxgl.achievement.AchievementService
14:43:06.816 [FXGL Background Thread 3 ] DEBUG Engine               - class com.almasb.fxgl.cutscene.CutsceneService
14:43:06.816 [FXGL Background Thread 3 ] DEBUG Engine               - class com.almasb.fxgl.minigames.MiniGameService
14:43:06.816 [FXGL Background Thread 3 ] DEBUG Engine               - class com.almasb.fxgl.net.NetService
14:43:06.816 [FXGL Background Thread 3 ] DEBUG Engine               - class com.almasb.fxgl.app.services.UpdaterService
14:43:06.816 [FXGL Background Thread 3 ] DEBUG Engine               - class com.almasb.fxgl.dev.DevService
14:43:26.495 [JavaFX Application Thread] DEBUG FXGLApplication      - Exiting FXGL
14:43:26.496 [JavaFX Application Thread] DEBUG LoopRunner           - Stopping loop
14:43:26.496 [JavaFX Application Thread] DEBUG SystemBundleService  - Saving FXGL system data
14:43:26.500 [JavaFX Application Thread] DEBUG FileSystemAccess     - Writing to: C:\Users\Michel\Documents\GitHub\restaurant\system\fxgl.bundle
14:43:26.505 [JavaFX Application Thread] DEBUG Async                - Shutting down background threads
14:43:26.506 [JavaFX Application Thread] DEBUG PrimaryStageWindow   - Closing main window
14:43:26.542 [JavaFX Application Thread] DEBUG Logger               - Closing Logger
