20:29:37.206 [main                     ] DEBUG Logger               - Configured Logger
20:29:37.224 [main                     ] DEBUG GameApplication      - Logging settings
Title: Restaurant Simulation
Version: 1.0
Width: 800
Height: 600
Fullscreen: false
Intro: false
Profiling: false
Single step:false
App Mode: DEVELOPER
Menu Key: ESCAPE
Stage Style: DECORATED
Scene Factory: class com.almasb.fxgl.app.scene.SceneFactory

20:29:37.545 [JavaFX Application Thread] DEBUG FXGLApplication      - Initializing FXGL
20:29:37.548 [JavaFX Application Thread] INFO  Engine               - FXGL-17.3 (30.03.2023 11.49) on WINDOWS (J:21.0.5 FX:21)
20:29:37.549 [JavaFX Application Thread] DEBUG Engine               - JRE Vendor Name: Oracle Corporation
20:29:37.549 [JavaFX Application Thread] DEBUG Engine               - Running on OS: Windows 11 version 10.0
20:29:37.549 [JavaFX Application Thread] DEBUG Engine               - Architecture: amd64
20:29:37.549 [JavaFX Application Thread] INFO  Engine               - Source code and latest versions at: https://github.com/AlmasB/FXGL
20:29:37.549 [JavaFX Application Thread] INFO  Engine               -       Ask questions and discuss at: https://github.com/AlmasB/FXGL/discussions
20:29:37.549 [JavaFX Application Thread] INFO  Engine               -              Join the FXGL chat at: https://gitter.im/AlmasB/FXGL
20:29:37.623 [JavaFX Application Thread] DEBUG PrimaryStageWindow   - Creating a JavaFX scene
20:29:37.658 [JavaFX Application Thread] DEBUG PrimaryStageWindow   - Target settings size: 800.0 x 600.0
20:29:37.658 [JavaFX Application Thread] DEBUG PrimaryStageWindow   - Scaled scene size:    800.0 x 600.0
20:29:37.658 [JavaFX Application Thread] DEBUG PrimaryStageWindow   - Scaled ratio: (1.0, 1.0)
20:29:37.659 [JavaFX Application Thread] DEBUG PrimaryStageWindow   - Set initial scene to FXGLStartupScene
20:29:37.661 [JavaFX Application Thread] DEBUG PrimaryStageWindow   - Opening main window
20:29:37.720 [JavaFX Application Thread] DEBUG PrimaryStageWindow   - Window border size: (14.4000244140625, 37.5999755859375)
20:29:37.720 [JavaFX Application Thread] DEBUG PrimaryStageWindow   - Scaled size: 800.0 x 600.0
20:29:37.720 [JavaFX Application Thread] DEBUG PrimaryStageWindow   - Scaled ratio: (1.0, 1.0)
20:29:37.720 [JavaFX Application Thread] DEBUG PrimaryStageWindow   - Scene size: 800.0 x 600.0
20:29:37.720 [JavaFX Application Thread] DEBUG PrimaryStageWindow   - Stage size: 814.4000244140625 x 637.5999755859375
20:29:37.726 [FXGL Background Thread 1 ] DEBUG Engine               - Initializing environment variables
20:29:37.764 [FXGL Background Thread 1 ] DEBUG FXGLAssetLoaderServi - User app class for loading assets: class com.restaurant.simulator.app.MainApp
20:29:37.764 [FXGL Background Thread 1 ] DEBUG GameApplicationServi - Applying CSS: fxgl_dark.css
20:29:37.765 [FXGL Background Thread 1 ] DEBUG FXGLAssetLoaderServi - Loading from file system: jar:file:/C:/Users/Michel/.m2/repository/com/github/almasb/fxgl/17.3/fxgl-17.3.jar!/fxglassets/ui/css/fxgl_dark.css
20:29:37.793 [FXGL Background Thread 1 ] DEBUG GameApplicationServi - Initializing application scenes
20:29:37.832 [FXGL Background Thread 1 ] DEBUG GameWorld            - Game world initialized
20:29:37.886 [FXGL Background Thread 1 ] DEBUG PhysicsWorld         - Physics world initialized: appHeight=600, physics.ppm=50.0
20:29:37.886 [FXGL Background Thread 1 ] DEBUG PhysicsWorld         - Using strategy: BRUTE_FORCE
20:29:37.889 [FXGL Background Thread 1 ] DEBUG GameScene            - Game scene initialized: 800x600
20:29:37.899 [FXGL Background Thread 1 ] DEBUG FXGL.DefaultMenu     - createMenuBodyGameMenu()
20:29:37.910 [FXGL Background Thread 1 ] DEBUG FXGL.DefaultMenu     - createOptionsMenu()
20:29:37.916 [FXGL Background Thread 1 ] DEBUG FXGLAssetLoaderServi - Loading from file system: jar:file:/C:/Users/Michel/.m2/repository/com/github/almasb/fxgl/17.3/fxgl-17.3.jar!/fxglassets/textures/particles/smoke.png
20:29:37.994 [FXGL Background Thread 1 ] DEBUG FXGLAssetLoaderServi - Loading from file system: jar:file:/C:/Users/Michel/.m2/repository/com/github/almasb/fxgl/17.3/fxgl-17.3.jar!/fxglassets/textures/particles/trace_horizontal.png
20:29:38.014 [FXGL Background Thread 1 ] DEBUG GameApplicationServi - Application scenes initialized
20:29:38.026 [FXGL Background Thread 1 ] DEBUG SystemBundleService  - Loading FXGL system data
20:29:38.029 [FXGL Background Thread 1 ] DEBUG FileSystemAccess     - Reading from: C:\Users\Michel\Documents\GitHub\restaurant\system\fxgl.bundle
20:29:38.036 [FXGL Background Thread 1 ] DEBUG SystemBundleService  - Bundle FXGL: {}
20:29:38.036 [FXGL Background Thread 1 ] DEBUG UpdaterService       - Checking for updates
20:29:38.039 [FXGL Background Thread 4 ] DEBUG FXGLApplication      - Loading fonts
20:29:38.039 [FXGL Background Thread 4 ] DEBUG FXGLAssetLoaderServi - Loading from file system: jar:file:/C:/Users/Michel/.m2/repository/com/github/almasb/fxgl/17.3/fxgl-17.3.jar!/fxglassets/ui/fonts/VarelaRound-Regular.ttf
20:29:38.039 [FXGL Background Thread 1 ] DEBUG FXGLApplication      - Loading default localization
20:29:38.040 [FXGL Background Thread 1 ] DEBUG FXGLAssetLoaderServi - Loading from file system: jar:file:/C:/Users/Michel/.m2/repository/com/github/almasb/fxgl/17.3/fxgl-17.3.jar!/fxglassets/languages/english.lang
20:29:38.069 [FXGL Background Thread 1 ] INFO  FXGLApplication      - FXGL initialization took: 0.343 sec
20:29:38.069 [FXGL Background Thread 4 ] DEBUG FXGLAssetLoaderServi - Loading from file system: jar:file:/C:/Users/Michel/.m2/repository/com/github/almasb/fxgl/17.3/fxgl-17.3.jar!/fxglassets/ui/fonts/Abel-Regular.ttf
20:29:38.069 [JavaFX Application Thread] DEBUG FXGLAssetLoaderServi - Loading from file system: jar:file:/C:/Users/Michel/.m2/repository/com/github/almasb/fxgl/17.3/fxgl-17.3.jar!/fxglassets/textures/fxgl_icon.png
20:29:38.072 [FXGL Background Thread 4 ] DEBUG FXGLAssetLoaderServi - Loading from file system: jar:file:/C:/Users/Michel/.m2/repository/com/github/almasb/fxgl/17.3/fxgl-17.3.jar!/fxglassets/ui/fonts/TerminalLandMono-Regular.otf
20:29:38.075 [FXGL Background Thread 4 ] DEBUG FXGLAssetLoaderServi - Loading from file system: jar:file:/C:/Users/Michel/.m2/repository/com/github/almasb/fxgl/17.3/fxgl-17.3.jar!/fxglassets/ui/fonts/Courier-Prime.ttf
20:29:38.085 [JavaFX Application Thread] DEBUG FXGLAssetLoaderServi - Loading from file system: jar:file:/C:/Users/Michel/.m2/repository/com/github/almasb/fxgl/17.3/fxgl-17.3.jar!/fxglassets/textures/fxgl_default_cursor.png
20:29:38.097 [JavaFX Application Thread] DEBUG Input                - Registered new binding: Screenshot - CTRL+8
20:29:38.098 [JavaFX Application Thread] DEBUG Input                - Registered new binding: System info dump - CTRL+9
20:29:38.098 [JavaFX Application Thread] DEBUG Input                - Registered new binding: Restart - CTRL+R
20:29:38.099 [JavaFX Application Thread] DEBUG Input                - Registered new binding: Toggle Debug Camera - CTRL+7
20:29:38.100 [JavaFX Application Thread] DEBUG LoopRunner           - Starting loop
20:29:38.100 [JavaFX Application Thread] DEBUG LoopRunner           - Initializing JavaFX AnimationTimerLoop
20:29:38.101 [JavaFX Application Thread] DEBUG GameApplicationServi - Starting new game
20:29:38.101 [JavaFX Application Thread] DEBUG Input                - Clearing active input actions
20:29:38.113 [JavaFX Application Thread] DEBUG GameApplicationServi - Removing overlay from FXGLStartupScene and adding to FXGLLoadingScene
20:29:38.113 [JavaFX Application Thread] DEBUG PrimaryStageWindow   - FXGLStartupScene -> FXGLLoadingScene
20:29:38.113 [JavaFX Application Thread] DEBUG GameApplicationServi - Clearing previous game
20:29:38.113 [JavaFX Application Thread] DEBUG GameScene            - Clearing game scene
20:29:38.113 [JavaFX Application Thread] DEBUG GameWorld            - Clearing game world
20:29:38.113 [JavaFX Application Thread] DEBUG PhysicsWorld         - Clearing physics world
20:29:38.115 [JavaFX Application Thread] DEBUG FXGLApplication      - Registering font factories with UI factory
20:29:38.115 [FXGL Background Thread 4 ] DEBUG FXGLApplication      - Initializing game
20:29:38.130 [FXGL Background Thread 4 ] WARN  FXGLAssetLoaderServi - Asset "/assets/textures/chef.png" was not found!
20:29:38.130 [FXGL Background Thread 4 ] WARN  FXGLAssetLoaderServi - Failed to load IMAGE
20:29:38.211 [FXGL Background Thread 4 ] WARN  FXGLAssetLoaderServi - Asset "/assets/textures/waiter.png" was not found!
20:29:38.211 [FXGL Background Thread 4 ] WARN  FXGLAssetLoaderServi - Failed to load IMAGE
20:29:38.213 [FXGL Background Thread 4 ] WARN  FXGLAssetLoaderServi - Asset "/assets/textures/burger.png" was not found!
20:29:38.213 [FXGL Background Thread 4 ] WARN  FXGLAssetLoaderServi - Failed to load IMAGE
20:29:38.215 [FXGL Background Thread 4 ] WARN  FXGLAssetLoaderServi - Asset "/assets/textures/burger.png" was not found!
20:29:38.216 [FXGL Background Thread 4 ] WARN  FXGLAssetLoaderServi - Failed to load IMAGE
20:29:38.217 [FXGL Background Thread 4 ] WARN  FXGLAssetLoaderServi - Asset "/assets/textures/burger.png" was not found!
20:29:38.217 [FXGL Background Thread 4 ] WARN  FXGLAssetLoaderServi - Failed to load IMAGE
20:29:38.218 [FXGL Background Thread 4 ] WARN  FXGLAssetLoaderServi - Asset "/assets/textures/burger.png" was not found!
20:29:38.218 [FXGL Background Thread 4 ] WARN  FXGLAssetLoaderServi - Failed to load IMAGE
20:29:38.220 [FXGL Background Thread 4 ] WARN  FXGLAssetLoaderServi - Asset "/assets/textures/burger.png" was not found!
20:29:38.220 [FXGL Background Thread 4 ] WARN  FXGLAssetLoaderServi - Failed to load IMAGE
20:29:38.221 [FXGL Background Thread 4 ] INFO  FXGLApplication      - Game initialization took: 0.105 sec
20:29:38.226 [JavaFX Application Thread] DEBUG Input                - Clearing active input actions
20:29:38.232 [JavaFX Application Thread] DEBUG GameApplicationServi - Removing overlay from FXGLLoadingScene and adding to GameScene
20:29:38.232 [JavaFX Application Thread] DEBUG PrimaryStageWindow   - FXGLLoadingScene -> GameScene
20:29:38.499 [FXGL Background Thread 2 ] INFO  UpdaterService       - Your current version:  17.3
20:29:38.500 [FXGL Background Thread 2 ] INFO  UpdaterService       - Latest stable version: 21.1
20:29:40.326 [JavaFX Application Thread] DEBUG FXGLApplication      - Exiting FXGL
20:29:40.327 [JavaFX Application Thread] DEBUG LoopRunner           - Stopping loop
20:29:40.327 [JavaFX Application Thread] DEBUG SystemBundleService  - Saving FXGL system data
20:29:40.328 [JavaFX Application Thread] DEBUG FileSystemAccess     - Writing to: C:\Users\Michel\Documents\GitHub\restaurant\system\fxgl.bundle
20:29:40.331 [JavaFX Application Thread] DEBUG Async                - Shutting down background threads
20:29:40.331 [JavaFX Application Thread] DEBUG PrimaryStageWindow   - Closing main window
20:29:40.343 [JavaFX Application Thread] DEBUG Logger               - Closing Logger
