07:40:13.347 [main                     ] DEBUG Logger               - Configured Logger
07:40:13.367 [main                     ] DEBUG GameApplication      - Logging settings
Title: Simulador de Restaurante
Version: 1.0
Width: 800
Height: 600
Fullscreen: false
Intro: false
Profiling: false
Single step:false
App Mode: DEVELOPER
Menu Key: ESCAPE
Stage Style: DECORATED
Scene Factory: class com.almasb.fxgl.app.scene.SceneFactory

07:40:13.693 [JavaFX Application Thread] DEBUG FXGLApplication      - Initializing FXGL
07:40:13.696 [JavaFX Application Thread] INFO  Engine               - FXGL-17.3 (30.03.2023 11.49) on WINDOWS (J:21.0.5 FX:21)
07:40:13.696 [JavaFX Application Thread] DEBUG Engine               - JRE Vendor Name: Oracle Corporation
07:40:13.696 [JavaFX Application Thread] DEBUG Engine               - Running on OS: Windows 11 version 10.0
07:40:13.696 [JavaFX Application Thread] DEBUG Engine               - Architecture: amd64
07:40:13.696 [JavaFX Application Thread] INFO  Engine               - Source code and latest versions at: https://github.com/AlmasB/FXGL
07:40:13.696 [JavaFX Application Thread] INFO  Engine               -       Ask questions and discuss at: https://github.com/AlmasB/FXGL/discussions
07:40:13.696 [JavaFX Application Thread] INFO  Engine               -              Join the FXGL chat at: https://gitter.im/AlmasB/FXGL
07:40:13.770 [JavaFX Application Thread] DEBUG PrimaryStageWindow   - Creating a JavaFX scene
07:40:13.804 [JavaFX Application Thread] DEBUG PrimaryStageWindow   - Target settings size: 800.0 x 600.0
07:40:13.804 [JavaFX Application Thread] DEBUG PrimaryStageWindow   - Scaled scene size:    800.0 x 600.0
07:40:13.804 [JavaFX Application Thread] DEBUG PrimaryStageWindow   - Scaled ratio: (1.0, 1.0)
07:40:13.805 [JavaFX Application Thread] DEBUG PrimaryStageWindow   - Set initial scene to FXGLStartupScene
07:40:13.807 [JavaFX Application Thread] DEBUG PrimaryStageWindow   - Opening main window
07:40:13.866 [JavaFX Application Thread] DEBUG PrimaryStageWindow   - Window border size: (14.4000244140625, 37.5999755859375)
07:40:13.866 [JavaFX Application Thread] DEBUG PrimaryStageWindow   - Scaled size: 800.0 x 600.0
07:40:13.866 [JavaFX Application Thread] DEBUG PrimaryStageWindow   - Scaled ratio: (1.0, 1.0)
07:40:13.866 [JavaFX Application Thread] DEBUG PrimaryStageWindow   - Scene size: 800.0 x 600.0
07:40:13.866 [JavaFX Application Thread] DEBUG PrimaryStageWindow   - Stage size: 814.4000244140625 x 637.5999755859375
07:40:13.871 [FXGL Background Thread 1 ] DEBUG Engine               - Initializing environment variables
07:40:13.909 [FXGL Background Thread 1 ] DEBUG FXGLAssetLoaderServi - User app class for loading assets: class com.restaurant.simulator.app.MainApp
07:40:13.909 [FXGL Background Thread 1 ] DEBUG GameApplicationServi - Applying CSS: fxgl_dark.css
07:40:13.909 [FXGL Background Thread 1 ] DEBUG FXGLAssetLoaderServi - Loading from file system: jar:file:/C:/Users/Michel/.m2/repository/com/github/almasb/fxgl/17.3/fxgl-17.3.jar!/fxglassets/ui/css/fxgl_dark.css
07:40:13.937 [FXGL Background Thread 1 ] DEBUG GameApplicationServi - Initializing application scenes
07:40:13.978 [FXGL Background Thread 1 ] DEBUG GameWorld            - Game world initialized
07:40:14.029 [FXGL Background Thread 1 ] DEBUG PhysicsWorld         - Physics world initialized: appHeight=600, physics.ppm=50.0
07:40:14.029 [FXGL Background Thread 1 ] DEBUG PhysicsWorld         - Using strategy: BRUTE_FORCE
07:40:14.032 [FXGL Background Thread 1 ] DEBUG GameScene            - Game scene initialized: 800x600
07:40:14.042 [FXGL Background Thread 1 ] DEBUG FXGL.DefaultMenu     - createMenuBodyGameMenu()
07:40:14.052 [FXGL Background Thread 1 ] DEBUG FXGL.DefaultMenu     - createOptionsMenu()
07:40:14.060 [FXGL Background Thread 1 ] DEBUG FXGLAssetLoaderServi - Loading from file system: jar:file:/C:/Users/Michel/.m2/repository/com/github/almasb/fxgl/17.3/fxgl-17.3.jar!/fxglassets/textures/particles/smoke.png
07:40:14.133 [FXGL Background Thread 1 ] DEBUG FXGLAssetLoaderServi - Loading from file system: jar:file:/C:/Users/Michel/.m2/repository/com/github/almasb/fxgl/17.3/fxgl-17.3.jar!/fxglassets/textures/particles/trace_horizontal.png
07:40:14.151 [FXGL Background Thread 1 ] DEBUG GameApplicationServi - Application scenes initialized
07:40:14.161 [FXGL Background Thread 1 ] DEBUG SystemBundleService  - Loading FXGL system data
07:40:14.164 [FXGL Background Thread 1 ] DEBUG FileSystemAccess     - Reading from: C:\Users\Michel\Documents\GitHub\restaurant\system\fxgl.bundle
07:40:14.171 [FXGL Background Thread 1 ] DEBUG SystemBundleService  - Bundle FXGL: {}
07:40:14.171 [FXGL Background Thread 1 ] DEBUG UpdaterService       - Checking for updates
07:40:14.174 [FXGL Background Thread 4 ] DEBUG FXGLApplication      - Loading fonts
07:40:14.174 [FXGL Background Thread 4 ] DEBUG FXGLAssetLoaderServi - Loading from file system: jar:file:/C:/Users/Michel/.m2/repository/com/github/almasb/fxgl/17.3/fxgl-17.3.jar!/fxglassets/ui/fonts/VarelaRound-Regular.ttf
07:40:14.175 [FXGL Background Thread 1 ] DEBUG FXGLApplication      - Loading default localization
07:40:14.175 [FXGL Background Thread 1 ] DEBUG FXGLAssetLoaderServi - Loading from file system: jar:file:/C:/Users/Michel/.m2/repository/com/github/almasb/fxgl/17.3/fxgl-17.3.jar!/fxglassets/languages/english.lang
07:40:14.202 [FXGL Background Thread 4 ] DEBUG FXGLAssetLoaderServi - Loading from file system: jar:file:/C:/Users/Michel/.m2/repository/com/github/almasb/fxgl/17.3/fxgl-17.3.jar!/fxglassets/ui/fonts/Abel-Regular.ttf
07:40:14.204 [FXGL Background Thread 1 ] INFO  FXGLApplication      - FXGL initialization took: 0.333 sec
07:40:14.205 [JavaFX Application Thread] DEBUG FXGLAssetLoaderServi - Loading from file system: jar:file:/C:/Users/Michel/.m2/repository/com/github/almasb/fxgl/17.3/fxgl-17.3.jar!/fxglassets/textures/fxgl_icon.png
07:40:14.206 [FXGL Background Thread 4 ] DEBUG FXGLAssetLoaderServi - Loading from file system: jar:file:/C:/Users/Michel/.m2/repository/com/github/almasb/fxgl/17.3/fxgl-17.3.jar!/fxglassets/ui/fonts/TerminalLandMono-Regular.otf
07:40:14.209 [FXGL Background Thread 4 ] DEBUG FXGLAssetLoaderServi - Loading from file system: jar:file:/C:/Users/Michel/.m2/repository/com/github/almasb/fxgl/17.3/fxgl-17.3.jar!/fxglassets/ui/fonts/Courier-Prime.ttf
07:40:14.218 [JavaFX Application Thread] DEBUG FXGLAssetLoaderServi - Loading from file system: jar:file:/C:/Users/Michel/.m2/repository/com/github/almasb/fxgl/17.3/fxgl-17.3.jar!/fxglassets/textures/fxgl_default_cursor.png
07:40:14.233 [JavaFX Application Thread] DEBUG Input                - Registered new binding: Screenshot - CTRL+8
07:40:14.234 [JavaFX Application Thread] DEBUG Input                - Registered new binding: System info dump - CTRL+9
07:40:14.235 [JavaFX Application Thread] DEBUG Input                - Registered new binding: Restart - CTRL+R
07:40:14.237 [JavaFX Application Thread] DEBUG Input                - Registered new binding: Toggle Debug Camera - CTRL+7
07:40:14.242 [JavaFX Application Thread] DEBUG LoopRunner           - Starting loop
07:40:14.242 [JavaFX Application Thread] DEBUG LoopRunner           - Initializing JavaFX AnimationTimerLoop
07:40:14.245 [JavaFX Application Thread] DEBUG GameApplicationServi - Starting new game
07:40:14.245 [JavaFX Application Thread] DEBUG Input                - Clearing active input actions
07:40:14.257 [JavaFX Application Thread] DEBUG GameApplicationServi - Removing overlay from FXGLStartupScene and adding to FXGLLoadingScene
07:40:14.258 [JavaFX Application Thread] DEBUG PrimaryStageWindow   - FXGLStartupScene -> FXGLLoadingScene
07:40:14.258 [JavaFX Application Thread] DEBUG GameApplicationServi - Clearing previous game
07:40:14.258 [JavaFX Application Thread] DEBUG GameScene            - Clearing game scene
07:40:14.258 [JavaFX Application Thread] DEBUG GameWorld            - Clearing game world
07:40:14.258 [JavaFX Application Thread] DEBUG PhysicsWorld         - Clearing physics world
07:40:14.260 [FXGL Background Thread 4 ] DEBUG FXGLApplication      - Initializing game
07:40:14.260 [JavaFX Application Thread] DEBUG FXGLApplication      - Registering font factories with UI factory
07:40:14.300 [JavaFX Application Thread] DEBUG LoopRunner           - Stopping loop
07:40:14.303 [JavaFX Application Thread] FATAL FXGLApplication      - Uncaught Exception:
java.lang.RuntimeException: Initialization failed
	at com.almasb.fxgl.app.FXGLApplication$InitAppTask.failed(FXGLApplication.kt:343)
	at javafx.concurrent.Task.setState(Task.java:710)
	at javafx.concurrent.Task$TaskCallable.lambda$call$2(Task.java:1429)
	at com.sun.javafx.application.PlatformImpl.lambda$runLater$10(PlatformImpl.java:456)
	at java.base/java.security.AccessController.doPrivileged(AccessController.java:400)
	at com.sun.javafx.application.PlatformImpl.lambda$runLater$11(PlatformImpl.java:455)
	at com.sun.glass.ui.InvokeLaterDispatcher$Future.run(InvokeLaterDispatcher.java:95)
	at com.sun.glass.ui.win.WinApplication._runLoop(Native Method)
	at com.sun.glass.ui.win.WinApplication.lambda$runLoop$3(WinApplication.java:185)
	at java.base/java.lang.Thread.run(Thread.java:1583)
Caused by: java.lang.NullPointerException: Input stream must not be null
	at javafx.scene.image.Image.validateInputStream(Image.java:1140)
	at javafx.scene.image.Image.<init>(Image.java:707)
	at com.restaurant.simulator.app.MainApp.initGame(MainApp.java:30)
	at com.almasb.fxgl.app.FXGLApplication$InitAppTask.initGame(FXGLApplication.kt:339)
	at com.almasb.fxgl.app.FXGLApplication$InitAppTask.call(FXGLApplication.kt:319)
	at com.almasb.fxgl.app.FXGLApplication$InitAppTask.call(FXGLApplication.kt:311)
	at javafx.concurrent.Task$TaskCallable.call(Task.java:1399)
	at java.base/java.util.concurrent.FutureTask.run(FutureTask.java:317)
	at java.base/java.util.concurrent.Executors$RunnableAdapter.call(Executors.java:572)
	at java.base/java.util.concurrent.FutureTask.run(FutureTask.java:317)
	at java.base/java.util.concurrent.ThreadPoolExecutor.runWorker(ThreadPoolExecutor.java:1144)
	at java.base/java.util.concurrent.ThreadPoolExecutor$Worker.run(ThreadPoolExecutor.java:642)
	... 1 more

07:40:14.303 [JavaFX Application Thread] FATAL FXGLApplication      - Application will now exit
07:40:14.316 [JavaFX Application Thread] DEBUG PrimaryStageWindow   - Push state: ErrorSubScene
07:40:14.317 [JavaFX Application Thread] DEBUG Input                - Clearing active input actions
07:40:14.322 [JavaFX Application Thread] DEBUG GameApplicationServi - Removing overlay from FXGLLoadingScene and adding to ErrorSubScene
07:40:14.322 [JavaFX Application Thread] DEBUG PrimaryStageWindow   - FXGLLoadingScene -> ErrorSubScene
07:40:14.747 [FXGL Background Thread 2 ] INFO  UpdaterService       - Your current version:  17.3
07:40:14.747 [FXGL Background Thread 2 ] INFO  UpdaterService       - Latest stable version: 21.1
07:40:17.174 [FXGL Background Thread 3 ] DEBUG Engine               - Logging environment variables
07:40:17.175 [FXGL Background Thread 3 ] DEBUG Engine               - achievements: []
07:40:17.175 [FXGL Background Thread 3 ] DEBUG Engine               - actualHeight: 600.0
07:40:17.175 [FXGL Background Thread 3 ] DEBUG Engine               - actualHeightProperty: ReadOnlyDoubleProperty [value: 600.0]
07:40:17.175 [FXGL Background Thread 3 ] DEBUG Engine               - actualWidth: 800.0
07:40:17.175 [FXGL Background Thread 3 ] DEBUG Engine               - actualWidthProperty: ReadOnlyDoubleProperty [value: 800.0]
07:40:17.176 [FXGL Background Thread 3 ] DEBUG Engine               - appIcon: fxgl_icon.png
07:40:17.176 [FXGL Background Thread 3 ] DEBUG Engine               - applicationMode: DEVELOPER
07:40:17.176 [FXGL Background Thread 3 ] DEBUG Engine               - cSSList: [fxgl_dark.css]
07:40:17.176 [FXGL Background Thread 3 ] DEBUG Engine               - collisionDetectionStrategy: BRUTE_FORCE
07:40:17.176 [FXGL Background Thread 3 ] DEBUG Engine               - configClass: Optional.empty
07:40:17.176 [FXGL Background Thread 3 ] DEBUG Engine               - credits: []
07:40:17.177 [FXGL Background Thread 3 ] DEBUG Engine               - defaultCursor: CursorInfo(imageName=fxgl_default_cursor.png, hotspotX=7.0, hotspotY=6.0)
07:40:17.177 [FXGL Background Thread 3 ] DEBUG Engine               - devBBoxColorProperty: ObjectProperty [value: 0xff0000ff]
07:40:17.177 [FXGL Background Thread 3 ] DEBUG Engine               - devEnableDebugCameraProperty: BooleanProperty [value: false]
07:40:17.177 [FXGL Background Thread 3 ] DEBUG Engine               - devSensorColorProperty: ObjectProperty [value: 0xffff00ff]
07:40:17.177 [FXGL Background Thread 3 ] DEBUG Engine               - devShowBBoxProperty: BooleanProperty [value: false]
07:40:17.177 [FXGL Background Thread 3 ] DEBUG Engine               - devShowPositionProperty: BooleanProperty [value: false]
07:40:17.177 [FXGL Background Thread 3 ] DEBUG Engine               - enabledMenuItems: []
07:40:17.177 [FXGL Background Thread 3 ] DEBUG Engine               - engineServices: [class com.almasb.fxgl.app.services.FXGLAssetLoaderService, class com.almasb.fxgl.app.FXGLApplication$GameApplicationService, class com.almasb.fxgl.app.services.FXGLDialogService, class com.almasb.fxgl.app.services.IOTaskExecutorService, class com.almasb.fxgl.io.FileSystemService, class com.almasb.fxgl.localization.LocalizationService, class com.almasb.fxgl.app.services.SystemBundleService, class com.almasb.fxgl.profile.SaveLoadService, class com.almasb.fxgl.ui.FXGLUIFactoryServiceProvider, class com.almasb.fxgl.ui.FXGLDialogFactoryServiceProvider, class com.almasb.fxgl.audio.AudioPlayer, class com.almasb.fxgl.notification.impl.NotificationServiceProvider, class com.almasb.fxgl.achievement.AchievementService, class com.almasb.fxgl.cutscene.CutsceneService, class com.almasb.fxgl.minigames.MiniGameService, class com.almasb.fxgl.net.NetService, class com.almasb.fxgl.app.services.UpdaterService, class com.almasb.fxgl.dev.DevService]
07:40:17.177 [FXGL Background Thread 3 ] DEBUG Engine               - fontGame: Abel-Regular.ttf
07:40:17.177 [FXGL Background Thread 3 ] DEBUG Engine               - fontMono: TerminalLandMono-Regular.otf
07:40:17.177 [FXGL Background Thread 3 ] DEBUG Engine               - fontSizeScaleUI: 1.0
07:40:17.177 [FXGL Background Thread 3 ] DEBUG Engine               - fontText: Courier-Prime.ttf
07:40:17.177 [FXGL Background Thread 3 ] DEBUG Engine               - fontUI: VarelaRound-Regular.ttf
07:40:17.177 [FXGL Background Thread 3 ] DEBUG Engine               - fullScreen: BooleanProperty [value: false]
07:40:17.177 [FXGL Background Thread 3 ] DEBUG Engine               - gameDifficulty: MEDIUM
07:40:17.177 [FXGL Background Thread 3 ] DEBUG Engine               - gameDifficultyProperty: ObjectProperty [value: MEDIUM]
07:40:17.178 [FXGL Background Thread 3 ] DEBUG Engine               - globalMusicVolume: 0.5
07:40:17.178 [FXGL Background Thread 3 ] DEBUG Engine               - globalMusicVolumeProperty: DoubleProperty [value: 0.5]
07:40:17.178 [FXGL Background Thread 3 ] DEBUG Engine               - globalSoundVolume: 0.5
07:40:17.178 [FXGL Background Thread 3 ] DEBUG Engine               - globalSoundVolumeProperty: DoubleProperty [value: 0.5]
07:40:17.178 [FXGL Background Thread 3 ] DEBUG Engine               - height: 600
07:40:17.178 [FXGL Background Thread 3 ] DEBUG Engine               - is3D: false
07:40:17.178 [FXGL Background Thread 3 ] DEBUG Engine               - isAndroid: false
07:40:17.178 [FXGL Background Thread 3 ] DEBUG Engine               - isBrowser: false
07:40:17.178 [FXGL Background Thread 3 ] DEBUG Engine               - isClickFeedbackEnabled: false
07:40:17.178 [FXGL Background Thread 3 ] DEBUG Engine               - isCloseConfirmation: false
07:40:17.178 [FXGL Background Thread 3 ] DEBUG Engine               - isDesktop: true
07:40:17.178 [FXGL Background Thread 3 ] DEBUG Engine               - isDeveloperMenuEnabled: false
07:40:17.178 [FXGL Background Thread 3 ] DEBUG Engine               - isEmbedded: false
07:40:17.178 [FXGL Background Thread 3 ] DEBUG Engine               - isEntityPreloadEnabled: true
07:40:17.178 [FXGL Background Thread 3 ] DEBUG Engine               - isExperimentalTiledLargeMap: false
07:40:17.178 [FXGL Background Thread 3 ] DEBUG Engine               - isFileSystemWriteAllowed: true
07:40:17.178 [FXGL Background Thread 3 ] DEBUG Engine               - isFullScreenAllowed: false
07:40:17.178 [FXGL Background Thread 3 ] DEBUG Engine               - isFullScreenFromStart: false
07:40:17.178 [FXGL Background Thread 3 ] DEBUG Engine               - isGameMenuEnabled: true
07:40:17.179 [FXGL Background Thread 3 ] DEBUG Engine               - isIOS: false
07:40:17.179 [FXGL Background Thread 3 ] DEBUG Engine               - isIntroEnabled: false
07:40:17.179 [FXGL Background Thread 3 ] DEBUG Engine               - isLinux: false
07:40:17.179 [FXGL Background Thread 3 ] DEBUG Engine               - isMac: false
07:40:17.179 [FXGL Background Thread 3 ] DEBUG Engine               - isMainMenuEnabled: false
07:40:17.179 [FXGL Background Thread 3 ] DEBUG Engine               - isManualResizeEnabled: false
07:40:17.179 [FXGL Background Thread 3 ] DEBUG Engine               - isMobile: false
07:40:17.179 [FXGL Background Thread 3 ] DEBUG Engine               - isNative: false
07:40:17.179 [FXGL Background Thread 3 ] DEBUG Engine               - isPauseMusicWhenMinimized: true
07:40:17.179 [FXGL Background Thread 3 ] DEBUG Engine               - isPreserveResizeRatio: false
07:40:17.179 [FXGL Background Thread 3 ] DEBUG Engine               - isProfilingEnabled: false
07:40:17.179 [FXGL Background Thread 3 ] DEBUG Engine               - isScaleAffectedOnResize: true
07:40:17.179 [FXGL Background Thread 3 ] DEBUG Engine               - isSingleStep: false
07:40:17.179 [FXGL Background Thread 3 ] DEBUG Engine               - isUserProfileEnabled: false
07:40:17.179 [FXGL Background Thread 3 ] DEBUG Engine               - isWindows: true
07:40:17.179 [FXGL Background Thread 3 ] DEBUG Engine               - language: ObjectProperty [value: ENGLISH]
07:40:17.179 [FXGL Background Thread 3 ] DEBUG Engine               - menuKey: ESCAPE
07:40:17.179 [FXGL Background Thread 3 ] DEBUG Engine               - mouseSensitivity: 0.2
07:40:17.179 [FXGL Background Thread 3 ] DEBUG Engine               - notificationViewClass: class com.almasb.fxgl.notification.view.XboxNotificationView
07:40:17.179 [FXGL Background Thread 3 ] DEBUG Engine               - pixelsPerMeter: 50.0
07:40:17.179 [FXGL Background Thread 3 ] DEBUG Engine               - platform: WINDOWS
07:40:17.179 [FXGL Background Thread 3 ] DEBUG Engine               - prefHeightProperty: ReadOnlyDoubleProperty [value: 600.0]
07:40:17.179 [FXGL Background Thread 3 ] DEBUG Engine               - prefWidthProperty: ReadOnlyDoubleProperty [value: 800.0]
07:40:17.179 [FXGL Background Thread 3 ] DEBUG Engine               - profileDir: profiles/
07:40:17.179 [FXGL Background Thread 3 ] DEBUG Engine               - profileName: StringProperty [value: DEFAULT]
07:40:17.179 [FXGL Background Thread 3 ] DEBUG Engine               - randomSeed: -1
07:40:17.179 [FXGL Background Thread 3 ] DEBUG Engine               - runtimeInfo: RuntimeInfo(platform=WINDOWS, version=17.3, build=30.03.2023 11.49)
07:40:17.179 [FXGL Background Thread 3 ] DEBUG Engine               - saveFileExt: sav
07:40:17.180 [FXGL Background Thread 3 ] DEBUG Engine               - scaledHeightProp$fxgl: DoubleProperty [bound, value: 600.0]
07:40:17.180 [FXGL Background Thread 3 ] DEBUG Engine               - scaledWidthProp$fxgl: DoubleProperty [bound, value: 800.0]
07:40:17.180 [FXGL Background Thread 3 ] DEBUG Engine               - sceneFactory: com.almasb.fxgl.app.scene.SceneFactory@26220165
07:40:17.180 [FXGL Background Thread 3 ] DEBUG Engine               - secondsIn24h: 60
07:40:17.180 [FXGL Background Thread 3 ] DEBUG Engine               - soundMenuBack: menu/back.wav
07:40:17.180 [FXGL Background Thread 3 ] DEBUG Engine               - soundMenuPress: menu/press.wav
07:40:17.180 [FXGL Background Thread 3 ] DEBUG Engine               - soundMenuSelect: menu/select.wav
07:40:17.180 [FXGL Background Thread 3 ] DEBUG Engine               - soundNotification: core/notification.wav
07:40:17.180 [FXGL Background Thread 3 ] DEBUG Engine               - stageStyle: DECORATED
07:40:17.180 [FXGL Background Thread 3 ] DEBUG Engine               - supportedLanguages: [ENGLISH, FRENCH, GERMAN, HUNGARIAN, RUSSIAN]
07:40:17.180 [FXGL Background Thread 3 ] DEBUG Engine               - ticksPerSecond: -1
07:40:17.180 [FXGL Background Thread 3 ] DEBUG Engine               - title: Simulador de Restaurante
07:40:17.180 [FXGL Background Thread 3 ] DEBUG Engine               - urlGithub: https://github.com/AlmasB/FXGL
07:40:17.180 [FXGL Background Thread 3 ] DEBUG Engine               - urlLeaderboard: http://fxgl-top.herokuapp.com/
07:40:17.180 [FXGL Background Thread 3 ] DEBUG Engine               - urlPOM: https://raw.githubusercontent.com/AlmasB/FXGL/release/README.md
07:40:17.180 [FXGL Background Thread 3 ] DEBUG Engine               - userAppClass: class com.restaurant.simulator.app.MainApp
07:40:17.180 [FXGL Background Thread 3 ] DEBUG Engine               - version: 1.0
07:40:17.180 [FXGL Background Thread 3 ] DEBUG Engine               - versionCheckDays: 7
07:40:17.180 [FXGL Background Thread 3 ] DEBUG Engine               - width: 800
07:40:17.180 [FXGL Background Thread 3 ] DEBUG Engine               - Logging services
07:40:17.180 [FXGL Background Thread 3 ] DEBUG Engine               - class com.almasb.fxgl.app.services.FXGLAssetLoaderService
07:40:17.180 [FXGL Background Thread 3 ] DEBUG Engine               - class com.almasb.fxgl.app.FXGLApplication$GameApplicationService
07:40:17.180 [FXGL Background Thread 3 ] DEBUG Engine               - class com.almasb.fxgl.app.services.FXGLDialogService
07:40:17.180 [FXGL Background Thread 3 ] DEBUG Engine               - class com.almasb.fxgl.app.services.IOTaskExecutorService
07:40:17.180 [FXGL Background Thread 3 ] DEBUG Engine               - class com.almasb.fxgl.io.FileSystemService
07:40:17.181 [FXGL Background Thread 3 ] DEBUG Engine               - class com.almasb.fxgl.localization.LocalizationService
07:40:17.181 [FXGL Background Thread 3 ] DEBUG Engine               - class com.almasb.fxgl.app.services.SystemBundleService
07:40:17.181 [FXGL Background Thread 3 ] DEBUG Engine               - class com.almasb.fxgl.profile.SaveLoadService
07:40:17.181 [FXGL Background Thread 3 ] DEBUG Engine               - class com.almasb.fxgl.ui.FXGLUIFactoryServiceProvider
07:40:17.181 [FXGL Background Thread 3 ] DEBUG Engine               - class com.almasb.fxgl.ui.FXGLDialogFactoryServiceProvider
07:40:17.181 [FXGL Background Thread 3 ] DEBUG Engine               - class com.almasb.fxgl.audio.AudioPlayer
07:40:17.181 [FXGL Background Thread 3 ] DEBUG Engine               - class com.almasb.fxgl.notification.impl.NotificationServiceProvider
07:40:17.181 [FXGL Background Thread 3 ] DEBUG Engine               - class com.almasb.fxgl.achievement.AchievementService
07:40:17.181 [FXGL Background Thread 3 ] DEBUG Engine               - class com.almasb.fxgl.cutscene.CutsceneService
07:40:17.181 [FXGL Background Thread 3 ] DEBUG Engine               - class com.almasb.fxgl.minigames.MiniGameService
07:40:17.181 [FXGL Background Thread 3 ] DEBUG Engine               - class com.almasb.fxgl.net.NetService
07:40:17.181 [FXGL Background Thread 3 ] DEBUG Engine               - class com.almasb.fxgl.app.services.UpdaterService
07:40:17.181 [FXGL Background Thread 3 ] DEBUG Engine               - class com.almasb.fxgl.dev.DevService
07:40:19.121 [JavaFX Application Thread] DEBUG FXGLApplication      - Exiting FXGL
07:40:19.121 [JavaFX Application Thread] DEBUG Async                - Shutting down background threads
07:40:19.122 [JavaFX Application Thread] DEBUG PrimaryStageWindow   - Closing main window
07:40:19.134 [JavaFX Application Thread] DEBUG Logger               - Closing Logger
