18:31:00.474 [main                     ] DEBUG Logger               - Configured Logger
18:31:00.493 [main                     ] DEBUG GameApplication      - Logging settings
Title: Mi Primer Juego FXGL
Version: 0.1
Width: 1000
Height: 700
Fullscreen: false
Intro: false
Profiling: false
Single step:false
App Mode: DEVELOPER
Menu Key: ESCAPE
Stage Style: DECORATED
Scene Factory: class com.almasb.fxgl.app.scene.SceneFactory

18:31:00.795 [JavaFX Application Thread] DEBUG FXGLApplication      - Initializing FXGL
18:31:00.798 [JavaFX Application Thread] INFO  Engine               - FXGL-17.3 (30.03.2023 11.49) on WINDOWS (J:21.0.5 FX:21)
18:31:00.798 [JavaFX Application Thread] DEBUG Engine               - JRE Vendor Name: Oracle Corporation
18:31:00.798 [JavaFX Application Thread] DEBUG Engine               - Running on OS: Windows 11 version 10.0
18:31:00.799 [JavaFX Application Thread] DEBUG Engine               - Architecture: amd64
18:31:00.799 [JavaFX Application Thread] INFO  Engine               - Source code and latest versions at: https://github.com/AlmasB/FXGL
18:31:00.799 [JavaFX Application Thread] INFO  Engine               -       Ask questions and discuss at: https://github.com/AlmasB/FXGL/discussions
18:31:00.799 [JavaFX Application Thread] INFO  Engine               -              Join the FXGL chat at: https://gitter.im/AlmasB/FXGL
18:31:00.855 [JavaFX Application Thread] DEBUG PrimaryStageWindow   - Creating a JavaFX scene
18:31:00.884 [JavaFX Application Thread] DEBUG PrimaryStageWindow   - Target settings size: 1000.0 x 700.0
18:31:00.885 [JavaFX Application Thread] DEBUG PrimaryStageWindow   - Scaled scene size:    1000.0 x 700.0
18:31:00.885 [JavaFX Application Thread] DEBUG PrimaryStageWindow   - Scaled ratio: (1.0, 1.0)
18:31:00.885 [JavaFX Application Thread] DEBUG PrimaryStageWindow   - Set initial scene to FXGLStartupScene
18:31:00.888 [JavaFX Application Thread] DEBUG PrimaryStageWindow   - Opening main window
18:31:00.939 [JavaFX Application Thread] DEBUG PrimaryStageWindow   - Window border size: (14.4000244140625, 37.5999755859375)
18:31:00.939 [JavaFX Application Thread] DEBUG PrimaryStageWindow   - Scaled size: 1000.0 x 700.0
18:31:00.939 [JavaFX Application Thread] DEBUG PrimaryStageWindow   - Scaled ratio: (1.0, 1.0)
18:31:00.940 [JavaFX Application Thread] DEBUG PrimaryStageWindow   - Scene size: 1000.0 x 700.0
18:31:00.940 [JavaFX Application Thread] DEBUG PrimaryStageWindow   - Stage size: 1014.4000244140625 x 737.5999755859375
18:31:00.944 [FXGL Background Thread 1 ] DEBUG Engine               - Initializing environment variables
18:31:00.983 [FXGL Background Thread 1 ] DEBUG FXGLAssetLoaderServi - User app class for loading assets: class com.example.demo.HelloApplication
18:31:00.983 [FXGL Background Thread 1 ] DEBUG GameApplicationServi - Applying CSS: fxgl_dark.css
18:31:00.984 [FXGL Background Thread 1 ] DEBUG FXGLAssetLoaderServi - Loading from file system: jar:file:///C:/Users/Michel/.m2/repository/com/github/almasb/fxgl/17.3/fxgl-17.3.jar!/fxglassets/ui/css/fxgl_dark.css
18:31:01.014 [FXGL Background Thread 1 ] DEBUG GameApplicationServi - Initializing application scenes
18:31:01.056 [FXGL Background Thread 1 ] DEBUG GameWorld            - Game world initialized
18:31:01.100 [FXGL Background Thread 1 ] DEBUG PhysicsWorld         - Physics world initialized: appHeight=700, physics.ppm=50.0
18:31:01.100 [FXGL Background Thread 1 ] DEBUG PhysicsWorld         - Using strategy: BRUTE_FORCE
18:31:01.103 [FXGL Background Thread 1 ] DEBUG GameScene            - Game scene initialized: 1000x700
18:31:01.109 [FXGL Background Thread 1 ] DEBUG FXGL.DefaultMenu     - createMenuBodyGameMenu()
18:31:01.116 [FXGL Background Thread 1 ] DEBUG FXGL.DefaultMenu     - createOptionsMenu()
18:31:01.124 [FXGL Background Thread 1 ] DEBUG FXGLAssetLoaderServi - Loading from file system: jar:file:///C:/Users/Michel/.m2/repository/com/github/almasb/fxgl/17.3/fxgl-17.3.jar!/fxglassets/textures/particles/smoke.png
18:31:01.193 [FXGL Background Thread 1 ] DEBUG FXGLAssetLoaderServi - Loading from file system: jar:file:///C:/Users/Michel/.m2/repository/com/github/almasb/fxgl/17.3/fxgl-17.3.jar!/fxglassets/textures/particles/trace_horizontal.png
18:31:01.213 [FXGL Background Thread 1 ] DEBUG GameApplicationServi - Application scenes initialized
18:31:01.222 [FXGL Background Thread 1 ] DEBUG SystemBundleService  - Loading FXGL system data
18:31:01.225 [FXGL Background Thread 1 ] DEBUG FileSystemAccess     - Reading from: C:\Users\Michel\IdeaProjects\demo\system\fxgl.bundle
18:31:01.231 [FXGL Background Thread 1 ] DEBUG SystemBundleService  - Bundle FXGL: {}
18:31:01.231 [FXGL Background Thread 1 ] DEBUG UpdaterService       - Checking for updates
18:31:01.233 [FXGL Background Thread 4 ] DEBUG FXGLApplication      - Loading fonts
18:31:01.234 [FXGL Background Thread 1 ] DEBUG FXGLApplication      - Loading default localization
18:31:01.234 [FXGL Background Thread 4 ] DEBUG FXGLAssetLoaderServi - Loading from file system: jar:file:///C:/Users/Michel/.m2/repository/com/github/almasb/fxgl/17.3/fxgl-17.3.jar!/fxglassets/ui/fonts/VarelaRound-Regular.ttf
18:31:01.234 [FXGL Background Thread 1 ] DEBUG FXGLAssetLoaderServi - Loading from file system: jar:file:///C:/Users/Michel/.m2/repository/com/github/almasb/fxgl/17.3/fxgl-17.3.jar!/fxglassets/languages/english.lang
18:31:01.258 [FXGL Background Thread 4 ] DEBUG FXGLAssetLoaderServi - Loading from file system: jar:file:///C:/Users/Michel/.m2/repository/com/github/almasb/fxgl/17.3/fxgl-17.3.jar!/fxglassets/ui/fonts/Abel-Regular.ttf
18:31:01.261 [FXGL Background Thread 4 ] DEBUG FXGLAssetLoaderServi - Loading from file system: jar:file:///C:/Users/Michel/.m2/repository/com/github/almasb/fxgl/17.3/fxgl-17.3.jar!/fxglassets/ui/fonts/TerminalLandMono-Regular.otf
18:31:01.262 [FXGL Background Thread 1 ] INFO  FXGLApplication      - FXGL initialization took: 0.318 sec
18:31:01.263 [JavaFX Application Thread] WARN  FXGLAssetLoaderServi - Asset "/assets/textures/icon.png" was not found!
18:31:01.263 [JavaFX Application Thread] WARN  FXGLAssetLoaderServi - Failed to load IMAGE
18:31:01.265 [FXGL Background Thread 4 ] DEBUG FXGLAssetLoaderServi - Loading from file system: jar:file:///C:/Users/Michel/.m2/repository/com/github/almasb/fxgl/17.3/fxgl-17.3.jar!/fxglassets/ui/fonts/Courier-Prime.ttf
18:31:01.271 [JavaFX Application Thread] DEBUG FXGLAssetLoaderServi - Loading from file system: jar:file:///C:/Users/Michel/.m2/repository/com/github/almasb/fxgl/17.3/fxgl-17.3.jar!/fxglassets/textures/fxgl_default_cursor.png
18:31:01.278 [JavaFX Application Thread] DEBUG Input                - Registered new binding: Screenshot - CTRL+8
18:31:01.279 [JavaFX Application Thread] DEBUG Input                - Registered new binding: System info dump - CTRL+9
18:31:01.279 [JavaFX Application Thread] DEBUG Input                - Registered new binding: Restart - CTRL+R
18:31:01.280 [JavaFX Application Thread] DEBUG Input                - Registered new binding: Toggle Debug Camera - CTRL+7
18:31:01.282 [JavaFX Application Thread] DEBUG LoopRunner           - Starting loop
18:31:01.282 [JavaFX Application Thread] DEBUG LoopRunner           - Initializing JavaFX AnimationTimerLoop
18:31:01.283 [JavaFX Application Thread] DEBUG GameApplicationServi - Starting new game
18:31:01.283 [JavaFX Application Thread] DEBUG Input                - Clearing active input actions
18:31:01.295 [JavaFX Application Thread] DEBUG GameApplicationServi - Removing overlay from FXGLStartupScene and adding to FXGLLoadingScene
18:31:01.295 [JavaFX Application Thread] DEBUG PrimaryStageWindow   - FXGLStartupScene -> FXGLLoadingScene
18:31:01.295 [JavaFX Application Thread] DEBUG GameApplicationServi - Clearing previous game
18:31:01.295 [JavaFX Application Thread] DEBUG GameScene            - Clearing game scene
18:31:01.295 [JavaFX Application Thread] DEBUG GameWorld            - Clearing game world
18:31:01.295 [JavaFX Application Thread] DEBUG PhysicsWorld         - Clearing physics world
18:31:01.298 [FXGL Background Thread 4 ] DEBUG FXGLApplication      - Initializing game
18:31:01.298 [JavaFX Application Thread] DEBUG FXGLApplication      - Registering font factories with UI factory
18:31:01.311 [FXGL Background Thread 4 ] WARN  FXGLAssetLoaderServi - Asset "/assets/textures/src/main/resources/assets/player.png" was not found!
18:31:01.311 [FXGL Background Thread 4 ] WARN  FXGLAssetLoaderServi - Failed to load IMAGE
18:31:01.322 [FXGL Background Thread 4 ] INFO  FXGLApplication      - Game initialization took: 0.024 sec
18:31:01.334 [JavaFX Application Thread] DEBUG Input                - Clearing active input actions
18:31:01.341 [JavaFX Application Thread] DEBUG GameApplicationServi - Removing overlay from FXGLLoadingScene and adding to GameScene
18:31:01.341 [JavaFX Application Thread] DEBUG PrimaryStageWindow   - FXGLLoadingScene -> GameScene
18:31:01.823 [FXGL Background Thread 2 ] INFO  UpdaterService       - Your current version:  17.3
18:31:01.823 [FXGL Background Thread 2 ] INFO  UpdaterService       - Latest stable version: 21.1
18:31:04.233 [FXGL Background Thread 3 ] DEBUG Engine               - Logging environment variables
18:31:04.234 [FXGL Background Thread 3 ] DEBUG Engine               - achievements: []
18:31:04.234 [FXGL Background Thread 3 ] DEBUG Engine               - actualHeight: 700.0
18:31:04.234 [FXGL Background Thread 3 ] DEBUG Engine               - actualHeightProperty: ReadOnlyDoubleProperty [value: 700.0]
18:31:04.234 [FXGL Background Thread 3 ] DEBUG Engine               - actualWidth: 1000.0
18:31:04.234 [FXGL Background Thread 3 ] DEBUG Engine               - actualWidthProperty: ReadOnlyDoubleProperty [value: 1000.0]
18:31:04.234 [FXGL Background Thread 3 ] DEBUG Engine               - appIcon: icon.png
18:31:04.235 [FXGL Background Thread 3 ] DEBUG Engine               - applicationMode: DEVELOPER
18:31:04.235 [FXGL Background Thread 3 ] DEBUG Engine               - cSSList: [fxgl_dark.css]
18:31:04.235 [FXGL Background Thread 3 ] DEBUG Engine               - collisionDetectionStrategy: BRUTE_FORCE
18:31:04.235 [FXGL Background Thread 3 ] DEBUG Engine               - configClass: Optional.empty
18:31:04.236 [FXGL Background Thread 3 ] DEBUG Engine               - credits: []
18:31:04.238 [FXGL Background Thread 3 ] DEBUG Engine               - defaultCursor: CursorInfo(imageName=fxgl_default_cursor.png, hotspotX=7.0, hotspotY=6.0)
18:31:04.239 [FXGL Background Thread 3 ] DEBUG Engine               - devBBoxColorProperty: ObjectProperty [value: 0xff0000ff]
18:31:04.239 [FXGL Background Thread 3 ] DEBUG Engine               - devEnableDebugCameraProperty: BooleanProperty [value: false]
18:31:04.239 [FXGL Background Thread 3 ] DEBUG Engine               - devSensorColorProperty: ObjectProperty [value: 0xffff00ff]
18:31:04.239 [FXGL Background Thread 3 ] DEBUG Engine               - devShowBBoxProperty: BooleanProperty [value: false]
18:31:04.239 [FXGL Background Thread 3 ] DEBUG Engine               - devShowPositionProperty: BooleanProperty [value: false]
18:31:04.239 [FXGL Background Thread 3 ] DEBUG Engine               - enabledMenuItems: []
18:31:04.239 [FXGL Background Thread 3 ] DEBUG Engine               - engineServices: [class com.almasb.fxgl.app.services.FXGLAssetLoaderService, class com.almasb.fxgl.app.FXGLApplication$GameApplicationService, class com.almasb.fxgl.app.services.FXGLDialogService, class com.almasb.fxgl.app.services.IOTaskExecutorService, class com.almasb.fxgl.io.FileSystemService, class com.almasb.fxgl.localization.LocalizationService, class com.almasb.fxgl.app.services.SystemBundleService, class com.almasb.fxgl.profile.SaveLoadService, class com.almasb.fxgl.ui.FXGLUIFactoryServiceProvider, class com.almasb.fxgl.ui.FXGLDialogFactoryServiceProvider, class com.almasb.fxgl.audio.AudioPlayer, class com.almasb.fxgl.notification.impl.NotificationServiceProvider, class com.almasb.fxgl.achievement.AchievementService, class com.almasb.fxgl.cutscene.CutsceneService, class com.almasb.fxgl.minigames.MiniGameService, class com.almasb.fxgl.net.NetService, class com.almasb.fxgl.app.services.UpdaterService, class com.almasb.fxgl.dev.DevService]
18:31:04.239 [FXGL Background Thread 3 ] DEBUG Engine               - fontGame: Abel-Regular.ttf
18:31:04.239 [FXGL Background Thread 3 ] DEBUG Engine               - fontMono: TerminalLandMono-Regular.otf
18:31:04.239 [FXGL Background Thread 3 ] DEBUG Engine               - fontSizeScaleUI: 1.0
18:31:04.239 [FXGL Background Thread 3 ] DEBUG Engine               - fontText: Courier-Prime.ttf
18:31:04.239 [FXGL Background Thread 3 ] DEBUG Engine               - fontUI: VarelaRound-Regular.ttf
18:31:04.239 [FXGL Background Thread 3 ] DEBUG Engine               - fullScreen: BooleanProperty [value: false]
18:31:04.239 [FXGL Background Thread 3 ] DEBUG Engine               - gameDifficulty: MEDIUM
18:31:04.239 [FXGL Background Thread 3 ] DEBUG Engine               - gameDifficultyProperty: ObjectProperty [value: MEDIUM]
18:31:04.239 [FXGL Background Thread 3 ] DEBUG Engine               - globalMusicVolume: 0.5
18:31:04.240 [FXGL Background Thread 3 ] DEBUG Engine               - globalMusicVolumeProperty: DoubleProperty [value: 0.5]
18:31:04.240 [FXGL Background Thread 3 ] DEBUG Engine               - globalSoundVolume: 0.5
18:31:04.240 [FXGL Background Thread 3 ] DEBUG Engine               - globalSoundVolumeProperty: DoubleProperty [value: 0.5]
18:31:04.240 [FXGL Background Thread 3 ] DEBUG Engine               - height: 700
18:31:04.240 [FXGL Background Thread 3 ] DEBUG Engine               - is3D: false
18:31:04.240 [FXGL Background Thread 3 ] DEBUG Engine               - isAndroid: false
18:31:04.240 [FXGL Background Thread 3 ] DEBUG Engine               - isBrowser: false
18:31:04.240 [FXGL Background Thread 3 ] DEBUG Engine               - isClickFeedbackEnabled: false
18:31:04.240 [FXGL Background Thread 3 ] DEBUG Engine               - isCloseConfirmation: false
18:31:04.240 [FXGL Background Thread 3 ] DEBUG Engine               - isDesktop: true
18:31:04.240 [FXGL Background Thread 3 ] DEBUG Engine               - isDeveloperMenuEnabled: false
18:31:04.240 [FXGL Background Thread 3 ] DEBUG Engine               - isEmbedded: false
18:31:04.240 [FXGL Background Thread 3 ] DEBUG Engine               - isEntityPreloadEnabled: true
18:31:04.240 [FXGL Background Thread 3 ] DEBUG Engine               - isExperimentalTiledLargeMap: false
18:31:04.241 [FXGL Background Thread 3 ] DEBUG Engine               - isFileSystemWriteAllowed: true
18:31:04.241 [FXGL Background Thread 3 ] DEBUG Engine               - isFullScreenAllowed: false
18:31:04.241 [FXGL Background Thread 3 ] DEBUG Engine               - isFullScreenFromStart: false
18:31:04.241 [FXGL Background Thread 3 ] DEBUG Engine               - isGameMenuEnabled: true
18:31:04.241 [FXGL Background Thread 3 ] DEBUG Engine               - isIOS: false
18:31:04.241 [FXGL Background Thread 3 ] DEBUG Engine               - isIntroEnabled: false
18:31:04.241 [FXGL Background Thread 3 ] DEBUG Engine               - isLinux: false
18:31:04.242 [FXGL Background Thread 3 ] DEBUG Engine               - isMac: false
18:31:04.242 [FXGL Background Thread 3 ] DEBUG Engine               - isMainMenuEnabled: false
18:31:04.242 [FXGL Background Thread 3 ] DEBUG Engine               - isManualResizeEnabled: false
18:31:04.242 [FXGL Background Thread 3 ] DEBUG Engine               - isMobile: false
18:31:04.244 [FXGL Background Thread 3 ] DEBUG Engine               - isNative: false
18:31:04.244 [FXGL Background Thread 3 ] DEBUG Engine               - isPauseMusicWhenMinimized: true
18:31:04.246 [FXGL Background Thread 3 ] DEBUG Engine               - isPreserveResizeRatio: false
18:31:04.246 [FXGL Background Thread 3 ] DEBUG Engine               - isProfilingEnabled: false
18:31:04.246 [FXGL Background Thread 3 ] DEBUG Engine               - isScaleAffectedOnResize: true
18:31:04.246 [FXGL Background Thread 3 ] DEBUG Engine               - isSingleStep: false
18:31:04.248 [FXGL Background Thread 3 ] DEBUG Engine               - isUserProfileEnabled: false
18:31:04.248 [FXGL Background Thread 3 ] DEBUG Engine               - isWindows: true
18:31:04.248 [FXGL Background Thread 3 ] DEBUG Engine               - language: ObjectProperty [value: ENGLISH]
18:31:04.248 [FXGL Background Thread 3 ] DEBUG Engine               - menuKey: ESCAPE
18:31:04.248 [FXGL Background Thread 3 ] DEBUG Engine               - mouseSensitivity: 0.2
18:31:04.248 [FXGL Background Thread 3 ] DEBUG Engine               - notificationViewClass: class com.almasb.fxgl.notification.view.XboxNotificationView
18:31:04.248 [FXGL Background Thread 3 ] DEBUG Engine               - pixelsPerMeter: 50.0
18:31:04.248 [FXGL Background Thread 3 ] DEBUG Engine               - platform: WINDOWS
18:31:04.248 [FXGL Background Thread 3 ] DEBUG Engine               - prefHeightProperty: ReadOnlyDoubleProperty [value: 700.0]
18:31:04.248 [FXGL Background Thread 3 ] DEBUG Engine               - prefWidthProperty: ReadOnlyDoubleProperty [value: 1000.0]
18:31:04.248 [FXGL Background Thread 3 ] DEBUG Engine               - profileDir: profiles/
18:31:04.248 [FXGL Background Thread 3 ] DEBUG Engine               - profileName: StringProperty [value: DEFAULT]
18:31:04.248 [FXGL Background Thread 3 ] DEBUG Engine               - randomSeed: -1
18:31:04.249 [FXGL Background Thread 3 ] DEBUG Engine               - runtimeInfo: RuntimeInfo(platform=WINDOWS, version=17.3, build=30.03.2023 11.49)
18:31:04.249 [FXGL Background Thread 3 ] DEBUG Engine               - saveFileExt: sav
18:31:04.249 [FXGL Background Thread 3 ] DEBUG Engine               - scaledHeightProp$fxgl: DoubleProperty [bound, value: 700.0]
18:31:04.249 [FXGL Background Thread 3 ] DEBUG Engine               - scaledWidthProp$fxgl: DoubleProperty [bound, value: 1000.0]
18:31:04.249 [FXGL Background Thread 3 ] DEBUG Engine               - sceneFactory: com.almasb.fxgl.app.scene.SceneFactory@398eae6e
18:31:04.249 [FXGL Background Thread 3 ] DEBUG Engine               - secondsIn24h: 60
18:31:04.249 [FXGL Background Thread 3 ] DEBUG Engine               - soundMenuBack: menu/back.wav
18:31:04.249 [FXGL Background Thread 3 ] DEBUG Engine               - soundMenuPress: menu/press.wav
18:31:04.249 [FXGL Background Thread 3 ] DEBUG Engine               - soundMenuSelect: menu/select.wav
18:31:04.249 [FXGL Background Thread 3 ] DEBUG Engine               - soundNotification: core/notification.wav
18:31:04.249 [FXGL Background Thread 3 ] DEBUG Engine               - stageStyle: DECORATED
18:31:04.249 [FXGL Background Thread 3 ] DEBUG Engine               - supportedLanguages: [ENGLISH, FRENCH, GERMAN, HUNGARIAN, RUSSIAN]
18:31:04.249 [FXGL Background Thread 3 ] DEBUG Engine               - ticksPerSecond: -1
18:31:04.249 [FXGL Background Thread 3 ] DEBUG Engine               - title: Mi Primer Juego FXGL
18:31:04.249 [FXGL Background Thread 3 ] DEBUG Engine               - urlGithub: https://github.com/AlmasB/FXGL
18:31:04.249 [FXGL Background Thread 3 ] DEBUG Engine               - urlLeaderboard: http://fxgl-top.herokuapp.com/
18:31:04.249 [FXGL Background Thread 3 ] DEBUG Engine               - urlPOM: https://raw.githubusercontent.com/AlmasB/FXGL/release/README.md
18:31:04.249 [FXGL Background Thread 3 ] DEBUG Engine               - userAppClass: class com.example.demo.HelloApplication
18:31:04.249 [FXGL Background Thread 3 ] DEBUG Engine               - version: 0.1
18:31:04.249 [FXGL Background Thread 3 ] DEBUG Engine               - versionCheckDays: 7
18:31:04.249 [FXGL Background Thread 3 ] DEBUG Engine               - width: 1000
18:31:04.249 [FXGL Background Thread 3 ] DEBUG Engine               - Logging services
18:31:04.249 [FXGL Background Thread 3 ] DEBUG Engine               - class com.almasb.fxgl.app.services.FXGLAssetLoaderService
18:31:04.249 [FXGL Background Thread 3 ] DEBUG Engine               - class com.almasb.fxgl.app.FXGLApplication$GameApplicationService
18:31:04.249 [FXGL Background Thread 3 ] DEBUG Engine               - class com.almasb.fxgl.app.services.FXGLDialogService
18:31:04.249 [FXGL Background Thread 3 ] DEBUG Engine               - class com.almasb.fxgl.app.services.IOTaskExecutorService
18:31:04.249 [FXGL Background Thread 3 ] DEBUG Engine               - class com.almasb.fxgl.io.FileSystemService
18:31:04.249 [FXGL Background Thread 3 ] DEBUG Engine               - class com.almasb.fxgl.localization.LocalizationService
18:31:04.249 [FXGL Background Thread 3 ] DEBUG Engine               - class com.almasb.fxgl.app.services.SystemBundleService
18:31:04.249 [FXGL Background Thread 3 ] DEBUG Engine               - class com.almasb.fxgl.profile.SaveLoadService
18:31:04.249 [FXGL Background Thread 3 ] DEBUG Engine               - class com.almasb.fxgl.ui.FXGLUIFactoryServiceProvider
18:31:04.249 [FXGL Background Thread 3 ] DEBUG Engine               - class com.almasb.fxgl.ui.FXGLDialogFactoryServiceProvider
18:31:04.249 [FXGL Background Thread 3 ] DEBUG Engine               - class com.almasb.fxgl.audio.AudioPlayer
18:31:04.250 [FXGL Background Thread 3 ] DEBUG Engine               - class com.almasb.fxgl.notification.impl.NotificationServiceProvider
18:31:04.250 [FXGL Background Thread 3 ] DEBUG Engine               - class com.almasb.fxgl.achievement.AchievementService
18:31:04.250 [FXGL Background Thread 3 ] DEBUG Engine               - class com.almasb.fxgl.cutscene.CutsceneService
18:31:04.250 [FXGL Background Thread 3 ] DEBUG Engine               - class com.almasb.fxgl.minigames.MiniGameService
18:31:04.250 [FXGL Background Thread 3 ] DEBUG Engine               - class com.almasb.fxgl.net.NetService
18:31:04.250 [FXGL Background Thread 3 ] DEBUG Engine               - class com.almasb.fxgl.app.services.UpdaterService
18:31:04.250 [FXGL Background Thread 3 ] DEBUG Engine               - class com.almasb.fxgl.dev.DevService
18:31:04.558 [JavaFX Application Thread] DEBUG FXGLApplication      - Exiting FXGL
18:31:04.559 [JavaFX Application Thread] DEBUG LoopRunner           - Stopping loop
18:31:04.559 [JavaFX Application Thread] DEBUG SystemBundleService  - Saving FXGL system data
18:31:04.560 [JavaFX Application Thread] DEBUG FileSystemAccess     - Writing to: C:\Users\Michel\IdeaProjects\demo\system\fxgl.bundle
18:31:04.561 [JavaFX Application Thread] DEBUG Async                - Shutting down background threads
18:31:04.561 [JavaFX Application Thread] DEBUG PrimaryStageWindow   - Closing main window
18:31:04.573 [JavaFX Application Thread] DEBUG Logger               - Closing Logger
