07:40:24.784 [main                     ] DEBUG Logger               - Configured Logger
07:40:24.803 [main                     ] DEBUG GameApplication      - Logging settings
Title: Simulador de Restaurante
Version: 1.0
Width: 800
Height: 600
Fullscreen: false
Intro: false
Profiling: false
Single step:false
App Mode: DEVELOPER
Menu Key: ESCAPE
Stage Style: DECORATED
Scene Factory: class com.almasb.fxgl.app.scene.SceneFactory

07:40:25.125 [JavaFX Application Thread] DEBUG FXGLApplication      - Initializing FXGL
07:40:25.127 [JavaFX Application Thread] INFO  Engine               - FXGL-17.3 (30.03.2023 11.49) on WINDOWS (J:21.0.5 FX:21)
07:40:25.128 [JavaFX Application Thread] DEBUG Engine               - JRE Vendor Name: Oracle Corporation
07:40:25.128 [JavaFX Application Thread] DEBUG Engine               - Running on OS: Windows 11 version 10.0
07:40:25.128 [JavaFX Application Thread] DEBUG Engine               - Architecture: amd64
07:40:25.128 [JavaFX Application Thread] INFO  Engine               - Source code and latest versions at: https://github.com/AlmasB/FXGL
07:40:25.128 [JavaFX Application Thread] INFO  Engine               -       Ask questions and discuss at: https://github.com/AlmasB/FXGL/discussions
07:40:25.128 [JavaFX Application Thread] INFO  Engine               -              Join the FXGL chat at: https://gitter.im/AlmasB/FXGL
07:40:25.205 [JavaFX Application Thread] DEBUG PrimaryStageWindow   - Creating a JavaFX scene
07:40:25.238 [JavaFX Application Thread] DEBUG PrimaryStageWindow   - Target settings size: 800.0 x 600.0
07:40:25.239 [JavaFX Application Thread] DEBUG PrimaryStageWindow   - Scaled scene size:    800.0 x 600.0
07:40:25.239 [JavaFX Application Thread] DEBUG PrimaryStageWindow   - Scaled ratio: (1.0, 1.0)
07:40:25.240 [JavaFX Application Thread] DEBUG PrimaryStageWindow   - Set initial scene to FXGLStartupScene
07:40:25.242 [JavaFX Application Thread] DEBUG PrimaryStageWindow   - Opening main window
07:40:25.304 [JavaFX Application Thread] DEBUG PrimaryStageWindow   - Window border size: (14.4000244140625, 37.5999755859375)
07:40:25.304 [JavaFX Application Thread] DEBUG PrimaryStageWindow   - Scaled size: 800.0 x 600.0
07:40:25.304 [JavaFX Application Thread] DEBUG PrimaryStageWindow   - Scaled ratio: (1.0, 1.0)
07:40:25.304 [JavaFX Application Thread] DEBUG PrimaryStageWindow   - Scene size: 800.0 x 600.0
07:40:25.304 [JavaFX Application Thread] DEBUG PrimaryStageWindow   - Stage size: 814.4000244140625 x 637.5999755859375
07:40:25.309 [FXGL Background Thread 1 ] DEBUG Engine               - Initializing environment variables
07:40:25.346 [FXGL Background Thread 1 ] DEBUG FXGLAssetLoaderServi - User app class for loading assets: class com.restaurant.simulator.app.MainApp
07:40:25.346 [FXGL Background Thread 1 ] DEBUG GameApplicationServi - Applying CSS: fxgl_dark.css
07:40:25.347 [FXGL Background Thread 1 ] DEBUG FXGLAssetLoaderServi - Loading from file system: jar:file:/C:/Users/Michel/.m2/repository/com/github/almasb/fxgl/17.3/fxgl-17.3.jar!/fxglassets/ui/css/fxgl_dark.css
07:40:25.374 [FXGL Background Thread 1 ] DEBUG GameApplicationServi - Initializing application scenes
07:40:25.417 [FXGL Background Thread 1 ] DEBUG GameWorld            - Game world initialized
07:40:25.472 [FXGL Background Thread 1 ] DEBUG PhysicsWorld         - Physics world initialized: appHeight=600, physics.ppm=50.0
07:40:25.472 [FXGL Background Thread 1 ] DEBUG PhysicsWorld         - Using strategy: BRUTE_FORCE
07:40:25.476 [FXGL Background Thread 1 ] DEBUG GameScene            - Game scene initialized: 800x600
07:40:25.486 [FXGL Background Thread 1 ] DEBUG FXGL.DefaultMenu     - createMenuBodyGameMenu()
07:40:25.496 [FXGL Background Thread 1 ] DEBUG FXGL.DefaultMenu     - createOptionsMenu()
07:40:25.504 [FXGL Background Thread 1 ] DEBUG FXGLAssetLoaderServi - Loading from file system: jar:file:/C:/Users/Michel/.m2/repository/com/github/almasb/fxgl/17.3/fxgl-17.3.jar!/fxglassets/textures/particles/smoke.png
07:40:25.585 [FXGL Background Thread 1 ] DEBUG FXGLAssetLoaderServi - Loading from file system: jar:file:/C:/Users/Michel/.m2/repository/com/github/almasb/fxgl/17.3/fxgl-17.3.jar!/fxglassets/textures/particles/trace_horizontal.png
07:40:25.604 [FXGL Background Thread 1 ] DEBUG GameApplicationServi - Application scenes initialized
07:40:25.616 [FXGL Background Thread 1 ] DEBUG SystemBundleService  - Loading FXGL system data
07:40:25.619 [FXGL Background Thread 1 ] DEBUG FileSystemAccess     - Reading from: C:\Users\Michel\Documents\GitHub\restaurant\system\fxgl.bundle
07:40:25.627 [FXGL Background Thread 1 ] DEBUG SystemBundleService  - Bundle FXGL: {}
07:40:25.627 [FXGL Background Thread 1 ] DEBUG UpdaterService       - Checking for updates
07:40:25.630 [FXGL Background Thread 4 ] DEBUG FXGLApplication      - Loading fonts
07:40:25.631 [FXGL Background Thread 4 ] DEBUG FXGLAssetLoaderServi - Loading from file system: jar:file:/C:/Users/Michel/.m2/repository/com/github/almasb/fxgl/17.3/fxgl-17.3.jar!/fxglassets/ui/fonts/VarelaRound-Regular.ttf
07:40:25.631 [FXGL Background Thread 1 ] DEBUG FXGLApplication      - Loading default localization
07:40:25.631 [FXGL Background Thread 1 ] DEBUG FXGLAssetLoaderServi - Loading from file system: jar:file:/C:/Users/Michel/.m2/repository/com/github/almasb/fxgl/17.3/fxgl-17.3.jar!/fxglassets/languages/english.lang
07:40:25.663 [FXGL Background Thread 4 ] DEBUG FXGLAssetLoaderServi - Loading from file system: jar:file:/C:/Users/Michel/.m2/repository/com/github/almasb/fxgl/17.3/fxgl-17.3.jar!/fxglassets/ui/fonts/Abel-Regular.ttf
07:40:25.664 [FXGL Background Thread 1 ] INFO  FXGLApplication      - FXGL initialization took: 0.354 sec
07:40:25.664 [JavaFX Application Thread] DEBUG FXGLAssetLoaderServi - Loading from file system: jar:file:/C:/Users/Michel/.m2/repository/com/github/almasb/fxgl/17.3/fxgl-17.3.jar!/fxglassets/textures/fxgl_icon.png
07:40:25.666 [FXGL Background Thread 4 ] DEBUG FXGLAssetLoaderServi - Loading from file system: jar:file:/C:/Users/Michel/.m2/repository/com/github/almasb/fxgl/17.3/fxgl-17.3.jar!/fxglassets/ui/fonts/TerminalLandMono-Regular.otf
07:40:25.669 [FXGL Background Thread 4 ] DEBUG FXGLAssetLoaderServi - Loading from file system: jar:file:/C:/Users/Michel/.m2/repository/com/github/almasb/fxgl/17.3/fxgl-17.3.jar!/fxglassets/ui/fonts/Courier-Prime.ttf
07:40:25.682 [JavaFX Application Thread] DEBUG FXGLAssetLoaderServi - Loading from file system: jar:file:/C:/Users/Michel/.m2/repository/com/github/almasb/fxgl/17.3/fxgl-17.3.jar!/fxglassets/textures/fxgl_default_cursor.png
07:40:25.699 [JavaFX Application Thread] DEBUG Input                - Registered new binding: Screenshot - CTRL+8
07:40:25.700 [JavaFX Application Thread] DEBUG Input                - Registered new binding: System info dump - CTRL+9
07:40:25.701 [JavaFX Application Thread] DEBUG Input                - Registered new binding: Restart - CTRL+R
07:40:25.701 [JavaFX Application Thread] DEBUG Input                - Registered new binding: Toggle Debug Camera - CTRL+7
07:40:25.704 [JavaFX Application Thread] DEBUG LoopRunner           - Starting loop
07:40:25.705 [JavaFX Application Thread] DEBUG LoopRunner           - Initializing JavaFX AnimationTimerLoop
07:40:25.705 [JavaFX Application Thread] DEBUG GameApplicationServi - Starting new game
07:40:25.706 [JavaFX Application Thread] DEBUG Input                - Clearing active input actions
07:40:25.718 [JavaFX Application Thread] DEBUG GameApplicationServi - Removing overlay from FXGLStartupScene and adding to FXGLLoadingScene
07:40:25.718 [JavaFX Application Thread] DEBUG PrimaryStageWindow   - FXGLStartupScene -> FXGLLoadingScene
07:40:25.718 [JavaFX Application Thread] DEBUG GameApplicationServi - Clearing previous game
07:40:25.718 [JavaFX Application Thread] DEBUG GameScene            - Clearing game scene
07:40:25.718 [JavaFX Application Thread] DEBUG GameWorld            - Clearing game world
07:40:25.718 [JavaFX Application Thread] DEBUG PhysicsWorld         - Clearing physics world
07:40:25.720 [FXGL Background Thread 4 ] DEBUG FXGLApplication      - Initializing game
07:40:25.722 [JavaFX Application Thread] DEBUG FXGLApplication      - Registering font factories with UI factory
07:40:25.767 [JavaFX Application Thread] DEBUG LoopRunner           - Stopping loop
07:40:25.768 [JavaFX Application Thread] FATAL FXGLApplication      - Uncaught Exception:
java.lang.RuntimeException: Initialization failed
	at com.almasb.fxgl.app.FXGLApplication$InitAppTask.failed(FXGLApplication.kt:343)
	at javafx.concurrent.Task.setState(Task.java:710)
	at javafx.concurrent.Task$TaskCallable.lambda$call$2(Task.java:1429)
	at com.sun.javafx.application.PlatformImpl.lambda$runLater$10(PlatformImpl.java:456)
	at java.base/java.security.AccessController.doPrivileged(AccessController.java:400)
	at com.sun.javafx.application.PlatformImpl.lambda$runLater$11(PlatformImpl.java:455)
	at com.sun.glass.ui.InvokeLaterDispatcher$Future.run(InvokeLaterDispatcher.java:95)
	at com.sun.glass.ui.win.WinApplication._runLoop(Native Method)
	at com.sun.glass.ui.win.WinApplication.lambda$runLoop$3(WinApplication.java:185)
	at java.base/java.lang.Thread.run(Thread.java:1583)
Caused by: java.lang.NullPointerException: Input stream must not be null
	at javafx.scene.image.Image.validateInputStream(Image.java:1140)
	at javafx.scene.image.Image.<init>(Image.java:707)
	at com.restaurant.simulator.app.MainApp.initGame(MainApp.java:30)
	at com.almasb.fxgl.app.FXGLApplication$InitAppTask.initGame(FXGLApplication.kt:339)
	at com.almasb.fxgl.app.FXGLApplication$InitAppTask.call(FXGLApplication.kt:319)
	at com.almasb.fxgl.app.FXGLApplication$InitAppTask.call(FXGLApplication.kt:311)
	at javafx.concurrent.Task$TaskCallable.call(Task.java:1399)
	at java.base/java.util.concurrent.FutureTask.run(FutureTask.java:317)
	at java.base/java.util.concurrent.Executors$RunnableAdapter.call(Executors.java:572)
	at java.base/java.util.concurrent.FutureTask.run(FutureTask.java:317)
	at java.base/java.util.concurrent.ThreadPoolExecutor.runWorker(ThreadPoolExecutor.java:1144)
	at java.base/java.util.concurrent.ThreadPoolExecutor$Worker.run(ThreadPoolExecutor.java:642)
	... 1 more

07:40:25.768 [JavaFX Application Thread] FATAL FXGLApplication      - Application will now exit
07:40:25.780 [JavaFX Application Thread] DEBUG PrimaryStageWindow   - Push state: ErrorSubScene
07:40:25.780 [JavaFX Application Thread] DEBUG Input                - Clearing active input actions
07:40:25.785 [JavaFX Application Thread] DEBUG GameApplicationServi - Removing overlay from FXGLLoadingScene and adding to ErrorSubScene
07:40:25.785 [JavaFX Application Thread] DEBUG PrimaryStageWindow   - FXGLLoadingScene -> ErrorSubScene
07:40:26.107 [FXGL Background Thread 2 ] INFO  UpdaterService       - Your current version:  17.3
07:40:26.108 [FXGL Background Thread 2 ] INFO  UpdaterService       - Latest stable version: 21.1
07:40:26.921 [JavaFX Application Thread] DEBUG FXGLApplication      - Exiting FXGL
07:40:26.922 [JavaFX Application Thread] DEBUG Async                - Shutting down background threads
07:40:26.922 [JavaFX Application Thread] DEBUG PrimaryStageWindow   - Closing main window
07:40:26.935 [JavaFX Application Thread] DEBUG Logger               - Closing Logger
